

Microchip Technology PIC18 LITE Macro Assembler V1.42 build -159332390 
                                                                                               Mon Oct 23 21:05:02 2017

Microchip Technology Omniscient Code Generator v1.42 (Free mode) build 201704130522
     1                           	processor	18F45K50
     2                           	fnconf	rparam,??,?,0
     3                           	opt	pw 120
     4                           	opt	lm
     5                           	psect	nvCOMRAM,global,class=COMRAM,space=1,delta=1,noexec
     6                           	psect	smallconst,global,reloc=2,class=SMALLCONST,delta=1,noexec
     7                           	psect	cinit,global,reloc=2,class=CODE,delta=1
     8                           	psect	bssCOMRAM,global,class=COMRAM,space=1,delta=1,noexec
     9                           	psect	bssBANK0,global,class=BANK0,space=1,delta=1,lowdata,noexec
    10                           	psect	cstackBANK0,global,class=BANK0,space=1,delta=1,noexec
    11                           	psect	cstackCOMRAM,global,class=COMRAM,space=1,delta=1,noexec
    12                           	psect	text0,global,reloc=2,class=CODE,delta=1
    13                           	psect	text1,global,reloc=2,class=CODE,delta=1
    14                           	psect	text2,global,reloc=2,class=CODE,delta=1
    15                           	psect	text3,global,reloc=2,class=CODE,delta=1
    16                           	psect	text4,global,reloc=2,class=CODE,delta=1,group=1
    17                           	psect	intcodelo,global,reloc=2,class=CODE,delta=1
    18                           	psect	intcode,global,reloc=2,class=CODE,delta=1
    19                           	psect	intcode_body,global,reloc=2,class=CODE,delta=1
    20                           	psect	text7,global,reloc=2,class=CODE,delta=1
    21                           	psect	intsave_regs,global,class=BIGRAM,space=1,delta=1,noexec
    22                           	psect	rparam,global,class=COMRAM,space=1,delta=1,noexec
    23                           	psect	temp,global,ovrld,common,class=COMRAM,space=1,delta=1
    24  0000                     
    25                           ; Version 1.42
    26                           ; Generated 13/04/2017 GMT
    27                           ; 
    28                           ; Copyright © 2017, Microchip Technology Inc. and its subsidiaries ("Microchip")
    29                           ; All rights reserved.
    30                           ; 
    31                           ; This software is developed by Microchip Technology Inc. and its subsidiaries ("Microch
      +                          ip").
    32                           ; 
    33                           ; Redistribution and use in source and binary forms, with or without modification, are
    34                           ; permitted provided that the following conditions are met:
    35                           ; 
    36                           ;     1. Redistributions of source code must retain the above copyright notice, this lis
      +                          t of
    37                           ;        conditions and the following disclaimer.
    38                           ; 
    39                           ;     2. Redistributions in binary form must reproduce the above copyright notice, this 
      +                          list
    40                           ;        of conditions and the following disclaimer in the documentation and/or other
    41                           ;        materials provided with the distribution.
    42                           ; 
    43                           ;     3. Microchip's name may not be used to endorse or promote products derived from th
      +                          is
    44                           ;        software without specific prior written permission.
    45                           ; 
    46                           ; THIS SOFTWARE IS PROVIDED BY MICROCHIP "AS IS" AND ANY EXPRESS OR IMPLIED WARRANTIES,
    47                           ; INCLUDING, BUT NOT LIMITED TO, THE IMPLIED WARRANTIES OF MERCHANTABILITY AND FITNESS F
      +                          OR
    48                           ; PURPOSE ARE DISCLAIMED.  IN NO EVENT SHALL MICROCHIP BE LIABLE FOR ANY DIRECT, INDIREC
      +                          T,
    49                           ; INCIDENTAL, SPECIAL, EXEMPLARY, OR CONSEQUENTIAL DAMAGES (INCLUDING BUT NOT LIMITED TO
    50                           ; PROCUREMENT OF SUBSTITUTE GOODS OR SERVICES; LOSS OF USE, DATA OR PROFITS; OR BUSINESS
    51                           ; INTERRUPTION) HOWSOEVER CAUSED AND ON ANY THEORY OF LIABILITY, WHETHER IN CONTRACT, ST
      +                          RICT
    52                           ; LIABILITY, OR TORT (INCLUDING NEGLIGENCE OR OTHERWISE) ARISING IN ANY WAY OUT OF THE U
      +                          SE OF
    53                           ; THIS SOFTWARE, EVEN IF ADVISED OF THE POSSIBILITY OF SUCH DAMAGE.
    54                           ; 
    55                           ; 
    56                           ; Code-generator required, PIC18F45K50 Definitions
    57                           ; 
    58                           ; SFR Addresses
    59  0000                     
    60                           	psect	nvCOMRAM
    61  000032                     __pnvCOMRAM:
    62                           	opt stack 0
    63  000032                     _serial_buffer_ptr:
    64                           	opt stack 0
    65  000032                     	ds	2
    66  0000                     _ANSELC	set	3933
    67  0000                     _INTCONbits	set	4082
    68  0000                     _PIR1bits	set	3998
    69  0000                     _RCREG1	set	4014
    70  0000                     _TXREG1	set	4013
    71  0000                     _PIE1bits	set	3997
    72  0000                     _RCSTA1bits	set	4011
    73  0000                     _TXSTA1bits	set	4012
    74  0000                     _SPBRG1	set	4015
    75  0000                     _SPBRGH1	set	4016
    76  0000                     _BAUDCON1bits	set	4024
    77  0000                     _TRISCbits	set	3988
    78                           
    79                           	psect	smallconst
    80  0010AA                     __psmallconst:
    81                           	opt stack 0
    82  0010AA  00                 	db	0
    83  0010AB                     STR_3:
    84  0010AB  55                 	db	85	;'U'
    85  0010AC  4E                 	db	78	;'N'
    86  0010AD  4B                 	db	75	;'K'
    87  0010AE  20                 	db	32
    88  0010AF  45                 	db	69	;'E'
    89  0010B0  52                 	db	82	;'R'
    90  0010B1  52                 	db	82	;'R'
    91  0010B2  4F                 	db	79	;'O'
    92  0010B3  52                 	db	82	;'R'
    93  0010B4  00                 	db	0
    94  0010B5                     STR_1:
    95  0010B5  4E                 	db	78	;'N'
    96  0010B6  4F                 	db	79	;'O'
    97  0010B7  20                 	db	32
    98  0010B8  53                 	db	83	;'S'
    99  0010B9  4F                 	db	79	;'O'
   100  0010BA  48                 	db	72	;'H'
   101  0010BB  00                 	db	0
   102  0010BC                     STR_2:
   103  0010BC  4E                 	db	78	;'N'
   104  0010BD  4F                 	db	79	;'O'
   105  0010BE  20                 	db	32
   106  0010BF  45                 	db	69	;'E'
   107  0010C0  4F                 	db	79	;'O'
   108  0010C1  54                 	db	84	;'T'
   109  0010C2  00                 	db	0
   110  0010C3  00                 	db	0	; dummy byte at the end
   111  0000                     
   112                           ; #config settings
   113                           
   114                           	psect	cinit
   115  001458                     __pcinit:
   116                           	opt stack 0
   117  001458                     start_initialization:
   118                           	opt stack 0
   119  001458                     __initialization:
   120                           	opt stack 0
   121                           
   122                           ; Clear objects allocated to BANK0 (70 bytes)
   123  001458  EE00  F060         	lfsr	0,__pbssBANK0
   124  00145C  0E46               	movlw	70
   125  00145E                     clear_0:
   126  00145E  6AEE               	clrf	postinc0,c
   127  001460  06E8               	decf	wreg,f,c
   128  001462  E1FD               	bnz	clear_0
   129                           
   130                           ; Clear objects allocated to COMRAM (1 bytes)
   131  001464  6A34               	clrf	__pbssCOMRAM& (0+255),c
   132  001466                     end_of_initialization:
   133                           	opt stack 0
   134  001466                     __end_of__initialization:
   135                           	opt stack 0
   136  001466  9035               	bcf	int$flags,0,c	;clear compiler interrupt flag (level 1)
   137  001468  9235               	bcf	int$flags,1,c	;clear compiler interrupt flag (level 2)
   138  00146A  0E00               	movlw	low (__Lsmallconst shr (0+16))
   139  00146C  6EF8               	movwf	tblptru,c
   140  00146E  0E10               	movlw	high __Lsmallconst
   141  001470  6EF7               	movwf	tblptrh,c
   142  001472  0100               	movlb	0
   143  001474  EFAA  F009         	goto	_main	;jump to C main() function
   144                           tblptru	equ	0xFF8
   145                           tblptrh	equ	0xFF7
   146                           postinc0	equ	0xFEE
   147                           wreg	equ	0xFE8
   148                           
   149                           	psect	bssCOMRAM
   150  000034                     __pbssCOMRAM:
   151                           	opt stack 0
   152  000034                     _SERIAL_AVAILABLE:
   153                           	opt stack 0
   154  000034                     	ds	1
   155                           tblptru	equ	0xFF8
   156                           tblptrh	equ	0xFF7
   157                           postinc0	equ	0xFEE
   158                           wreg	equ	0xFE8
   159                           
   160                           	psect	bssBANK0
   161  000060                     __pbssBANK0:
   162                           	opt stack 0
   163  000060                     _SERIAL_BUFFER:
   164                           	opt stack 0
   165  000060                     	ds	70
   166                           tblptru	equ	0xFF8
   167                           tblptrh	equ	0xFF7
   168                           postinc0	equ	0xFEE
   169                           wreg	equ	0xFE8
   170                           
   171                           	psect	cstackBANK0
   172  0000A6                     __pcstackBANK0:
   173                           	opt stack 0
   174  0000A6                     ___aldiv@counter:
   175                           	opt stack 0
   176                           
   177                           ; 1 bytes @ 0x0
   178  0000A6                     	ds	1
   179  0000A7                     ___aldiv@sign:
   180                           	opt stack 0
   181                           
   182                           ; 1 bytes @ 0x1
   183  0000A7                     	ds	1
   184  0000A8                     ___aldiv@quotient:
   185                           	opt stack 0
   186                           
   187                           ; 4 bytes @ 0x2
   188  0000A8                     	ds	4
   189  0000AC                     _serial_config$1072:
   190                           	opt stack 0
   191                           
   192                           ; 4 bytes @ 0x6
   193  0000AC                     	ds	4
   194  0000B0                     serial_config@temp:
   195                           	opt stack 0
   196                           
   197                           ; 2 bytes @ 0xA
   198  0000B0                     	ds	2
   199                           tblptru	equ	0xFF8
   200                           tblptrh	equ	0xFF7
   201                           postinc0	equ	0xFEE
   202                           wreg	equ	0xFE8
   203                           
   204                           	psect	cstackCOMRAM
   205  000001                     __pcstackCOMRAM:
   206                           	opt stack 0
   207  000001                     serial_read_msg@msg_to_receive:
   208                           	opt stack 0
   209                           
   210                           ; 2 bytes @ 0x0
   211  000001                     	ds	2
   212  000003                     serial_read_msg@soh:
   213                           	opt stack 0
   214                           
   215                           ; 1 bytes @ 0x2
   216  000003                     	ds	1
   217  000004                     serial_read_msg@eot:
   218                           	opt stack 0
   219                           
   220                           ; 1 bytes @ 0x3
   221  000004                     	ds	1
   222  000005                     
   223                           ; 1 bytes @ 0x4
   224  000005                     	ds	1
   225  000006                     serial_read_msg@i:
   226                           	opt stack 0
   227                           
   228                           ; 1 bytes @ 0x5
   229  000006                     	ds	1
   230  000007                     serial_read_msg@temp_eot:
   231                           	opt stack 0
   232                           
   233                           ; 1 bytes @ 0x6
   234  000007                     	ds	1
   235  000008                     serial_read_msg@temp_soh:
   236                           	opt stack 0
   237                           
   238                           ; 1 bytes @ 0x7
   239  000008                     	ds	1
   240  000009                     ??_high_isr:
   241                           
   242                           ; 1 bytes @ 0x8
   243  000009                     	ds	14
   244  000017                     ??_low_isr:
   245                           
   246                           ; 1 bytes @ 0x16
   247  000017                     	ds	17
   248  000028                     ?___aldiv:
   249                           	opt stack 0
   250  000028                     serial_send_msg@msg_to_send:
   251                           	opt stack 0
   252  000028                     serial_send_string@string_to_send:
   253                           	opt stack 0
   254  000028                     ___aldiv@dividend:
   255                           	opt stack 0
   256                           
   257                           ; 4 bytes @ 0x27
   258  000028                     	ds	2
   259  00002A                     serial_send_msg@soh:
   260                           	opt stack 0
   261                           
   262                           ; 1 bytes @ 0x29
   263  00002A                     	ds	1
   264  00002B                     serial_send_msg@eot:
   265                           	opt stack 0
   266                           
   267                           ; 1 bytes @ 0x2A
   268  00002B                     	ds	1
   269  00002C                     ___aldiv@divisor:
   270                           	opt stack 0
   271                           
   272                           ; 4 bytes @ 0x2B
   273  00002C                     	ds	1
   274  00002D                     serial_send_msg@i:
   275                           	opt stack 0
   276                           
   277                           ; 1 bytes @ 0x2C
   278  00002D                     	ds	3
   279  000030                     serial_config@baud_rate:
   280                           	opt stack 0
   281                           
   282                           ; 2 bytes @ 0x2F
   283  000030                     	ds	2
   284  000032                     tblptru	equ	0xFF8
   285                           tblptrh	equ	0xFF7
   286                           postinc0	equ	0xFEE
   287                           wreg	equ	0xFE8
   288                           
   289                           ; 1 bytes @ 0x31
   290 ;;
   291 ;;Main: autosize = 0, tempsize = 0, incstack = 0, save=0
   292 ;;
   293 ;; *************** function _main *****************
   294 ;; Defined at:
   295 ;;		line 28 in file "serial.c"
   296 ;; Parameters:    Size  Location     Type
   297 ;;		None
   298 ;; Auto vars:     Size  Location     Type
   299 ;;		None
   300 ;; Return value:  Size  Location     Type
   301 ;;                  1    wreg      void 
   302 ;; Registers used:
   303 ;;		wreg, fsr2l, fsr2h, status,2, status,0, tblptrl, tblptrh, tblptru, cstack
   304 ;; Tracked objects:
   305 ;;		On entry : 0/0
   306 ;;		On exit  : 0/0
   307 ;;		Unchanged: 0/0
   308 ;; Data sizes:     COMRAM   BANK0   BANK1   BANK2   BANK3   BANK4   BANK5   BANK6   BANK7
   309 ;;      Params:         0       0       0       0       0       0       0       0       0
   310 ;;      Locals:         0       0       0       0       0       0       0       0       0
   311 ;;      Temps:          0       0       0       0       0       0       0       0       0
   312 ;;      Totals:         0       0       0       0       0       0       0       0       0
   313 ;;Total ram usage:        0 bytes
   314 ;; Hardware stack levels required when called:    5
   315 ;; This function calls:
   316 ;;		_serial_config
   317 ;;		_serial_send_msg
   318 ;;		_serial_send_string
   319 ;; This function is called by:
   320 ;;		Startup code after reset
   321 ;; This function uses a non-reentrant model
   322 ;;
   323                           
   324                           	psect	text0
   325  001354                     __ptext0:
   326                           	opt stack 0
   327  001354                     _main:
   328                           	opt stack 26
   329                           
   330                           ;serial.c: 30: serial_buffer_ptr = &SERIAL_BUFFER;
   331                           
   332                           ;incstack = 0
   333  001354  0E60               	movlw	low _SERIAL_BUFFER
   334  001356  6E32               	movwf	_serial_buffer_ptr,c
   335  001358  0E00               	movlw	high _SERIAL_BUFFER
   336  00135A  6E33               	movwf	_serial_buffer_ptr+1,c
   337                           
   338                           ;serial.c: 31: serial_config(9600);
   339  00135C  0E25               	movlw	37
   340  00135E  6E31               	movwf	serial_config@baud_rate+1,c
   341  001360  0E80               	movlw	128
   342  001362  6E30               	movwf	serial_config@baud_rate,c
   343  001364  ECD4  F008         	call	_serial_config	;wreg free
   344                           
   345                           ;serial.c: 32: INTCONbits.PEIE = 1;
   346  001368  8CF2               	bsf	intcon,6,c	;volatile
   347                           
   348                           ;serial.c: 33: INTCONbits.GIE = 1;
   349  00136A  8EF2               	bsf	intcon,7,c	;volatile
   350  00136C                     l1198:
   351                           
   352                           ;serial.c: 36: if (SERIAL_AVAILABLE > 0){
   353  00136C  5034               	movf	_SERIAL_AVAILABLE,w,c
   354  00136E  0A80               	xorlw	128
   355  001370  0F7F               	addlw	-129
   356  001372  A0D8               	btfss	status,0,c
   357  001374  D00B               	goto	l1202
   358                           
   359                           ;serial.c: 37: SERIAL_AVAILABLE = serial_send_msg(serial_buffer_ptr, 0x01, 0x04);
   360  001376  C032  F028         	movff	_serial_buffer_ptr,serial_send_msg@msg_to_send
   361  00137A  C033  F029         	movff	_serial_buffer_ptr+1,serial_send_msg@msg_to_send+1
   362  00137E  0E01               	movlw	1
   363  001380  6E2A               	movwf	serial_send_msg@soh,c
   364  001382  0E04               	movlw	4
   365  001384  6E2B               	movwf	serial_send_msg@eot,c
   366  001386  ECE7  F009         	call	_serial_send_msg	;wreg free
   367  00138A  D01F               	goto	L3
   368  00138C                     l1202:
   369                           
   370                           ;serial.c: 39: else if (SERIAL_AVAILABLE == -1){
   371  00138C  2834               	incf	_SERIAL_AVAILABLE,w,c
   372  00138E  A4D8               	btfss	status,2,c
   373  001390  D007               	goto	l1206
   374                           
   375                           ;serial.c: 40: SERIAL_AVAILABLE = serial_send_string("NO SOH");
   376  001392  0EB5               	movlw	low STR_1
   377  001394  6E28               	movwf	serial_send_string@string_to_send,c
   378  001396  0E10               	movlw	high STR_1
   379  001398  6E29               	movwf	serial_send_string@string_to_send+1,c
   380  00139A  EC13  F00A         	call	_serial_send_string	;wreg free
   381  00139E  D015               	goto	L3
   382  0013A0                     l1206:
   383                           
   384                           ;serial.c: 42: else if (SERIAL_AVAILABLE == -2){
   385  0013A0  0EFE               	movlw	254
   386  0013A2  1834               	xorwf	_SERIAL_AVAILABLE,w,c
   387  0013A4  A4D8               	btfss	status,2,c
   388  0013A6  D007               	goto	l1210
   389                           
   390                           ;serial.c: 43: SERIAL_AVAILABLE = serial_send_string("NO EOT");
   391  0013A8  0EBC               	movlw	low STR_2
   392  0013AA  6E28               	movwf	serial_send_string@string_to_send,c
   393  0013AC  0E10               	movlw	high STR_2
   394  0013AE  6E29               	movwf	serial_send_string@string_to_send+1,c
   395  0013B0  EC13  F00A         	call	_serial_send_string	;wreg free
   396  0013B4  D00A               	goto	L3
   397  0013B6                     l1210:
   398                           
   399                           ;serial.c: 45: else if (SERIAL_AVAILABLE == -3){
   400  0013B6  0EFD               	movlw	253
   401  0013B8  1834               	xorwf	_SERIAL_AVAILABLE,w,c
   402  0013BA  A4D8               	btfss	status,2,c
   403  0013BC  D7D7               	goto	l1198
   404                           
   405                           ;serial.c: 46: SERIAL_AVAILABLE = serial_send_string("UNK ERROR");
   406  0013BE  0EAB               	movlw	low STR_3
   407  0013C0  6E28               	movwf	serial_send_string@string_to_send,c
   408  0013C2  0E10               	movlw	high STR_3
   409  0013C4  6E29               	movwf	serial_send_string@string_to_send+1,c
   410  0013C6  EC13  F00A         	call	_serial_send_string	;wreg free
   411  0013CA                     L3:
   412  0013CA  6E34               	movwf	_SERIAL_AVAILABLE,c
   413  0013CC  D7CF               	goto	l1198
   414  0013CE                     __end_of_main:
   415                           	opt stack 0
   416                           tblptru	equ	0xFF8
   417                           tblptrh	equ	0xFF7
   418                           intcon	equ	0xFF2
   419                           postinc0	equ	0xFEE
   420                           wreg	equ	0xFE8
   421                           status	equ	0xFD8
   422                           
   423 ;; *************** function _serial_send_string *****************
   424 ;; Defined at:
   425 ;;		line 170 in file "serial.h"
   426 ;; Parameters:    Size  Location     Type
   427 ;;  string_to_se    2   39[COMRAM] PTR unsigned char 
   428 ;;		 -> STR_3(10), STR_2(7), STR_1(7), 
   429 ;; Auto vars:     Size  Location     Type
   430 ;;		None
   431 ;; Return value:  Size  Location     Type
   432 ;;                  1    wreg      unsigned char 
   433 ;; Registers used:
   434 ;;		wreg, status,2, status,0, tblptrl, tblptrh, tblptru
   435 ;; Tracked objects:
   436 ;;		On entry : 0/0
   437 ;;		On exit  : 0/0
   438 ;;		Unchanged: 0/0
   439 ;; Data sizes:     COMRAM   BANK0   BANK1   BANK2   BANK3   BANK4   BANK5   BANK6   BANK7
   440 ;;      Params:         2       0       0       0       0       0       0       0       0
   441 ;;      Locals:         0       0       0       0       0       0       0       0       0
   442 ;;      Temps:          0       0       0       0       0       0       0       0       0
   443 ;;      Totals:         2       0       0       0       0       0       0       0       0
   444 ;;Total ram usage:        2 bytes
   445 ;; Hardware stack levels used:    1
   446 ;; Hardware stack levels required when called:    3
   447 ;; This function calls:
   448 ;;		Nothing
   449 ;; This function is called by:
   450 ;;		_main
   451 ;; This function uses a non-reentrant model
   452 ;;
   453                           
   454                           	psect	text1
   455  001426                     __ptext1:
   456                           	opt stack 0
   457  001426                     _serial_send_string:
   458                           	opt stack 27
   459                           
   460                           ;serial.h: 172: while (*string_to_send != '\0'){
   461                           
   462                           ;incstack = 0
   463  001426  D00B               	goto	l1080
   464  001428                     l1076:
   465                           
   466                           ;serial.h: 173: TXREG1 = *string_to_send;
   467  001428  C028  FFF6         	movff	serial_send_string@string_to_send,tblptrl
   468  00142C  C029  FFF7         	movff	serial_send_string@string_to_send+1,tblptrh
   469  001430                     	if	0	;tblptru may be non-zero
   470  001430                     	endif
   471  001430                     	if	0	;tblptru may be non-zero
   472  001430                     	endif
   473  001430  0008               	tblrd		*
   474  001432  CFF5 FFAD          	movff	tablat,4013	;volatile
   475  001436                     l72:
   476  001436  A2AC               	btfss	4012,1,c	;volatile
   477  001438  D7FE               	goto	l72
   478                           
   479                           ;serial.h: 175: *(string_to_send++);
   480  00143A  4A28               	infsnz	serial_send_string@string_to_send,f,c
   481  00143C  2A29               	incf	serial_send_string@string_to_send+1,f,c
   482  00143E                     l1080:
   483  00143E  C028  FFF6         	movff	serial_send_string@string_to_send,tblptrl
   484  001442  C029  FFF7         	movff	serial_send_string@string_to_send+1,tblptrh
   485  001446                     	if	0	;tblptru may be non-zero
   486  001446                     	endif
   487  001446                     	if	0	;tblptru may be non-zero
   488  001446                     	endif
   489  001446  0008               	tblrd		*
   490  001448  50F5               	movf	tablat,w,c
   491  00144A  0900               	iorlw	0
   492  00144C  A4D8               	btfss	status,2,c
   493  00144E  D7EC               	goto	l1076
   494                           
   495                           ;serial.h: 176: }
   496                           ;serial.h: 177: PIR1bits.RCIF = 0;
   497  001450  9A9E               	bcf	3998,5,c	;volatile
   498                           
   499                           ;serial.h: 178: INTCONbits.GIE = 1;
   500  001452  8EF2               	bsf	intcon,7,c	;volatile
   501                           
   502                           ;serial.h: 179: return 0;
   503  001454  0E00               	movlw	0
   504  001456  0012               	return	
   505  001458                     __end_of_serial_send_string:
   506                           	opt stack 0
   507                           tblptru	equ	0xFF8
   508                           tblptrh	equ	0xFF7
   509                           tblptrl	equ	0xFF6
   510                           tablat	equ	0xFF5
   511                           intcon	equ	0xFF2
   512                           postinc0	equ	0xFEE
   513                           wreg	equ	0xFE8
   514                           status	equ	0xFD8
   515                           
   516 ;; *************** function _serial_send_msg *****************
   517 ;; Defined at:
   518 ;;		line 143 in file "serial.h"
   519 ;; Parameters:    Size  Location     Type
   520 ;;  msg_to_send     2   39[COMRAM] PTR unsigned char 
   521 ;;		 -> NULL(0), SERIAL_BUFFER(70), 
   522 ;;  soh             1   41[COMRAM] unsigned char 
   523 ;;  eot             1   42[COMRAM] unsigned char 
   524 ;; Auto vars:     Size  Location     Type
   525 ;;  i               1   44[COMRAM] unsigned char 
   526 ;; Return value:  Size  Location     Type
   527 ;;                  1    wreg      unsigned char 
   528 ;; Registers used:
   529 ;;		wreg, fsr2l, fsr2h, status,2, status,0
   530 ;; Tracked objects:
   531 ;;		On entry : 0/0
   532 ;;		On exit  : 0/0
   533 ;;		Unchanged: 0/0
   534 ;; Data sizes:     COMRAM   BANK0   BANK1   BANK2   BANK3   BANK4   BANK5   BANK6   BANK7
   535 ;;      Params:         4       0       0       0       0       0       0       0       0
   536 ;;      Locals:         1       0       0       0       0       0       0       0       0
   537 ;;      Temps:          1       0       0       0       0       0       0       0       0
   538 ;;      Totals:         6       0       0       0       0       0       0       0       0
   539 ;;Total ram usage:        6 bytes
   540 ;; Hardware stack levels used:    1
   541 ;; Hardware stack levels required when called:    3
   542 ;; This function calls:
   543 ;;		Nothing
   544 ;; This function is called by:
   545 ;;		_main
   546 ;; This function uses a non-reentrant model
   547 ;;
   548                           
   549                           	psect	text2
   550  0013CE                     __ptext2:
   551                           	opt stack 0
   552  0013CE                     _serial_send_msg:
   553                           	opt stack 27
   554                           
   555                           ;serial.h: 145: unsigned char i = 0;
   556                           
   557                           ;incstack = 0
   558  0013CE  0E00               	movlw	0
   559  0013D0  6E2D               	movwf	serial_send_msg@i,c
   560                           
   561                           ;serial.h: 147: while((*msg_to_send != soh) && (i < 70)){
   562  0013D2  D003               	goto	l1056
   563  0013D4                     l1054:
   564                           
   565                           ;serial.h: 148: *(msg_to_send++);
   566  0013D4  4A28               	infsnz	serial_send_msg@msg_to_send,f,c
   567  0013D6  2A29               	incf	serial_send_msg@msg_to_send+1,f,c
   568                           
   569                           ;serial.h: 149: i++;
   570  0013D8  2A2D               	incf	serial_send_msg@i,f,c
   571  0013DA                     l1056:
   572  0013DA  C028  FFD9         	movff	serial_send_msg@msg_to_send,fsr2l
   573  0013DE  C029  FFDA         	movff	serial_send_msg@msg_to_send+1,fsr2h
   574  0013E2  502A               	movf	serial_send_msg@soh,w,c
   575  0013E4  18DE               	xorwf	postinc2,w,c
   576  0013E6  B4D8               	btfsc	status,2,c
   577  0013E8  D00C               	goto	l1064
   578  0013EA  0E45               	movlw	69
   579  0013EC  642D               	cpfsgt	serial_send_msg@i,c
   580  0013EE  D7F2               	goto	l1054
   581  0013F0  D008               	goto	l1064
   582  0013F2                     l1062:
   583                           
   584                           ;serial.h: 155: TXREG1 = *msg_to_send;
   585  0013F2  C028  FFD9         	movff	serial_send_msg@msg_to_send,fsr2l
   586  0013F6  C029  FFDA         	movff	serial_send_msg@msg_to_send+1,fsr2h
   587  0013FA  50DF               	movf	indf2,w,c
   588  0013FC  6EAD               	movwf	4013,c	;volatile
   589  0013FE                     l61:
   590  0013FE  A2AC               	btfss	4012,1,c	;volatile
   591  001400  D7FE               	goto	l61
   592  001402                     l1064:
   593                           
   594                           ;serial.h: 157: *(msg_to_send++);
   595  001402  4A28               	infsnz	serial_send_msg@msg_to_send,f,c
   596  001404  2A29               	incf	serial_send_msg@msg_to_send+1,f,c
   597                           
   598                           ;serial.h: 158: i++;
   599  001406  2A2D               	incf	serial_send_msg@i,f,c
   600  001408  C028  FFD9         	movff	serial_send_msg@msg_to_send,fsr2l
   601  00140C  C029  FFDA         	movff	serial_send_msg@msg_to_send+1,fsr2h
   602  001410  502B               	movf	serial_send_msg@eot,w,c
   603  001412  18DE               	xorwf	postinc2,w,c
   604  001414  B4D8               	btfsc	status,2,c
   605  001416  D003               	goto	l66
   606  001418  0E45               	movlw	69
   607  00141A  642D               	cpfsgt	serial_send_msg@i,c
   608  00141C  D7EA               	goto	l1062
   609  00141E                     l66:
   610                           
   611                           ;serial.h: 159: }
   612                           ;serial.h: 160: PIR1bits.RCIF = 0;
   613  00141E  9A9E               	bcf	3998,5,c	;volatile
   614                           
   615                           ;serial.h: 161: INTCONbits.GIE = 1;
   616  001420  8EF2               	bsf	intcon,7,c	;volatile
   617                           
   618                           ;serial.h: 162: return 0;
   619  001422  0E00               	movlw	0
   620  001424  0012               	return	
   621  001426                     __end_of_serial_send_msg:
   622                           	opt stack 0
   623                           tblptru	equ	0xFF8
   624                           tblptrh	equ	0xFF7
   625                           tblptrl	equ	0xFF6
   626                           tablat	equ	0xFF5
   627                           intcon	equ	0xFF2
   628                           postinc0	equ	0xFEE
   629                           wreg	equ	0xFE8
   630                           indf2	equ	0xFDF
   631                           postinc2	equ	0xFDE
   632                           fsr2h	equ	0xFDA
   633                           fsr2l	equ	0xFD9
   634                           status	equ	0xFD8
   635                           
   636 ;; *************** function _serial_config *****************
   637 ;; Defined at:
   638 ;;		line 32 in file "serial.h"
   639 ;; Parameters:    Size  Location     Type
   640 ;;  baud_rate       2   47[COMRAM] unsigned int 
   641 ;; Auto vars:     Size  Location     Type
   642 ;;  temp            2   10[BANK0 ] unsigned int 
   643 ;; Return value:  Size  Location     Type
   644 ;;                  1    wreg      void 
   645 ;; Registers used:
   646 ;;		wreg, status,2, status,0, cstack
   647 ;; Tracked objects:
   648 ;;		On entry : 0/0
   649 ;;		On exit  : 0/0
   650 ;;		Unchanged: 0/0
   651 ;; Data sizes:     COMRAM   BANK0   BANK1   BANK2   BANK3   BANK4   BANK5   BANK6   BANK7
   652 ;;      Params:         2       0       0       0       0       0       0       0       0
   653 ;;      Locals:         0       6       0       0       0       0       0       0       0
   654 ;;      Temps:          0       0       0       0       0       0       0       0       0
   655 ;;      Totals:         2       6       0       0       0       0       0       0       0
   656 ;;Total ram usage:        8 bytes
   657 ;; Hardware stack levels used:    1
   658 ;; Hardware stack levels required when called:    4
   659 ;; This function calls:
   660 ;;		___aldiv
   661 ;; This function is called by:
   662 ;;		_main
   663 ;; This function uses a non-reentrant model
   664 ;;
   665                           
   666                           	psect	text3
   667  0011A8                     __ptext3:
   668                           	opt stack 0
   669  0011A8                     _serial_config:
   670                           	opt stack 26
   671                           
   672                           ;serial.h: 34: unsigned int temp = 0;
   673                           
   674                           ;incstack = 0
   675  0011A8  0E00               	movlw	0
   676  0011AA  0100               	movlb	0	; () banked
   677  0011AC  6FB1               	movwf	(serial_config@temp+1)& (0+255),b
   678  0011AE  0E00               	movlw	0
   679  0011B0  6FB0               	movwf	serial_config@temp& (0+255),b
   680                           
   681                           ; BSR set to: 0
   682                           ;serial.h: 35: temp = ((16000000 / baud_rate) / 64) - 1;
   683  0011B2  C030  F02C         	movff	serial_config@baud_rate,___aldiv@divisor
   684  0011B6  C031  F02D         	movff	serial_config@baud_rate+1,___aldiv@divisor+1
   685  0011BA  6A2E               	clrf	___aldiv@divisor+2,c
   686  0011BC  6A2F               	clrf	___aldiv@divisor+3,c
   687  0011BE  0E00               	movlw	0
   688  0011C0  6E28               	movwf	___aldiv@dividend,c
   689  0011C2  0E24               	movlw	36
   690  0011C4  6E29               	movwf	___aldiv@dividend+1,c
   691  0011C6  0EF4               	movlw	244
   692  0011C8  6E2A               	movwf	___aldiv@dividend+2,c
   693  0011CA  0E00               	movlw	0
   694  0011CC  6E2B               	movwf	___aldiv@dividend+3,c
   695  0011CE  EC62  F008         	call	___aldiv	;wreg free
   696  0011D2  C028  F0AC         	movff	?___aldiv,_serial_config$1072
   697  0011D6  C029  F0AD         	movff	?___aldiv+1,_serial_config$1072+1
   698  0011DA  C02A  F0AE         	movff	?___aldiv+2,_serial_config$1072+2
   699  0011DE  C02B  F0AF         	movff	?___aldiv+3,_serial_config$1072+3
   700                           
   701                           ;serial.h: 35: temp = ((16000000 / baud_rate) / 64) - 1;
   702  0011E2  C0AC  F028         	movff	_serial_config$1072,___aldiv@dividend
   703  0011E6  C0AD  F029         	movff	_serial_config$1072+1,___aldiv@dividend+1
   704  0011EA  C0AE  F02A         	movff	_serial_config$1072+2,___aldiv@dividend+2
   705  0011EE  C0AF  F02B         	movff	_serial_config$1072+3,___aldiv@dividend+3
   706  0011F2  0E40               	movlw	64
   707  0011F4  6E2C               	movwf	___aldiv@divisor,c
   708  0011F6  0E00               	movlw	0
   709  0011F8  6E2D               	movwf	___aldiv@divisor+1,c
   710  0011FA  0E00               	movlw	0
   711  0011FC  6E2E               	movwf	___aldiv@divisor+2,c
   712  0011FE  0E00               	movlw	0
   713  001200  6E2F               	movwf	___aldiv@divisor+3,c
   714  001202  EC62  F008         	call	___aldiv	;wreg free
   715  001206  0EFF               	movlw	255
   716  001208  2428               	addwf	?___aldiv,w,c
   717  00120A  0100               	movlb	0	; () banked
   718  00120C  6FB0               	movwf	serial_config@temp& (0+255),b
   719  00120E  0EFF               	movlw	255
   720  001210  2029               	addwfc	?___aldiv+1,w,c
   721  001212  0100               	movlb	0	; () banked
   722  001214  6FB1               	movwf	(serial_config@temp+1)& (0+255),b
   723                           
   724                           ;serial.h: 38: ANSELC = 0;
   725  001216  0E00               	movlw	0
   726  001218  010F               	movlb	15	; () banked
   727  00121A  6F5D               	movwf	93,b	;volatile
   728                           
   729                           ; BSR set to: 15
   730                           ;serial.h: 41: TRISCbits.TRISC6 = 0;
   731  00121C  9C94               	bcf	3988,6,c	;volatile
   732                           
   733                           ; BSR set to: 15
   734                           ;serial.h: 42: TRISCbits.TRISC7 = 1;
   735  00121E  8E94               	bsf	3988,7,c	;volatile
   736                           
   737                           ; BSR set to: 15
   738                           ;serial.h: 45: BAUDCON1bits.TXCKP = 0;
   739  001220  98B8               	bcf	4024,4,c	;volatile
   740                           
   741                           ; BSR set to: 15
   742                           ;serial.h: 46: BAUDCON1bits.RXDTP = 0;
   743  001222  9AB8               	bcf	4024,5,c	;volatile
   744                           
   745                           ; BSR set to: 15
   746                           ;serial.h: 47: BAUDCON1bits.BRG16 = 0;
   747  001224  96B8               	bcf	4024,3,c	;volatile
   748                           
   749                           ;serial.h: 50: SPBRGH1 = temp / 256;
   750  001226  0100               	movlb	0	; () banked
   751  001228  51B1               	movf	(serial_config@temp+1)& (0+255),w,b
   752  00122A  6EB0               	movwf	4016,c	;volatile
   753                           
   754                           ; BSR set to: 0
   755                           ;serial.h: 51: SPBRG1 = temp;
   756  00122C  C0B0  FFAF         	movff	serial_config@temp,4015	;volatile
   757                           
   758                           ; BSR set to: 0
   759                           ;serial.h: 54: TXSTA1bits.BRGH = 0;
   760  001230  94AC               	bcf	4012,2,c	;volatile
   761                           
   762                           ; BSR set to: 0
   763                           ;serial.h: 55: TXSTA1bits.SYNC = 0;
   764  001232  98AC               	bcf	4012,4,c	;volatile
   765                           
   766                           ; BSR set to: 0
   767                           ;serial.h: 56: TXSTA1bits.TXEN = 1;
   768  001234  8AAC               	bsf	4012,5,c	;volatile
   769                           
   770                           ; BSR set to: 0
   771                           ;serial.h: 59: RCSTA1bits.CREN = 1;
   772  001236  88AB               	bsf	4011,4,c	;volatile
   773                           
   774                           ; BSR set to: 0
   775                           ;serial.h: 60: RCSTA1bits.SPEN = 1;
   776  001238  8EAB               	bsf	4011,7,c	;volatile
   777                           
   778                           ; BSR set to: 0
   779                           ;serial.h: 63: PIE1bits.RCIE = 1;
   780  00123A  8A9D               	bsf	3997,5,c	;volatile
   781                           
   782                           ; BSR set to: 0
   783                           ;serial.h: 64: PIE1bits.TXIE = 0;
   784  00123C  989D               	bcf	3997,4,c	;volatile
   785                           
   786                           ; BSR set to: 0
   787  00123E  0012               	return		;funcret
   788  001240                     __end_of_serial_config:
   789                           	opt stack 0
   790                           tblptru	equ	0xFF8
   791                           tblptrh	equ	0xFF7
   792                           tblptrl	equ	0xFF6
   793                           tablat	equ	0xFF5
   794                           intcon	equ	0xFF2
   795                           postinc0	equ	0xFEE
   796                           wreg	equ	0xFE8
   797                           indf2	equ	0xFDF
   798                           postinc2	equ	0xFDE
   799                           fsr2h	equ	0xFDA
   800                           fsr2l	equ	0xFD9
   801                           status	equ	0xFD8
   802                           
   803 ;; *************** function ___aldiv *****************
   804 ;; Defined at:
   805 ;;		line 8 in file "C:\Program Files (x86)\Microchip\xc8\v1.42\sources\common\aldiv.c"
   806 ;; Parameters:    Size  Location     Type
   807 ;;  dividend        4   39[COMRAM] long 
   808 ;;  divisor         4   43[COMRAM] long 
   809 ;; Auto vars:     Size  Location     Type
   810 ;;  quotient        4    2[BANK0 ] long 
   811 ;;  sign            1    1[BANK0 ] unsigned char 
   812 ;;  counter         1    0[BANK0 ] unsigned char 
   813 ;; Return value:  Size  Location     Type
   814 ;;                  4   39[COMRAM] long 
   815 ;; Registers used:
   816 ;;		wreg, status,2, status,0
   817 ;; Tracked objects:
   818 ;;		On entry : 0/0
   819 ;;		On exit  : 0/0
   820 ;;		Unchanged: 0/0
   821 ;; Data sizes:     COMRAM   BANK0   BANK1   BANK2   BANK3   BANK4   BANK5   BANK6   BANK7
   822 ;;      Params:         8       0       0       0       0       0       0       0       0
   823 ;;      Locals:         0       6       0       0       0       0       0       0       0
   824 ;;      Temps:          0       0       0       0       0       0       0       0       0
   825 ;;      Totals:         8       6       0       0       0       0       0       0       0
   826 ;;Total ram usage:       14 bytes
   827 ;; Hardware stack levels used:    1
   828 ;; Hardware stack levels required when called:    3
   829 ;; This function calls:
   830 ;;		Nothing
   831 ;; This function is called by:
   832 ;;		_serial_config
   833 ;; This function uses a non-reentrant model
   834 ;;
   835                           
   836                           	psect	text4
   837  0010C4                     __ptext4:
   838                           	opt stack 0
   839  0010C4                     ___aldiv:
   840                           	opt stack 26
   841                           
   842                           ; BSR set to: 0
   843                           ;incstack = 0
   844  0010C4  0E00               	movlw	0
   845  0010C6  0100               	movlb	0	; () banked
   846  0010C8  6FA7               	movwf	___aldiv@sign& (0+255),b
   847                           
   848                           ; BSR set to: 0
   849  0010CA  AE2F               	btfss	___aldiv@divisor+3,7,c
   850  0010CC  D00B               	goto	l1122
   851                           
   852                           ; BSR set to: 0
   853  0010CE  1E2F               	comf	___aldiv@divisor+3,f,c
   854  0010D0  1E2E               	comf	___aldiv@divisor+2,f,c
   855  0010D2  1E2D               	comf	___aldiv@divisor+1,f,c
   856  0010D4  6C2C               	negf	___aldiv@divisor,c
   857  0010D6  0E00               	movlw	0
   858  0010D8  222D               	addwfc	___aldiv@divisor+1,f,c
   859  0010DA  222E               	addwfc	___aldiv@divisor+2,f,c
   860  0010DC  222F               	addwfc	___aldiv@divisor+3,f,c
   861                           
   862                           ; BSR set to: 0
   863  0010DE  0E01               	movlw	1
   864  0010E0  0100               	movlb	0	; () banked
   865  0010E2  6FA7               	movwf	___aldiv@sign& (0+255),b
   866  0010E4                     l1122:
   867                           
   868                           ; BSR set to: 0
   869  0010E4  AE2B               	btfss	___aldiv@dividend+3,7,c
   870  0010E6  D00B               	goto	l1128
   871                           
   872                           ; BSR set to: 0
   873  0010E8  1E2B               	comf	___aldiv@dividend+3,f,c
   874  0010EA  1E2A               	comf	___aldiv@dividend+2,f,c
   875  0010EC  1E29               	comf	___aldiv@dividend+1,f,c
   876  0010EE  6C28               	negf	___aldiv@dividend,c
   877  0010F0  0E00               	movlw	0
   878  0010F2  2229               	addwfc	___aldiv@dividend+1,f,c
   879  0010F4  222A               	addwfc	___aldiv@dividend+2,f,c
   880  0010F6  222B               	addwfc	___aldiv@dividend+3,f,c
   881                           
   882                           ; BSR set to: 0
   883  0010F8  0E01               	movlw	1
   884  0010FA  0100               	movlb	0	; () banked
   885  0010FC  1BA7               	xorwf	___aldiv@sign& (0+255),f,b
   886  0010FE                     l1128:
   887                           
   888                           ; BSR set to: 0
   889  0010FE  0E00               	movlw	0
   890  001100  0100               	movlb	0	; () banked
   891  001102  6FA8               	movwf	___aldiv@quotient& (0+255),b
   892  001104  0E00               	movlw	0
   893  001106  6FA9               	movwf	(___aldiv@quotient+1)& (0+255),b
   894  001108  0E00               	movlw	0
   895  00110A  6FAA               	movwf	(___aldiv@quotient+2)& (0+255),b
   896  00110C  0E00               	movlw	0
   897  00110E  6FAB               	movwf	(___aldiv@quotient+3)& (0+255),b
   898                           
   899                           ; BSR set to: 0
   900  001110  502C               	movf	___aldiv@divisor,w,c
   901  001112  102D               	iorwf	___aldiv@divisor+1,w,c
   902  001114  102E               	iorwf	___aldiv@divisor+2,w,c
   903  001116  102F               	iorwf	___aldiv@divisor+3,w,c
   904  001118  B4D8               	btfsc	status,2,c
   905  00111A  D02F               	goto	l1150
   906                           
   907                           ; BSR set to: 0
   908  00111C  0E01               	movlw	1
   909  00111E  0100               	movlb	0	; () banked
   910  001120  6FA6               	movwf	___aldiv@counter& (0+255),b
   911  001122  D007               	goto	l1136
   912  001124                     l1134:
   913                           
   914                           ; BSR set to: 0
   915  001124  90D8               	bcf	status,0,c
   916  001126  362C               	rlcf	___aldiv@divisor,f,c
   917  001128  362D               	rlcf	___aldiv@divisor+1,f,c
   918  00112A  362E               	rlcf	___aldiv@divisor+2,f,c
   919  00112C  362F               	rlcf	___aldiv@divisor+3,f,c
   920  00112E  0100               	movlb	0	; () banked
   921  001130  2BA6               	incf	___aldiv@counter& (0+255),f,b
   922  001132                     l1136:
   923                           
   924                           ; BSR set to: 0
   925  001132  AE2F               	btfss	___aldiv@divisor+3,7,c
   926  001134  D7F7               	goto	l1134
   927  001136                     l1138:
   928                           
   929                           ; BSR set to: 0
   930  001136  0100               	movlb	0	; () banked
   931  001138  90D8               	bcf	status,0,c
   932  00113A  37A8               	rlcf	___aldiv@quotient& (0+255),f,b
   933  00113C  37A9               	rlcf	(___aldiv@quotient+1)& (0+255),f,b
   934  00113E  37AA               	rlcf	(___aldiv@quotient+2)& (0+255),f,b
   935  001140  37AB               	rlcf	(___aldiv@quotient+3)& (0+255),f,b
   936                           
   937                           ; BSR set to: 0
   938  001142  502C               	movf	___aldiv@divisor,w,c
   939  001144  5C28               	subwf	___aldiv@dividend,w,c
   940  001146  502D               	movf	___aldiv@divisor+1,w,c
   941  001148  5829               	subwfb	___aldiv@dividend+1,w,c
   942  00114A  502E               	movf	___aldiv@divisor+2,w,c
   943  00114C  582A               	subwfb	___aldiv@dividend+2,w,c
   944  00114E  502F               	movf	___aldiv@divisor+3,w,c
   945  001150  582B               	subwfb	___aldiv@dividend+3,w,c
   946  001152  A0D8               	btfss	status,0,c
   947  001154  D00A               	goto	l1146
   948                           
   949                           ; BSR set to: 0
   950  001156  502C               	movf	___aldiv@divisor,w,c
   951  001158  5E28               	subwf	___aldiv@dividend,f,c
   952  00115A  502D               	movf	___aldiv@divisor+1,w,c
   953  00115C  5A29               	subwfb	___aldiv@dividend+1,f,c
   954  00115E  502E               	movf	___aldiv@divisor+2,w,c
   955  001160  5A2A               	subwfb	___aldiv@dividend+2,f,c
   956  001162  502F               	movf	___aldiv@divisor+3,w,c
   957  001164  5A2B               	subwfb	___aldiv@dividend+3,f,c
   958                           
   959                           ; BSR set to: 0
   960  001166  0100               	movlb	0	; () banked
   961  001168  81A8               	bsf	___aldiv@quotient& (0+255),0,b
   962  00116A                     l1146:
   963                           
   964                           ; BSR set to: 0
   965  00116A  90D8               	bcf	status,0,c
   966  00116C  322F               	rrcf	___aldiv@divisor+3,f,c
   967  00116E  322E               	rrcf	___aldiv@divisor+2,f,c
   968  001170  322D               	rrcf	___aldiv@divisor+1,f,c
   969  001172  322C               	rrcf	___aldiv@divisor,f,c
   970                           
   971                           ; BSR set to: 0
   972  001174  0100               	movlb	0	; () banked
   973  001176  2FA6               	decfsz	___aldiv@counter& (0+255),f,b
   974  001178  D7DE               	goto	l1138
   975  00117A                     l1150:
   976                           
   977                           ; BSR set to: 0
   978  00117A  0100               	movlb	0	; () banked
   979  00117C  51A7               	movf	___aldiv@sign& (0+255),w,b
   980  00117E  0100               	movlb	0	; () banked
   981  001180  B4D8               	btfsc	status,2,c
   982  001182  D009               	goto	l1154
   983                           
   984                           ; BSR set to: 0
   985  001184  0100               	movlb	0	; () banked
   986  001186  1FAB               	comf	(___aldiv@quotient+3)& (0+255),f,b
   987  001188  1FAA               	comf	(___aldiv@quotient+2)& (0+255),f,b
   988  00118A  1FA9               	comf	(___aldiv@quotient+1)& (0+255),f,b
   989  00118C  6DA8               	negf	___aldiv@quotient& (0+255),b
   990  00118E  0E00               	movlw	0
   991  001190  23A9               	addwfc	(___aldiv@quotient+1)& (0+255),f,b
   992  001192  23AA               	addwfc	(___aldiv@quotient+2)& (0+255),f,b
   993  001194  23AB               	addwfc	(___aldiv@quotient+3)& (0+255),f,b
   994  001196                     l1154:
   995                           
   996                           ; BSR set to: 0
   997  001196  C0A8  F028         	movff	___aldiv@quotient,?___aldiv
   998  00119A  C0A9  F029         	movff	___aldiv@quotient+1,?___aldiv+1
   999  00119E  C0AA  F02A         	movff	___aldiv@quotient+2,?___aldiv+2
  1000  0011A2  C0AB  F02B         	movff	___aldiv@quotient+3,?___aldiv+3
  1001  0011A6  0012               	return	
  1002  0011A8                     __end_of___aldiv:
  1003                           	opt stack 0
  1004                           tblptru	equ	0xFF8
  1005                           tblptrh	equ	0xFF7
  1006                           tblptrl	equ	0xFF6
  1007                           tablat	equ	0xFF5
  1008                           intcon	equ	0xFF2
  1009                           postinc0	equ	0xFEE
  1010                           wreg	equ	0xFE8
  1011                           indf2	equ	0xFDF
  1012                           postinc2	equ	0xFDE
  1013                           fsr2h	equ	0xFDA
  1014                           fsr2l	equ	0xFD9
  1015                           status	equ	0xFD8
  1016                           
  1017 ;; *************** function _low_isr *****************
  1018 ;; Defined at:
  1019 ;;		line 23 in file "serial.c"
  1020 ;; Parameters:    Size  Location     Type
  1021 ;;		None
  1022 ;; Auto vars:     Size  Location     Type
  1023 ;;		None
  1024 ;; Return value:  Size  Location     Type
  1025 ;;                  1    wreg      void 
  1026 ;; Registers used:
  1027 ;;		None
  1028 ;; Tracked objects:
  1029 ;;		On entry : 0/0
  1030 ;;		On exit  : 0/0
  1031 ;;		Unchanged: 0/0
  1032 ;; Data sizes:     COMRAM   BANK0   BANK1   BANK2   BANK3   BANK4   BANK5   BANK6   BANK7
  1033 ;;      Params:         0       0       0       0       0       0       0       0       0
  1034 ;;      Locals:         0       0       0       0       0       0       0       0       0
  1035 ;;      Temps:         17       0       0       0       0       0       0       0       0
  1036 ;;      Totals:        17       0       0       0       0       0       0       0       0
  1037 ;;Total ram usage:       17 bytes
  1038 ;; Hardware stack levels used:    1
  1039 ;; Hardware stack levels required when called:    2
  1040 ;; This function calls:
  1041 ;;		Nothing
  1042 ;; This function is called by:
  1043 ;;		Interrupt level 1
  1044 ;; This function uses a non-reentrant model
  1045 ;;
  1046                           
  1047                           	psect	intcodelo
  1048  001018                     __pintcodelo:
  1049                           	opt stack 0
  1050  001018                     _low_isr:
  1051                           	opt stack 26
  1052                           
  1053                           ; BSR set to: 0
  1054                           ;incstack = 0
  1055  001018  8035               	bsf	btemp,0,c	;set compiler interrupt flag (level 1)
  1056  00101A  CFD8 F017          	movff	status,??_low_isr
  1057  00101E  CFE8 F018          	movff	wreg,??_low_isr+1
  1058  001022  CFE0 F019          	movff	bsr,??_low_isr+2
  1059  001026  CFFA F01A          	movff	pclath,??_low_isr+3
  1060  00102A  CFFB F01B          	movff	pclatu,??_low_isr+4
  1061  00102E  CFE9 F01C          	movff	fsr0l,??_low_isr+5
  1062  001032  CFEA F01D          	movff	fsr0h,??_low_isr+6
  1063  001036  CFE1 F01E          	movff	fsr1l,??_low_isr+7
  1064  00103A  CFE2 F01F          	movff	fsr1h,??_low_isr+8
  1065  00103E  CFD9 F020          	movff	fsr2l,??_low_isr+9
  1066  001042  CFDA F021          	movff	fsr2h,??_low_isr+10
  1067  001046  CFF3 F022          	movff	prodl,??_low_isr+11
  1068  00104A  CFF4 F023          	movff	prodh,??_low_isr+12
  1069  00104E  CFF6 F024          	movff	tblptrl,??_low_isr+13
  1070  001052  CFF7 F025          	movff	tblptrh,??_low_isr+14
  1071  001056  CFF8 F026          	movff	tblptru,??_low_isr+15
  1072  00105A  CFF5 F027          	movff	tablat,??_low_isr+16
  1073  00105E  C027  FFF5         	movff	??_low_isr+16,tablat
  1074  001062  C026  FFF8         	movff	??_low_isr+15,tblptru
  1075  001066  C025  FFF7         	movff	??_low_isr+14,tblptrh
  1076  00106A  C024  FFF6         	movff	??_low_isr+13,tblptrl
  1077  00106E  C023  FFF4         	movff	??_low_isr+12,prodh
  1078  001072  C022  FFF3         	movff	??_low_isr+11,prodl
  1079  001076  C021  FFDA         	movff	??_low_isr+10,fsr2h
  1080  00107A  C020  FFD9         	movff	??_low_isr+9,fsr2l
  1081  00107E  C01F  FFE2         	movff	??_low_isr+8,fsr1h
  1082  001082  C01E  FFE1         	movff	??_low_isr+7,fsr1l
  1083  001086  C01D  FFEA         	movff	??_low_isr+6,fsr0h
  1084  00108A  C01C  FFE9         	movff	??_low_isr+5,fsr0l
  1085  00108E  C01B  FFFB         	movff	??_low_isr+4,pclatu
  1086  001092  C01A  FFFA         	movff	??_low_isr+3,pclath
  1087  001096  C019  FFE0         	movff	??_low_isr+2,bsr
  1088  00109A  C018  FFE8         	movff	??_low_isr+1,wreg
  1089  00109E  C017  FFD8         	movff	??_low_isr,status
  1090  0010A2  9035               	bcf	btemp,0,c	;clear compiler interrupt flag (level 1)
  1091  0010A4  0010               	retfie	
  1092  0010A6                     __end_of_low_isr:
  1093                           	opt stack 0
  1094                           pclatu	equ	0xFFB
  1095                           pclath	equ	0xFFA
  1096                           tblptru	equ	0xFF8
  1097                           tblptrh	equ	0xFF7
  1098                           tblptrl	equ	0xFF6
  1099                           tablat	equ	0xFF5
  1100                           prodh	equ	0xFF4
  1101                           prodl	equ	0xFF3
  1102                           intcon	equ	0xFF2
  1103                           postinc0	equ	0xFEE
  1104                           fsr0h	equ	0xFEA
  1105                           fsr0l	equ	0xFE9
  1106                           wreg	equ	0xFE8
  1107                           fsr1h	equ	0xFE2
  1108                           fsr1l	equ	0xFE1
  1109                           bsr	equ	0xFE0
  1110                           indf2	equ	0xFDF
  1111                           postinc2	equ	0xFDE
  1112                           fsr2h	equ	0xFDA
  1113                           fsr2l	equ	0xFD9
  1114                           status	equ	0xFD8
  1115                           
  1116 ;; *************** function _high_isr *****************
  1117 ;; Defined at:
  1118 ;;		line 16 in file "serial.c"
  1119 ;; Parameters:    Size  Location     Type
  1120 ;;		None
  1121 ;; Auto vars:     Size  Location     Type
  1122 ;;		None
  1123 ;; Return value:  Size  Location     Type
  1124 ;;                  1    wreg      void 
  1125 ;; Registers used:
  1126 ;;		wreg, fsr2l, fsr2h, status,2, status,0, cstack
  1127 ;; Tracked objects:
  1128 ;;		On entry : 0/0
  1129 ;;		On exit  : 0/0
  1130 ;;		Unchanged: 0/0
  1131 ;; Data sizes:     COMRAM   BANK0   BANK1   BANK2   BANK3   BANK4   BANK5   BANK6   BANK7
  1132 ;;      Params:         0       0       0       0       0       0       0       0       0
  1133 ;;      Locals:         0       0       0       0       0       0       0       0       0
  1134 ;;      Temps:         14       0       0       0       0       0       0       0       0
  1135 ;;      Totals:        14       0       0       0       0       0       0       0       0
  1136 ;;Total ram usage:       14 bytes
  1137 ;; Hardware stack levels used:    1
  1138 ;; Hardware stack levels required when called:    1
  1139 ;; This function calls:
  1140 ;;		_serial_read_msg
  1141 ;; This function is called by:
  1142 ;;		Interrupt level 2
  1143 ;; This function uses a non-reentrant model
  1144 ;;
  1145                           
  1146                           	psect	intcode
  1147  001008                     __pintcode:
  1148                           	opt stack 0
  1149  001008                     _high_isr:
  1150                           	opt stack 26
  1151                           
  1152                           ;incstack = 0
  1153  001008  8235               	bsf	btemp,1,c	;set compiler interrupt flag (level 2)
  1154  00100A  EF20  F009         	goto	int_func
  1155                           pclatu	equ	0xFFB
  1156                           pclath	equ	0xFFA
  1157                           tblptru	equ	0xFF8
  1158                           tblptrh	equ	0xFF7
  1159                           tblptrl	equ	0xFF6
  1160                           tablat	equ	0xFF5
  1161                           prodh	equ	0xFF4
  1162                           prodl	equ	0xFF3
  1163                           intcon	equ	0xFF2
  1164                           postinc0	equ	0xFEE
  1165                           fsr0h	equ	0xFEA
  1166                           fsr0l	equ	0xFE9
  1167                           wreg	equ	0xFE8
  1168                           fsr1h	equ	0xFE2
  1169                           fsr1l	equ	0xFE1
  1170                           bsr	equ	0xFE0
  1171                           indf2	equ	0xFDF
  1172                           postinc2	equ	0xFDE
  1173                           fsr2h	equ	0xFDA
  1174                           fsr2l	equ	0xFD9
  1175                           status	equ	0xFD8
  1176                           
  1177                           	psect	intcode_body
  1178  001240                     __pintcode_body:
  1179                           	opt stack 26
  1180  001240                     int_func:
  1181                           	opt stack 26
  1182  001240  CFFA F009          	movff	pclath,??_high_isr
  1183  001244  CFFB F00A          	movff	pclatu,??_high_isr+1
  1184  001248  CFE9 F00B          	movff	fsr0l,??_high_isr+2
  1185  00124C  CFEA F00C          	movff	fsr0h,??_high_isr+3
  1186  001250  CFE1 F00D          	movff	fsr1l,??_high_isr+4
  1187  001254  CFE2 F00E          	movff	fsr1h,??_high_isr+5
  1188  001258  CFD9 F00F          	movff	fsr2l,??_high_isr+6
  1189  00125C  CFDA F010          	movff	fsr2h,??_high_isr+7
  1190  001260  CFF3 F011          	movff	prodl,??_high_isr+8
  1191  001264  CFF4 F012          	movff	prodh,??_high_isr+9
  1192  001268  CFF6 F013          	movff	tblptrl,??_high_isr+10
  1193  00126C  CFF7 F014          	movff	tblptrh,??_high_isr+11
  1194  001270  CFF8 F015          	movff	tblptru,??_high_isr+12
  1195  001274  CFF5 F016          	movff	tablat,??_high_isr+13
  1196                           
  1197                           ;serial.c: 18: if (PIR1bits.RCIF){
  1198  001278  AA9E               	btfss	3998,5,c	;volatile
  1199  00127A  D00B               	goto	i2l92
  1200                           
  1201                           ;serial.c: 19: SERIAL_AVAILABLE = serial_read_msg(serial_buffer_ptr, 0x01, 0x04);
  1202  00127C  C032  F001         	movff	_serial_buffer_ptr,serial_read_msg@msg_to_receive
  1203  001280  C033  F002         	movff	_serial_buffer_ptr+1,serial_read_msg@msg_to_receive+1
  1204  001284  0E01               	movlw	1
  1205  001286  6E03               	movwf	serial_read_msg@soh,c
  1206  001288  0E04               	movlw	4
  1207  00128A  6E04               	movwf	serial_read_msg@eot,c
  1208  00128C  EC67  F009         	call	_serial_read_msg	;wreg free
  1209  001290  6E34               	movwf	_SERIAL_AVAILABLE,c
  1210  001292                     i2l92:
  1211  001292  C016  FFF5         	movff	??_high_isr+13,tablat
  1212  001296  C015  FFF8         	movff	??_high_isr+12,tblptru
  1213  00129A  C014  FFF7         	movff	??_high_isr+11,tblptrh
  1214  00129E  C013  FFF6         	movff	??_high_isr+10,tblptrl
  1215  0012A2  C012  FFF4         	movff	??_high_isr+9,prodh
  1216  0012A6  C011  FFF3         	movff	??_high_isr+8,prodl
  1217  0012AA  C010  FFDA         	movff	??_high_isr+7,fsr2h
  1218  0012AE  C00F  FFD9         	movff	??_high_isr+6,fsr2l
  1219  0012B2  C00E  FFE2         	movff	??_high_isr+5,fsr1h
  1220  0012B6  C00D  FFE1         	movff	??_high_isr+4,fsr1l
  1221  0012BA  C00C  FFEA         	movff	??_high_isr+3,fsr0h
  1222  0012BE  C00B  FFE9         	movff	??_high_isr+2,fsr0l
  1223  0012C2  C00A  FFFB         	movff	??_high_isr+1,pclatu
  1224  0012C6  C009  FFFA         	movff	??_high_isr,pclath
  1225  0012CA  9235               	bcf	btemp,1,c	;clear compiler interrupt flag (level 2)
  1226  0012CC  0011               	retfie		f
  1227  0012CE                     __end_of_high_isr:
  1228                           	opt stack 0
  1229                           pclatu	equ	0xFFB
  1230                           pclath	equ	0xFFA
  1231                           tblptru	equ	0xFF8
  1232                           tblptrh	equ	0xFF7
  1233                           tblptrl	equ	0xFF6
  1234                           tablat	equ	0xFF5
  1235                           prodh	equ	0xFF4
  1236                           prodl	equ	0xFF3
  1237                           intcon	equ	0xFF2
  1238                           postinc0	equ	0xFEE
  1239                           fsr0h	equ	0xFEA
  1240                           fsr0l	equ	0xFE9
  1241                           wreg	equ	0xFE8
  1242                           fsr1h	equ	0xFE2
  1243                           fsr1l	equ	0xFE1
  1244                           bsr	equ	0xFE0
  1245                           indf2	equ	0xFDF
  1246                           postinc2	equ	0xFDE
  1247                           fsr2h	equ	0xFDA
  1248                           fsr2l	equ	0xFD9
  1249                           status	equ	0xFD8
  1250                           
  1251 ;; *************** function _serial_read_msg *****************
  1252 ;; Defined at:
  1253 ;;		line 90 in file "serial.h"
  1254 ;; Parameters:    Size  Location     Type
  1255 ;;  msg_to_recei    2    0[COMRAM] PTR unsigned char 
  1256 ;;		 -> NULL(0), SERIAL_BUFFER(70), 
  1257 ;;  soh             1    2[COMRAM] unsigned char 
  1258 ;;  eot             1    3[COMRAM] unsigned char 
  1259 ;; Auto vars:     Size  Location     Type
  1260 ;;  temp_soh        1    7[COMRAM] unsigned char 
  1261 ;;  temp_eot        1    6[COMRAM] unsigned char 
  1262 ;;  i               1    5[COMRAM] unsigned char 
  1263 ;; Return value:  Size  Location     Type
  1264 ;;                  1    wreg      char 
  1265 ;; Registers used:
  1266 ;;		wreg, fsr2l, fsr2h, status,2, status,0
  1267 ;; Tracked objects:
  1268 ;;		On entry : 0/0
  1269 ;;		On exit  : 0/0
  1270 ;;		Unchanged: 0/0
  1271 ;; Data sizes:     COMRAM   BANK0   BANK1   BANK2   BANK3   BANK4   BANK5   BANK6   BANK7
  1272 ;;      Params:         4       0       0       0       0       0       0       0       0
  1273 ;;      Locals:         3       0       0       0       0       0       0       0       0
  1274 ;;      Temps:          1       0       0       0       0       0       0       0       0
  1275 ;;      Totals:         8       0       0       0       0       0       0       0       0
  1276 ;;Total ram usage:        8 bytes
  1277 ;; Hardware stack levels used:    1
  1278 ;; This function calls:
  1279 ;;		Nothing
  1280 ;; This function is called by:
  1281 ;;		_high_isr
  1282 ;; This function uses a non-reentrant model
  1283 ;;
  1284                           
  1285                           	psect	text7
  1286  0012CE                     __ptext7:
  1287                           	opt stack 0
  1288  0012CE                     _serial_read_msg:
  1289                           	opt stack 26
  1290                           
  1291                           ;serial.h: 92: unsigned char i, temp_soh, temp_eot;
  1292                           ;serial.h: 93: i = temp_soh = temp_eot = 0;
  1293                           
  1294                           ;incstack = 0
  1295  0012CE  0E00               	movlw	0
  1296  0012D0  6E07               	movwf	serial_read_msg@temp_eot,c
  1297  0012D2  C007  F008         	movff	serial_read_msg@temp_eot,serial_read_msg@temp_soh
  1298  0012D6  C008  F006         	movff	serial_read_msg@temp_soh,serial_read_msg@i
  1299                           
  1300                           ;serial.h: 96: while (i < 70){
  1301  0012DA  D025               	goto	i2l1020
  1302  0012DC                     i2l39:
  1303                           
  1304                           ;serial.h: 99: if (PIR1bits.RCIF){
  1305  0012DC  AA9E               	btfss	3998,5,c	;volatile
  1306  0012DE  D023               	goto	i2l1020
  1307                           
  1308                           ;serial.h: 100: *msg_to_receive = RCREG1;
  1309  0012E0  C001  FFD9         	movff	serial_read_msg@msg_to_receive,fsr2l
  1310  0012E4  C002  FFDA         	movff	serial_read_msg@msg_to_receive+1,fsr2h
  1311  0012E8  CFAE FFDF          	movff	4014,indf2	;volatile
  1312                           
  1313                           ;serial.h: 103: if((*msg_to_receive == soh) && !(temp_soh)){
  1314  0012EC  C001  FFD9         	movff	serial_read_msg@msg_to_receive,fsr2l
  1315  0012F0  C002  FFDA         	movff	serial_read_msg@msg_to_receive+1,fsr2h
  1316  0012F4  5003               	movf	serial_read_msg@soh,w,c
  1317  0012F6  18DE               	xorwf	postinc2,w,c
  1318  0012F8  A4D8               	btfss	status,2,c
  1319  0012FA  D006               	goto	i2l1012
  1320  0012FC  5008               	movf	serial_read_msg@temp_soh,w,c
  1321  0012FE  A4D8               	btfss	status,2,c
  1322  001300  D003               	goto	i2l1012
  1323                           
  1324                           ;serial.h: 104: temp_soh = 1;
  1325  001302  0E01               	movlw	1
  1326  001304  6E08               	movwf	serial_read_msg@temp_soh,c
  1327                           
  1328                           ;serial.h: 105: }
  1329  001306  D00C               	goto	i2l1018
  1330  001308                     i2l1012:
  1331                           
  1332                           ;serial.h: 108: else if(*msg_to_receive == eot){
  1333  001308  C001  FFD9         	movff	serial_read_msg@msg_to_receive,fsr2l
  1334  00130C  C002  FFDA         	movff	serial_read_msg@msg_to_receive+1,fsr2h
  1335  001310  5004               	movf	serial_read_msg@eot,w,c
  1336  001312  18DE               	xorwf	postinc2,w,c
  1337  001314  A4D8               	btfss	status,2,c
  1338  001316  D004               	goto	i2l1018
  1339                           
  1340                           ;serial.h: 109: temp_eot = 1;
  1341  001318  0E01               	movlw	1
  1342  00131A  6E07               	movwf	serial_read_msg@temp_eot,c
  1343                           
  1344                           ;serial.h: 110: INTCONbits.GIE = 0;
  1345  00131C  9EF2               	bcf	intcon,7,c	;volatile
  1346                           
  1347                           ;serial.h: 111: break;
  1348  00131E  D006               	goto	i2l1022
  1349  001320                     i2l1018:
  1350                           
  1351                           ;serial.h: 112: }
  1352                           ;serial.h: 115: i++;
  1353  001320  2A06               	incf	serial_read_msg@i,f,c
  1354                           
  1355                           ;serial.h: 116: *(msg_to_receive++);
  1356  001322  4A01               	infsnz	serial_read_msg@msg_to_receive,f,c
  1357  001324  2A02               	incf	serial_read_msg@msg_to_receive+1,f,c
  1358  001326                     i2l1020:
  1359  001326  0E45               	movlw	69
  1360  001328  6406               	cpfsgt	serial_read_msg@i,c
  1361  00132A  D7D8               	goto	i2l39
  1362  00132C                     i2l1022:
  1363                           
  1364                           ;serial.h: 117: }
  1365                           ;serial.h: 118: }
  1366                           ;serial.h: 119: if (temp_soh && temp_eot)
  1367  00132C  5008               	movf	serial_read_msg@temp_soh,w,c
  1368  00132E  B4D8               	btfsc	status,2,c
  1369  001330  D005               	goto	i2l1032
  1370  001332  5007               	movf	serial_read_msg@temp_eot,w,c
  1371  001334  B4D8               	btfsc	status,2,c
  1372  001336  D002               	goto	i2l1032
  1373                           
  1374                           ;serial.h: 121: return i;
  1375  001338  5006               	movf	serial_read_msg@i,w,c
  1376  00133A  0012               	return	
  1377  00133C                     i2l1032:
  1378                           
  1379                           ;serial.h: 123: else if (!temp_soh)
  1380  00133C  5008               	movf	serial_read_msg@temp_soh,w,c
  1381  00133E  A4D8               	btfss	status,2,c
  1382  001340  D002               	goto	i2l1040
  1383                           
  1384                           ;serial.h: 124: return (signed char)-1;
  1385  001342  0EFF               	movlw	255
  1386  001344  0012               	return	
  1387  001346                     i2l1040:
  1388                           
  1389                           ;serial.h: 126: else if (!temp_eot)
  1390  001346  5007               	movf	serial_read_msg@temp_eot,w,c
  1391  001348  A4D8               	btfss	status,2,c
  1392  00134A  D002               	goto	i2l1048
  1393                           
  1394                           ;serial.h: 127: return (signed char)-2;
  1395  00134C  0EFE               	movlw	254
  1396  00134E  0012               	return	
  1397  001350                     i2l1048:
  1398                           
  1399                           ;serial.h: 129: else
  1400                           ;serial.h: 130: return (signed char)-3;
  1401  001350  0EFD               	movlw	253
  1402  001352  0012               	return	
  1403  001354                     __end_of_serial_read_msg:
  1404                           	opt stack 0
  1405                           pclatu	equ	0xFFB
  1406                           pclath	equ	0xFFA
  1407                           tblptru	equ	0xFF8
  1408                           tblptrh	equ	0xFF7
  1409                           tblptrl	equ	0xFF6
  1410                           tablat	equ	0xFF5
  1411                           prodh	equ	0xFF4
  1412                           prodl	equ	0xFF3
  1413                           intcon	equ	0xFF2
  1414                           postinc0	equ	0xFEE
  1415                           fsr0h	equ	0xFEA
  1416                           fsr0l	equ	0xFE9
  1417                           wreg	equ	0xFE8
  1418                           fsr1h	equ	0xFE2
  1419                           fsr1l	equ	0xFE1
  1420                           bsr	equ	0xFE0
  1421                           indf2	equ	0xFDF
  1422                           postinc2	equ	0xFDE
  1423                           fsr2h	equ	0xFDA
  1424                           fsr2l	equ	0xFD9
  1425                           status	equ	0xFD8
  1426                           pclatu	equ	0xFFB
  1427                           pclath	equ	0xFFA
  1428                           tblptru	equ	0xFF8
  1429                           tblptrh	equ	0xFF7
  1430                           tblptrl	equ	0xFF6
  1431                           tablat	equ	0xFF5
  1432                           prodh	equ	0xFF4
  1433                           prodl	equ	0xFF3
  1434                           intcon	equ	0xFF2
  1435                           postinc0	equ	0xFEE
  1436                           fsr0h	equ	0xFEA
  1437                           fsr0l	equ	0xFE9
  1438                           wreg	equ	0xFE8
  1439                           fsr1h	equ	0xFE2
  1440                           fsr1l	equ	0xFE1
  1441                           bsr	equ	0xFE0
  1442                           indf2	equ	0xFDF
  1443                           postinc2	equ	0xFDE
  1444                           fsr2h	equ	0xFDA
  1445                           fsr2l	equ	0xFD9
  1446                           status	equ	0xFD8
  1447                           
  1448                           	psect	rparam
  1449  0000                     pclatu	equ	0xFFB
  1450                           pclath	equ	0xFFA
  1451                           tblptru	equ	0xFF8
  1452                           tblptrh	equ	0xFF7
  1453                           tblptrl	equ	0xFF6
  1454                           tablat	equ	0xFF5
  1455                           prodh	equ	0xFF4
  1456                           prodl	equ	0xFF3
  1457                           intcon	equ	0xFF2
  1458                           postinc0	equ	0xFEE
  1459                           fsr0h	equ	0xFEA
  1460                           fsr0l	equ	0xFE9
  1461                           wreg	equ	0xFE8
  1462                           fsr1h	equ	0xFE2
  1463                           fsr1l	equ	0xFE1
  1464                           bsr	equ	0xFE0
  1465                           indf2	equ	0xFDF
  1466                           postinc2	equ	0xFDE
  1467                           fsr2h	equ	0xFDA
  1468                           fsr2l	equ	0xFD9
  1469                           status	equ	0xFD8
  1470                           
  1471                           	psect	temp
  1472  000035                     btemp:
  1473                           	opt stack 0
  1474  000035                     	ds	1
  1475  0000                     int$flags	set	btemp
  1476                           pclatu	equ	0xFFB
  1477                           pclath	equ	0xFFA
  1478                           tblptru	equ	0xFF8
  1479                           tblptrh	equ	0xFF7
  1480                           tblptrl	equ	0xFF6
  1481                           tablat	equ	0xFF5
  1482                           prodh	equ	0xFF4
  1483                           prodl	equ	0xFF3
  1484                           intcon	equ	0xFF2
  1485                           postinc0	equ	0xFEE
  1486                           fsr0h	equ	0xFEA
  1487                           fsr0l	equ	0xFE9
  1488                           wreg	equ	0xFE8
  1489                           fsr1h	equ	0xFE2
  1490                           fsr1l	equ	0xFE1
  1491                           bsr	equ	0xFE0
  1492                           indf2	equ	0xFDF
  1493                           postinc2	equ	0xFDE
  1494                           fsr2h	equ	0xFDA
  1495                           fsr2l	equ	0xFD9
  1496                           status	equ	0xFD8


Data Sizes:
    Strings     24
    Constant    0
    Data        0
    BSS         71
    Persistent  2
    Stack       0

Auto Spaces:
    Space          Size  Autos    Used
    COMRAM           94     49      52
    BANK0           160     12      82
    BANK1           256      0       0
    BANK2           256      0       0
    BANK3           256      0       0
    BANK4           256      0       0
    BANK5           256      0       0
    BANK6           256      0       0
    BANK7           256      0       0

Pointer List with Targets:

    serial_buffer_ptr	PTR unsigned char  size(2) Largest target is 70
		 -> NULL(NULL[0]), SERIAL_BUFFER(BANK0[70]), 

    serial_send_string@string_to_send	PTR unsigned char  size(2) Largest target is 10
		 -> STR_3(CODE[10]), STR_2(CODE[7]), STR_1(CODE[7]), 

    serial_send_msg@msg_to_send	PTR unsigned char  size(2) Largest target is 70
		 -> NULL(NULL[0]), SERIAL_BUFFER(BANK0[70]), 

    serial_read_msg@msg_to_receive	PTR unsigned char  size(2) Largest target is 70
		 -> NULL(NULL[0]), SERIAL_BUFFER(BANK0[70]), 


Critical Paths under _main in COMRAM

    _main->_serial_config
    _serial_config->___aldiv

Critical Paths under _low_isr in COMRAM

    None.

Critical Paths under _high_isr in COMRAM

    _high_isr->_serial_read_msg

Critical Paths under _main in BANK0

    _main->_serial_config
    _serial_config->___aldiv

Critical Paths under _low_isr in BANK0

    None.

Critical Paths under _high_isr in BANK0

    None.

Critical Paths under _main in BANK1

    None.

Critical Paths under _low_isr in BANK1

    None.

Critical Paths under _high_isr in BANK1

    None.

Critical Paths under _main in BANK2

    None.

Critical Paths under _low_isr in BANK2

    None.

Critical Paths under _high_isr in BANK2

    None.

Critical Paths under _main in BANK3

    None.

Critical Paths under _low_isr in BANK3

    None.

Critical Paths under _high_isr in BANK3

    None.

Critical Paths under _main in BANK4

    None.

Critical Paths under _low_isr in BANK4

    None.

Critical Paths under _high_isr in BANK4

    None.

Critical Paths under _main in BANK5

    None.

Critical Paths under _low_isr in BANK5

    None.

Critical Paths under _high_isr in BANK5

    None.

Critical Paths under _main in BANK6

    None.

Critical Paths under _low_isr in BANK6

    None.

Critical Paths under _high_isr in BANK6

    None.

Critical Paths under _main in BANK7

    None.

Critical Paths under _low_isr in BANK7

    None.

Critical Paths under _high_isr in BANK7

    None.

Call Graph Tables:

 ---------------------------------------------------------------------------------
 (Depth) Function   	        Calls       Base Space   Used Autos Params    Refs
 ---------------------------------------------------------------------------------
 (0) _main                                                 0     0      0    1690
                      _serial_config
                    _serial_send_msg
                 _serial_send_string
 ---------------------------------------------------------------------------------
 (1) _serial_send_string                                   2     0      2     273
                                             39 COMRAM     2     0      2
 ---------------------------------------------------------------------------------
 (1) _serial_send_msg                                      6     2      4     389
                                             39 COMRAM     6     2      4
 ---------------------------------------------------------------------------------
 (1) _serial_config                                        8     6      2    1028
                                             47 COMRAM     2     0      2
                                              6 BANK0      6     6      0
                            ___aldiv
 ---------------------------------------------------------------------------------
 (2) ___aldiv                                             14     6      8     805
                                             39 COMRAM     8     0      8
                                              0 BANK0      6     6      0
 ---------------------------------------------------------------------------------
 Estimated maximum stack depth 2
 ---------------------------------------------------------------------------------
 (Depth) Function   	        Calls       Base Space   Used Autos Params    Refs
 ---------------------------------------------------------------------------------
 (3) _low_isr                                             17    17      0       0
                                             22 COMRAM    17    17      0
 ---------------------------------------------------------------------------------
 Estimated maximum stack depth 3
 ---------------------------------------------------------------------------------
 (Depth) Function   	        Calls       Base Space   Used Autos Params    Refs
 ---------------------------------------------------------------------------------
 (4) _high_isr                                            14    14      0     499
                                              8 COMRAM    14    14      0
                    _serial_read_msg
 ---------------------------------------------------------------------------------
 (5) _serial_read_msg                                      8     4      4     499
                                              0 COMRAM     8     4      4
 ---------------------------------------------------------------------------------
 Estimated maximum stack depth 5
 ---------------------------------------------------------------------------------

 Call Graph Graphs:

 _main (ROOT)
   _serial_config
     ___aldiv
   _serial_send_msg
   _serial_send_string

 _low_isr (ROOT)

 _high_isr (ROOT)
   _serial_read_msg

 Address spaces:
Name               Size   Autos  Total    Cost      Usage
BIGRAM             7FF      0       0      21        0.0%
EEDATA             100      0       0       0        0.0%
BITBANK7           100      0       0      19        0.0%
BANK7              100      0       0      20        0.0%
BITBANK6           100      0       0      17        0.0%
BANK6              100      0       0      18        0.0%
BITBANK5           100      0       0      15        0.0%
BANK5              100      0       0      16        0.0%
BITBANK4           100      0       0      13        0.0%
BANK4              100      0       0      14        0.0%
BITBANK3           100      0       0      11        0.0%
BANK3              100      0       0      12        0.0%
BITBANK2           100      0       0       9        0.0%
BANK2              100      0       0      10        0.0%
BITBANK1           100      0       0       7        0.0%
BANK1              100      0       0       8        0.0%
BITBANK0            A0      0       0       4        0.0%
BANK0               A0      C      52       5       51.3%
BITCOMRAM           5E      0       0       0        0.0%
COMRAM              5E     31      34       1       55.3%
BITSFR_1             0      0       0     200        0.0%
SFR_1                0      0       0     200        0.0%
BITSFR               0      0       0     200        0.0%
SFR                  0      0       0     200        0.0%
STACK                0      0       0       2        0.0%
NULL                 0      0       0       0        0.0%
ABS                  0      0      86       6        0.0%
DATA                 0      0      86       3        0.0%
CODE                 0      0       0       0        0.0%


Microchip Technology PIC18 Macro Assembler V1.42 build -159332390 
Symbol Table                                                                                   Mon Oct 23 21:05:02 2017

                              l61 13FE                                l72 1436  
                              l66 141E                                bsr 000FE0  
                             wreg 000FE8                        _TXSTA1bits 000FAC  
                serial_read_msg@i 0006                              l1122 10E4  
                            l1210 13B6                              l1202 138C  
                            l1134 1124                              l1150 117A  
                            l1062 13F2                              l1054 13D4  
                            l1206 13A0                              l1136 1132  
                            l1128 10FE                              l1064 1402  
                            l1056 13DA                              l1080 143E  
                            l1154 1196                              l1146 116A  
                            l1138 1136                              l1076 1428  
                            l1198 136C                              STR_1 10B5  
                            STR_2 10BC                              STR_3 10AB  
                            i2l39 12DC                              i2l92 1292  
                            _main 1354                              fsr0h 000FEA  
                            fsr1h 000FE2                              fsr2h 000FDA  
                            fsr0l 000FE9                              indf2 000FDF  
                            fsr1l 000FE1                              fsr2l 000FD9  
                            btemp 0035                              prodh 000FF4  
                            prodl 000FF3                              start 10A6  
                    ___param_bank 000000                  serial_send_msg@i 002D  
                    _BAUDCON1bits 000FB8                   __end_of___aldiv 11A8  
         __end_of_serial_read_msg 1354                             ?_main 0001  
         __end_of_serial_send_msg 1426                   __end_of_low_isr 10A6  
                           pclath 000FFA                             tablat 000FF5  
                           status 000FD8                   __initialization 1458  
              serial_read_msg@eot 0004                      __end_of_main 13CE  
              serial_read_msg@soh 0003                            ??_main 0032  
                   __activetblptr 000001                            _ANSELC 000F5D  
                          i2l1012 1308                            i2l1020 1326  
                          i2l1022 132C                            i2l1040 1346  
                          i2l1032 133C                            i2l1018 1320  
                          i2l1048 1350                            _RCREG1 000FAE  
                          _SPBRG1 000FAF                            _TXREG1 000FAD  
                __end_of_high_isr 12CE                         ??___aldiv 0030  
     __size_of_serial_send_string 0032                            clear_0 145E  
                ?_serial_read_msg 0001                  ?_serial_send_msg 0028  
                    __mediumconst 0000                         ??_low_isr 0017  
                          tblptrh 000FF7                            tblptrl 000FF6  
                          tblptru 000FF8                        __accesstop 0060  
         __end_of__initialization 1466                     ___rparam_used 000001  
           __end_of_serial_config 1240                    __pcstackCOMRAM 0001  
              serial_send_msg@eot 002B                serial_send_msg@soh 002A  
                      __pbssBANK0 0060                        __pnvCOMRAM 0032  
                         _SPBRGH1 000FB0                         ?_high_isr 0001  
                         __Hparam 0000                           __Lparam 0000  
                         ___aldiv 10C4                      __psmallconst 10AA  
                         __pcinit 1458                           __ramtop 0800  
                         __ptext0 1354                           __ptext1 1426  
                         __ptext2 13CE                           __ptext3 11A8  
                         __ptext4 10C4                           __ptext7 12CE  
         serial_read_msg@temp_eot 0007           serial_read_msg@temp_soh 0008  
                ___aldiv@dividend 0028                           _low_isr 1018  
                   _SERIAL_BUFFER 0060                        ??_high_isr 0009  
                  __pintcode_body 1240              end_of_initialization 1466  
                         int_func 1240                  ___aldiv@quotient 00A8  
                         postinc0 000FEE                           postinc2 000FDE  
                       _TRISCbits 000F94                  _SERIAL_AVAILABLE 0034  
      __end_of_serial_send_string 1458            serial_config@baud_rate 0030  
             start_initialization 1458          __size_of_serial_read_msg 0086  
        __size_of_serial_send_msg 0058                _serial_config$1072 00AC  
                     __pbssCOMRAM 0034                     __pcstackBANK0 00A6  
          __size_of_serial_config 0098                 __size_of_high_isr 02C6  
                       __pintcode 1008                          ?___aldiv 0028  
                     __pintcodelo 1018                       __smallconst 10AA  
   serial_read_msg@msg_to_receive 0001                          ?_low_isr 0001  
                 ___aldiv@divisor 002C                   ___aldiv@counter 00A6  
               ??_serial_read_msg 0005                          _PIE1bits 000F9D  
                        _PIR1bits 000F9E                 ??_serial_send_msg 002C  
                   _serial_config 11A8                          __Hrparam 0000  
                        __Lrparam 0000                    ?_serial_config 0030  
                    __Lsmallconst 10AA                  __size_of___aldiv 00E4  
               _serial_buffer_ptr 0032                _serial_send_string 1426  
                __size_of_low_isr 008E                          _high_isr 1008  
             ?_serial_send_string 0028                     __size_of_main 007A  
                        int$flags 0035              ??_serial_send_string 002A  
serial_send_string@string_to_send 0028                        _INTCONbits 000FF2  
                        intlevel1 0000                          intlevel2 0000  
                      _RCSTA1bits 000FAB                   ??_serial_config 0032  
      serial_send_msg@msg_to_send 0028                 serial_config@temp 00B0  
                    ___aldiv@sign 00A7                   _serial_read_msg 12CE  
                 _serial_send_msg 13CE  
