

Microchip Technology PIC18 LITE Macro Assembler V1.42 build -159332390 
                                                                                               Sun Apr 08 17:24:34 2018

Microchip Technology Omniscient Code Generator v1.42 (Free mode) build 201704130522
     1                           	processor	18F45K50
     2                           	fnconf	rparam,??,?,0
     3                           	opt	pw 120
     4                           	opt	lm
     5                           	psect	cinit,global,reloc=2,class=CODE,delta=1
     6                           	psect	cstackCOMRAM,global,class=COMRAM,space=1,delta=1,noexec
     7                           	psect	text0,global,reloc=2,class=CODE,delta=1
     8                           	psect	text1,global,reloc=2,class=CODE,delta=1
     9                           	psect	text2,global,reloc=2,class=CODE,delta=1
    10                           	psect	text3,global,reloc=2,class=CODE,delta=1
    11                           	psect	text4,global,reloc=2,class=CODE,delta=1
    12                           	psect	text5,global,reloc=2,class=CODE,delta=1
    13                           	psect	text6,global,reloc=2,class=CODE,delta=1
    14                           	psect	text7,global,reloc=2,class=CODE,delta=1
    15                           	psect	intsave_regs,global,class=BIGRAM,space=1,delta=1,noexec
    16                           	psect	rparam,global,class=COMRAM,space=1,delta=1,noexec
    17  0000                     
    18                           ; Version 1.42
    19                           ; Generated 13/04/2017 GMT
    20                           ; 
    21                           ; Copyright © 2017, Microchip Technology Inc. and its subsidiaries ("Microchip")
    22                           ; All rights reserved.
    23                           ; 
    24                           ; This software is developed by Microchip Technology Inc. and its subsidiaries ("Microch
      +                          ip").
    25                           ; 
    26                           ; Redistribution and use in source and binary forms, with or without modification, are
    27                           ; permitted provided that the following conditions are met:
    28                           ; 
    29                           ;     1. Redistributions of source code must retain the above copyright notice, this lis
      +                          t of
    30                           ;        conditions and the following disclaimer.
    31                           ; 
    32                           ;     2. Redistributions in binary form must reproduce the above copyright notice, this 
      +                          list
    33                           ;        of conditions and the following disclaimer in the documentation and/or other
    34                           ;        materials provided with the distribution.
    35                           ; 
    36                           ;     3. Microchip's name may not be used to endorse or promote products derived from th
      +                          is
    37                           ;        software without specific prior written permission.
    38                           ; 
    39                           ; THIS SOFTWARE IS PROVIDED BY MICROCHIP "AS IS" AND ANY EXPRESS OR IMPLIED WARRANTIES,
    40                           ; INCLUDING, BUT NOT LIMITED TO, THE IMPLIED WARRANTIES OF MERCHANTABILITY AND FITNESS F
      +                          OR
    41                           ; PURPOSE ARE DISCLAIMED.  IN NO EVENT SHALL MICROCHIP BE LIABLE FOR ANY DIRECT, INDIREC
      +                          T,
    42                           ; INCIDENTAL, SPECIAL, EXEMPLARY, OR CONSEQUENTIAL DAMAGES (INCLUDING BUT NOT LIMITED TO
    43                           ; PROCUREMENT OF SUBSTITUTE GOODS OR SERVICES; LOSS OF USE, DATA OR PROFITS; OR BUSINESS
    44                           ; INTERRUPTION) HOWSOEVER CAUSED AND ON ANY THEORY OF LIABILITY, WHETHER IN CONTRACT, ST
      +                          RICT
    45                           ; LIABILITY, OR TORT (INCLUDING NEGLIGENCE OR OTHERWISE) ARISING IN ANY WAY OUT OF THE U
      +                          SE OF
    46                           ; THIS SOFTWARE, EVEN IF ADVISED OF THE POSSIBILITY OF SUCH DAMAGE.
    47                           ; 
    48                           ; 
    49                           ; Code-generator required, PIC18F45K50 Definitions
    50                           ; 
    51                           ; SFR Addresses
    52  0000                     _ANSELBbits	set	3932
    53  0000                     _SSP1BUF	set	4041
    54  0000                     _SSP1STAT	set	4039
    55  0000                     _SSP1ADD	set	4040
    56  0000                     _SSP1CON2	set	4037
    57  0000                     _SSP1CON1	set	4038
    58  0000                     _LATBbits	set	3978
    59  0000                     _TRISBbits	set	3987
    60                           
    61                           ; #config settings
    62                           
    63                           	psect	cinit
    64  007EB8                     __pcinit:
    65                           	opt stack 0
    66  007EB8                     start_initialization:
    67                           	opt stack 0
    68  007EB8                     __initialization:
    69                           	opt stack 0
    70  007EB8                     end_of_initialization:
    71                           	opt stack 0
    72  007EB8                     __end_of__initialization:
    73                           	opt stack 0
    74  007EB8  0E00               	movlw	low (__Lmediumconst shr (0+16))
    75  007EBA  6EF8               	movwf	tblptru,c
    76  007EBC  0100               	movlb	0
    77  007EBE  EF76  F03F         	goto	_main	;jump to C main() function
    78                           tblptru	equ	0xFF8
    79                           
    80                           	psect	cstackCOMRAM
    81  000001                     __pcstackCOMRAM:
    82                           	opt stack 0
    83  000001                     ??_rotateByte:
    84  000001                     I2C_Master_Write@data:
    85                           	opt stack 0
    86                           
    87                           ; 1 bytes @ 0x0
    88  000001                     	ds	2
    89  000003                     rotateByte@rotatedByte:
    90                           	opt stack 0
    91                           
    92                           ; 1 bytes @ 0x2
    93  000003                     	ds	1
    94  000004                     rotateByte@byte:
    95                           	opt stack 0
    96                           
    97                           ; 1 bytes @ 0x3
    98  000004                     	ds	1
    99  000005                     rotateByte@i:
   100                           	opt stack 0
   101                           
   102                           ; 1 bytes @ 0x4
   103  000005                     	ds	1
   104  000006                     I2C_LCD_WriteByte@dataOrCommand:
   105                           	opt stack 0
   106                           
   107                           ; 1 bytes @ 0x5
   108  000006                     	ds	1
   109  000007                     I2C_LCD_WriteByte@data:
   110                           	opt stack 0
   111                           
   112                           ; 1 bytes @ 0x6
   113  000007                     	ds	1
   114  000008                     I2C_LCD_WriteByte@byteToSend:
   115                           	opt stack 0
   116                           
   117                           ; 1 bytes @ 0x7
   118  000008                     	ds	1
   119  000009                     I2C_LCD_WriteByte@newByteToSend:
   120                           	opt stack 0
   121                           
   122                           ; 1 bytes @ 0x8
   123  000009                     	ds	1
   124  00000A                     I2C_LCD_WriteByte@rotatedByte:
   125                           	opt stack 0
   126                           
   127                           ; 1 bytes @ 0x9
   128  00000A                     	ds	1
   129  00000B                     main@data:
   130                           	opt stack 0
   131                           
   132                           ; 1 bytes @ 0xA
   133  00000B                     	ds	1
   134                           tblptru	equ	0xFF8
   135                           
   136 ;;
   137 ;;Main: autosize = 0, tempsize = 0, incstack = 0, save=0
   138 ;;
   139 ;; *************** function _main *****************
   140 ;; Defined at:
   141 ;;		line 5 in file "main.c"
   142 ;; Parameters:    Size  Location     Type
   143 ;;		None
   144 ;; Auto vars:     Size  Location     Type
   145 ;;  data            1   10[COMRAM] unsigned char 
   146 ;; Return value:  Size  Location     Type
   147 ;;                  1    wreg      void 
   148 ;; Registers used:
   149 ;;		wreg, status,2, status,0, cstack
   150 ;; Tracked objects:
   151 ;;		On entry : 0/0
   152 ;;		On exit  : 0/0
   153 ;;		Unchanged: 0/0
   154 ;; Data sizes:     COMRAM   BANK0   BANK1   BANK2   BANK3   BANK4   BANK5   BANK6   BANK7
   155 ;;      Params:         0       0       0       0       0       0       0       0       0
   156 ;;      Locals:         1       0       0       0       0       0       0       0       0
   157 ;;      Temps:          0       0       0       0       0       0       0       0       0
   158 ;;      Totals:         1       0       0       0       0       0       0       0       0
   159 ;;Total ram usage:        1 bytes
   160 ;; Hardware stack levels required when called:    3
   161 ;; This function calls:
   162 ;;		_I2C_LCD_Init
   163 ;;		_I2C_Master_Init
   164 ;;		_I2C_Master_Start
   165 ;;		_I2C_Master_Stop
   166 ;; This function is called by:
   167 ;;		Startup code after reset
   168 ;; This function uses a non-reentrant model
   169 ;;
   170                           
   171                           	psect	text0
   172  007EEC                     __ptext0:
   173                           	opt stack 0
   174  007EEC                     _main:
   175                           	opt stack 28
   176                           
   177                           ;main.c: 7: UInt8_T data = 'A';
   178                           
   179                           ;incstack = 0
   180  007EEC  0E41               	movlw	65
   181  007EEE  6E0B               	movwf	main@data,c
   182                           
   183                           ;main.c: 9: I2C_Master_Init();
   184  007EF0  EC67  F03F         	call	_I2C_Master_Init	;wreg free
   185                           
   186                           ;main.c: 10: (void)I2C_Master_Start();
   187  007EF4  EC54  F03F         	call	_I2C_Master_Start	;wreg free
   188                           
   189                           ;main.c: 12: I2C_LCD_Init();
   190  007EF8  EC85  F03F         	call	_I2C_LCD_Init	;wreg free
   191                           
   192                           ;main.c: 15: I2C_Master_Stop();
   193  007EFC  EC58  F03F         	call	_I2C_Master_Stop	;wreg free
   194  007F00                     l845:
   195                           
   196                           ;main.c: 18: {
   197                           ;main.c: 20: ANSELBbits.ANSB4 = 0;
   198  007F00  010F               	movlb	15	; () banked
   199  007F02  995C               	bcf	92,4,b	;volatile
   200                           
   201                           ; BSR set to: 15
   202                           ;main.c: 21: TRISBbits.TRISB4 = 0;
   203  007F04  9893               	bcf	3987,4,c	;volatile
   204                           
   205                           ; BSR set to: 15
   206                           ;main.c: 22: LATBbits.LATB4 = 1;
   207  007F06  888A               	bsf	3978,4,c	;volatile
   208                           
   209                           ; BSR set to: 15
   210  007F08  D7FB               	goto	l845
   211  007F0A                     __end_of_main:
   212                           	opt stack 0
   213                           tblptru	equ	0xFF8
   214                           
   215 ;; *************** function _I2C_Master_Stop *****************
   216 ;; Defined at:
   217 ;;		line 121 in file "i2c.c"
   218 ;; Parameters:    Size  Location     Type
   219 ;;		None
   220 ;; Auto vars:     Size  Location     Type
   221 ;;		None
   222 ;; Return value:  Size  Location     Type
   223 ;;                  1    wreg      void 
   224 ;; Registers used:
   225 ;;		status,2, status,0
   226 ;; Tracked objects:
   227 ;;		On entry : 0/0
   228 ;;		On exit  : 0/0
   229 ;;		Unchanged: 0/0
   230 ;; Data sizes:     COMRAM   BANK0   BANK1   BANK2   BANK3   BANK4   BANK5   BANK6   BANK7
   231 ;;      Params:         0       0       0       0       0       0       0       0       0
   232 ;;      Locals:         0       0       0       0       0       0       0       0       0
   233 ;;      Temps:          0       0       0       0       0       0       0       0       0
   234 ;;      Totals:         0       0       0       0       0       0       0       0       0
   235 ;;Total ram usage:        0 bytes
   236 ;; Hardware stack levels used:    1
   237 ;; This function calls:
   238 ;;		Nothing
   239 ;; This function is called by:
   240 ;;		_main
   241 ;; This function uses a non-reentrant model
   242 ;;
   243                           
   244                           	psect	text1
   245  007EB0                     __ptext1:
   246                           	opt stack 0
   247  007EB0                     _I2C_Master_Stop:
   248                           	opt stack 30
   249                           
   250                           ;i2c.c: 123: SSP1CON2 |= 0b00000100;
   251                           
   252                           ; BSR set to: 15
   253                           ;incstack = 0
   254  007EB0  84C5               	bsf	4037,2,c	;volatile
   255  007EB2                     l54:
   256  007EB2  A4C5               	btfss	4037,2,c	;volatile
   257  007EB4  0012               	return	
   258  007EB6  D7FD               	goto	l54
   259  007EB8                     __end_of_I2C_Master_Stop:
   260                           	opt stack 0
   261                           tblptru	equ	0xFF8
   262                           
   263 ;; *************** function _I2C_Master_Start *****************
   264 ;; Defined at:
   265 ;;		line 84 in file "i2c.c"
   266 ;; Parameters:    Size  Location     Type
   267 ;;		None
   268 ;; Auto vars:     Size  Location     Type
   269 ;;		None
   270 ;; Return value:  Size  Location     Type
   271 ;;                  1    wreg      unsigned char 
   272 ;; Registers used:
   273 ;;		status,2, status,0
   274 ;; Tracked objects:
   275 ;;		On entry : 0/0
   276 ;;		On exit  : 0/0
   277 ;;		Unchanged: 0/0
   278 ;; Data sizes:     COMRAM   BANK0   BANK1   BANK2   BANK3   BANK4   BANK5   BANK6   BANK7
   279 ;;      Params:         0       0       0       0       0       0       0       0       0
   280 ;;      Locals:         0       0       0       0       0       0       0       0       0
   281 ;;      Temps:          0       0       0       0       0       0       0       0       0
   282 ;;      Totals:         0       0       0       0       0       0       0       0       0
   283 ;;Total ram usage:        0 bytes
   284 ;; Hardware stack levels used:    1
   285 ;; This function calls:
   286 ;;		Nothing
   287 ;; This function is called by:
   288 ;;		_main
   289 ;; This function uses a non-reentrant model
   290 ;;
   291                           
   292                           	psect	text2
   293  007EA8                     __ptext2:
   294                           	opt stack 0
   295  007EA8                     _I2C_Master_Start:
   296                           	opt stack 30
   297                           
   298                           ;i2c.c: 87: SSP1CON2 |= 0b00000001;
   299                           
   300                           ;incstack = 0
   301  007EA8  80C5               	bsf	4037,0,c	;volatile
   302  007EAA                     l42:
   303  007EAA  A0C5               	btfss	4037,0,c	;volatile
   304  007EAC  0012               	return	
   305  007EAE  D7FD               	goto	l42
   306  007EB0                     __end_of_I2C_Master_Start:
   307                           	opt stack 0
   308                           tblptru	equ	0xFF8
   309                           
   310 ;; *************** function _I2C_Master_Init *****************
   311 ;; Defined at:
   312 ;;		line 59 in file "i2c.c"
   313 ;; Parameters:    Size  Location     Type
   314 ;;		None
   315 ;; Auto vars:     Size  Location     Type
   316 ;;		None
   317 ;; Return value:  Size  Location     Type
   318 ;;                  1    wreg      void 
   319 ;; Registers used:
   320 ;;		wreg, status,2
   321 ;; Tracked objects:
   322 ;;		On entry : 0/0
   323 ;;		On exit  : 0/0
   324 ;;		Unchanged: 0/0
   325 ;; Data sizes:     COMRAM   BANK0   BANK1   BANK2   BANK3   BANK4   BANK5   BANK6   BANK7
   326 ;;      Params:         0       0       0       0       0       0       0       0       0
   327 ;;      Locals:         0       0       0       0       0       0       0       0       0
   328 ;;      Temps:          0       0       0       0       0       0       0       0       0
   329 ;;      Totals:         0       0       0       0       0       0       0       0       0
   330 ;;Total ram usage:        0 bytes
   331 ;; Hardware stack levels used:    1
   332 ;; This function calls:
   333 ;;		Nothing
   334 ;; This function is called by:
   335 ;;		_main
   336 ;; This function uses a non-reentrant model
   337 ;;
   338                           
   339                           	psect	text3
   340  007ECE                     __ptext3:
   341                           	opt stack 0
   342  007ECE                     _I2C_Master_Init:
   343                           	opt stack 30
   344                           
   345                           ;i2c.c: 61: SSP1CON1 = 0b00100000 | 0b00001000;
   346                           
   347                           ;incstack = 0
   348  007ECE  0E28               	movlw	40
   349  007ED0  6EC6               	movwf	4038,c	;volatile
   350                           
   351                           ;i2c.c: 62: SSP1CON2 = 0;
   352  007ED2  0E00               	movlw	0
   353  007ED4  6EC5               	movwf	4037,c	;volatile
   354                           
   355                           ;i2c.c: 63: SSP1ADD = 0x27;
   356  007ED6  0E27               	movlw	39
   357  007ED8  6EC8               	movwf	4040,c	;volatile
   358                           
   359                           ;i2c.c: 64: SSP1STAT = 0b10000000;
   360  007EDA  0E80               	movlw	128
   361  007EDC  6EC7               	movwf	4039,c	;volatile
   362                           
   363                           ;i2c.c: 66: ANSELBbits.ANSB0 = 0;
   364  007EDE  010F               	movlb	15	; () banked
   365  007EE0  915C               	bcf	92,0,b	;volatile
   366                           
   367                           ; BSR set to: 15
   368                           ;i2c.c: 67: ANSELBbits.ANSB1 = 0;
   369  007EE2  010F               	movlb	15	; () banked
   370  007EE4  935C               	bcf	92,1,b	;volatile
   371                           
   372                           ; BSR set to: 15
   373                           ;i2c.c: 69: (TRISBbits.TRISB0) = 1;
   374  007EE6  8093               	bsf	3987,0,c	;volatile
   375                           
   376                           ; BSR set to: 15
   377                           ;i2c.c: 70: (TRISBbits.TRISB1) = 1;
   378  007EE8  8293               	bsf	3987,1,c	;volatile
   379                           
   380                           ; BSR set to: 15
   381  007EEA  0012               	return		;funcret
   382  007EEC                     __end_of_I2C_Master_Init:
   383                           	opt stack 0
   384                           tblptru	equ	0xFF8
   385                           
   386 ;; *************** function _I2C_LCD_Init *****************
   387 ;; Defined at:
   388 ;;		line 100 in file "i2c_LCD.c"
   389 ;; Parameters:    Size  Location     Type
   390 ;;		None
   391 ;; Auto vars:     Size  Location     Type
   392 ;;		None
   393 ;; Return value:  Size  Location     Type
   394 ;;                  1    wreg      void 
   395 ;; Registers used:
   396 ;;		wreg, status,2, status,0, cstack
   397 ;; Tracked objects:
   398 ;;		On entry : 0/0
   399 ;;		On exit  : 0/0
   400 ;;		Unchanged: 0/0
   401 ;; Data sizes:     COMRAM   BANK0   BANK1   BANK2   BANK3   BANK4   BANK5   BANK6   BANK7
   402 ;;      Params:         0       0       0       0       0       0       0       0       0
   403 ;;      Locals:         0       0       0       0       0       0       0       0       0
   404 ;;      Temps:          0       0       0       0       0       0       0       0       0
   405 ;;      Totals:         0       0       0       0       0       0       0       0       0
   406 ;;Total ram usage:        0 bytes
   407 ;; Hardware stack levels used:    1
   408 ;; Hardware stack levels required when called:    2
   409 ;; This function calls:
   410 ;;		_I2C_LCD_WriteByte
   411 ;;		_I2C_Master_Write
   412 ;; This function is called by:
   413 ;;		_main
   414 ;; This function uses a non-reentrant model
   415 ;;
   416                           
   417                           	psect	text4
   418  007F0A                     __ptext4:
   419                           	opt stack 0
   420  007F0A                     _I2C_LCD_Init:
   421                           	opt stack 28
   422                           
   423                           ;i2c_LCD.c: 103: (void)I2C_Master_Write((0x3F << 1) | 0b00000000);
   424                           
   425                           ; BSR set to: 15
   426                           ;incstack = 0
   427  007F0A  0E7E               	movlw	126
   428  007F0C  EC61  F03F         	call	_I2C_Master_Write
   429                           
   430                           ;i2c_LCD.c: 106: I2C_LCD_WriteByte(0x28, I2C_LCD_SEND_COMMAND);
   431  007F10  0E01               	movlw	1
   432  007F12  6E06               	movwf	I2C_LCD_WriteByte@dataOrCommand,c
   433  007F14  0E28               	movlw	40
   434  007F16  ECB9  F03F         	call	_I2C_LCD_WriteByte
   435                           
   436                           ;i2c_LCD.c: 109: I2C_LCD_WriteByte(0x01, I2C_LCD_SEND_COMMAND);
   437  007F1A  0E01               	movlw	1
   438  007F1C  6E06               	movwf	I2C_LCD_WriteByte@dataOrCommand,c
   439  007F1E  0E01               	movlw	1
   440  007F20  ECB9  F03F         	call	_I2C_LCD_WriteByte
   441                           
   442                           ;i2c_LCD.c: 112: I2C_LCD_WriteByte(0x0F, I2C_LCD_SEND_COMMAND);
   443  007F24  0E01               	movlw	1
   444  007F26  6E06               	movwf	I2C_LCD_WriteByte@dataOrCommand,c
   445  007F28  0E0F               	movlw	15
   446  007F2A  ECB9  F03F         	call	_I2C_LCD_WriteByte
   447                           
   448                           ;i2c_LCD.c: 115: I2C_LCD_WriteByte(0x02, I2C_LCD_SEND_COMMAND);
   449  007F2E  0E01               	movlw	1
   450  007F30  6E06               	movwf	I2C_LCD_WriteByte@dataOrCommand,c
   451  007F32  0E02               	movlw	2
   452  007F34  ECB9  F03F         	call	_I2C_LCD_WriteByte
   453  007F38  0012               	return		;funcret
   454  007F3A                     __end_of_I2C_LCD_Init:
   455                           	opt stack 0
   456                           tblptru	equ	0xFF8
   457                           
   458 ;; *************** function _I2C_LCD_WriteByte *****************
   459 ;; Defined at:
   460 ;;		line 55 in file "i2c_LCD.c"
   461 ;; Parameters:    Size  Location     Type
   462 ;;  data            1    wreg     unsigned char 
   463 ;;  dataOrComman    1    5[COMRAM] enum E5880
   464 ;; Auto vars:     Size  Location     Type
   465 ;;  data            1    6[COMRAM] unsigned char 
   466 ;;  rotatedByte     1    9[COMRAM] unsigned char 
   467 ;;  newByteToSen    1    8[COMRAM] unsigned char 
   468 ;;  byteToSend      1    7[COMRAM] unsigned char 
   469 ;; Return value:  Size  Location     Type
   470 ;;                  1    wreg      void 
   471 ;; Registers used:
   472 ;;		wreg, status,2, status,0, cstack
   473 ;; Tracked objects:
   474 ;;		On entry : 0/0
   475 ;;		On exit  : 0/0
   476 ;;		Unchanged: 0/0
   477 ;; Data sizes:     COMRAM   BANK0   BANK1   BANK2   BANK3   BANK4   BANK5   BANK6   BANK7
   478 ;;      Params:         1       0       0       0       0       0       0       0       0
   479 ;;      Locals:         4       0       0       0       0       0       0       0       0
   480 ;;      Temps:          0       0       0       0       0       0       0       0       0
   481 ;;      Totals:         5       0       0       0       0       0       0       0       0
   482 ;;Total ram usage:        5 bytes
   483 ;; Hardware stack levels used:    1
   484 ;; Hardware stack levels required when called:    1
   485 ;; This function calls:
   486 ;;		_I2C_Master_Write
   487 ;;		_rotateByte
   488 ;; This function is called by:
   489 ;;		_I2C_LCD_Init
   490 ;;		_I2C_LCD_SendMsg
   491 ;;		_I2C_LCD_ClearLCD
   492 ;; This function uses a non-reentrant model
   493 ;;
   494                           
   495                           	psect	text5
   496  007F72                     __ptext5:
   497                           	opt stack 0
   498  007F72                     _I2C_LCD_WriteByte:
   499                           	opt stack 28
   500                           
   501                           ;incstack = 0
   502                           ;I2C_LCD_WriteByte@data stored from wreg
   503  007F72  6E07               	movwf	I2C_LCD_WriteByte@data,c
   504                           
   505                           ;i2c_LCD.c: 57: UInt8_T byteToSend = 0;
   506  007F74  0E00               	movlw	0
   507  007F76  6E08               	movwf	I2C_LCD_WriteByte@byteToSend,c
   508                           
   509                           ;i2c_LCD.c: 58: UInt8_T newByteToSend = 0;
   510  007F78  0E00               	movlw	0
   511  007F7A  6E09               	movwf	I2C_LCD_WriteByte@newByteToSend,c
   512                           
   513                           ;i2c_LCD.c: 59: UInt8_T rotatedByte = 0;
   514  007F7C  0E00               	movlw	0
   515  007F7E  6E0A               	movwf	I2C_LCD_WriteByte@rotatedByte,c
   516                           
   517                           ;i2c_LCD.c: 61: switch (dataOrCommand)
   518  007F80  D005               	goto	l803
   519  007F82                     l797:
   520                           
   521                           ;i2c_LCD.c: 64: byteToSend = (UInt8_T)0b10010000;
   522  007F82  0E90               	movlw	144
   523  007F84  D001               	goto	L1
   524  007F86                     l799:
   525                           
   526                           ;i2c_LCD.c: 67: byteToSend = (UInt8_T)0b00010000;
   527  007F86  0E10               	movlw	16
   528  007F88                     L1:
   529  007F88  6E08               	movwf	I2C_LCD_WriteByte@byteToSend,c
   530                           
   531                           ;i2c_LCD.c: 71: }
   532                           
   533                           ;i2c_LCD.c: 70: break;
   534                           
   535                           ;i2c_LCD.c: 69: default:
   536                           
   537                           ;i2c_LCD.c: 68: break;
   538  007F8A  D007               	goto	l805
   539  007F8C                     l803:
   540  007F8C  5006               	movf	I2C_LCD_WriteByte@dataOrCommand,w,c
   541                           
   542                           ; Switch size 1, requested type "space"
   543                           ; Number of cases is 2, Range of values is 0 to 1
   544                           ; switch strategies available:
   545                           ; Name         Instructions Cycles
   546                           ; simple_byte            7     4 (average)
   547                           ;	Chosen strategy is simple_byte
   548  007F8E  0A00               	xorlw	0	; case 0
   549  007F90  B4D8               	btfsc	status,2,c
   550  007F92  D7F7               	goto	l797
   551  007F94  0A01               	xorlw	1	; case 1
   552  007F96  B4D8               	btfsc	status,2,c
   553  007F98  D7F6               	goto	l799
   554  007F9A                     l805:
   555                           
   556                           ;i2c_LCD.c: 73: newByteToSend = (UInt8_T)(byteToSend | 0b00110000 | ((data & 0xF0) >> 4)
      +                          );
   557  007F9A  3807               	swapf	I2C_LCD_WriteByte@data,w,c
   558  007F9C  0B0F               	andlw	15
   559  007F9E  0B0F               	andlw	15
   560  007FA0  1008               	iorwf	I2C_LCD_WriteByte@byteToSend,w,c
   561  007FA2  0930               	iorlw	48
   562  007FA4  6E09               	movwf	I2C_LCD_WriteByte@newByteToSend,c
   563                           
   564                           ;i2c_LCD.c: 74: rotatedByte = rotateByte(newByteToSend);
   565  007FA6  5009               	movf	I2C_LCD_WriteByte@newByteToSend,w,c
   566  007FA8  EC9D  F03F         	call	_rotateByte
   567  007FAC  6E0A               	movwf	I2C_LCD_WriteByte@rotatedByte,c
   568                           
   569                           ;i2c_LCD.c: 75: (void)I2C_Master_Write(rotatedByte);
   570  007FAE  500A               	movf	I2C_LCD_WriteByte@rotatedByte,w,c
   571  007FB0  EC61  F03F         	call	_I2C_Master_Write
   572                           
   573                           ;i2c_LCD.c: 76: newByteToSend = (UInt8_T)(byteToSend | 0b00010000 | ((data & 0xF0) >> 4)
      +                          );
   574  007FB4  3807               	swapf	I2C_LCD_WriteByte@data,w,c
   575  007FB6  0B0F               	andlw	15
   576  007FB8  0B0F               	andlw	15
   577  007FBA  1008               	iorwf	I2C_LCD_WriteByte@byteToSend,w,c
   578  007FBC  0910               	iorlw	16
   579  007FBE  6E09               	movwf	I2C_LCD_WriteByte@newByteToSend,c
   580                           
   581                           ;i2c_LCD.c: 77: rotatedByte = rotateByte(newByteToSend);
   582  007FC0  5009               	movf	I2C_LCD_WriteByte@newByteToSend,w,c
   583  007FC2  EC9D  F03F         	call	_rotateByte
   584  007FC6  6E0A               	movwf	I2C_LCD_WriteByte@rotatedByte,c
   585                           
   586                           ;i2c_LCD.c: 78: (void)I2C_Master_Write(rotatedByte);
   587  007FC8  500A               	movf	I2C_LCD_WriteByte@rotatedByte,w,c
   588  007FCA  EC61  F03F         	call	_I2C_Master_Write
   589                           
   590                           ;i2c_LCD.c: 81: newByteToSend = (UInt8_T)(byteToSend | 0b00110000 | (data & 0x0F));
   591  007FCE  5007               	movf	I2C_LCD_WriteByte@data,w,c
   592  007FD0  0B0F               	andlw	15
   593  007FD2  1008               	iorwf	I2C_LCD_WriteByte@byteToSend,w,c
   594  007FD4  0930               	iorlw	48
   595  007FD6  6E09               	movwf	I2C_LCD_WriteByte@newByteToSend,c
   596                           
   597                           ;i2c_LCD.c: 82: rotatedByte = rotateByte(newByteToSend);
   598  007FD8  5009               	movf	I2C_LCD_WriteByte@newByteToSend,w,c
   599  007FDA  EC9D  F03F         	call	_rotateByte
   600  007FDE  6E0A               	movwf	I2C_LCD_WriteByte@rotatedByte,c
   601                           
   602                           ;i2c_LCD.c: 83: (void)I2C_Master_Write(rotatedByte);
   603  007FE0  500A               	movf	I2C_LCD_WriteByte@rotatedByte,w,c
   604  007FE2  EC61  F03F         	call	_I2C_Master_Write
   605                           
   606                           ;i2c_LCD.c: 84: newByteToSend = (UInt8_T)(byteToSend | 0b00010000 | (data & 0x0F));
   607  007FE6  5007               	movf	I2C_LCD_WriteByte@data,w,c
   608  007FE8  0B0F               	andlw	15
   609  007FEA  1008               	iorwf	I2C_LCD_WriteByte@byteToSend,w,c
   610  007FEC  0910               	iorlw	16
   611  007FEE  6E09               	movwf	I2C_LCD_WriteByte@newByteToSend,c
   612                           
   613                           ;i2c_LCD.c: 85: rotatedByte = rotateByte(newByteToSend);
   614  007FF0  5009               	movf	I2C_LCD_WriteByte@newByteToSend,w,c
   615  007FF2  EC9D  F03F         	call	_rotateByte
   616  007FF6  6E0A               	movwf	I2C_LCD_WriteByte@rotatedByte,c
   617                           
   618                           ;i2c_LCD.c: 86: (void)I2C_Master_Write(rotatedByte);
   619  007FF8  500A               	movf	I2C_LCD_WriteByte@rotatedByte,w,c
   620  007FFA  EC61  F03F         	call	_I2C_Master_Write
   621  007FFE  0012               	return		;funcret
   622  008000                     __end_of_I2C_LCD_WriteByte:
   623                           	opt stack 0
   624                           tblptru	equ	0xFF8
   625                           status	equ	0xFD8
   626                           
   627 ;; *************** function _rotateByte *****************
   628 ;; Defined at:
   629 ;;		line 30 in file "i2c_LCD.c"
   630 ;; Parameters:    Size  Location     Type
   631 ;;  byte            1    wreg     unsigned char 
   632 ;; Auto vars:     Size  Location     Type
   633 ;;  byte            1    3[COMRAM] unsigned char 
   634 ;;  i               1    4[COMRAM] char 
   635 ;;  rotatedByte     1    2[COMRAM] unsigned char 
   636 ;; Return value:  Size  Location     Type
   637 ;;                  1    wreg      unsigned char 
   638 ;; Registers used:
   639 ;;		wreg, status,2, status,0
   640 ;; Tracked objects:
   641 ;;		On entry : 0/0
   642 ;;		On exit  : 0/0
   643 ;;		Unchanged: 0/0
   644 ;; Data sizes:     COMRAM   BANK0   BANK1   BANK2   BANK3   BANK4   BANK5   BANK6   BANK7
   645 ;;      Params:         0       0       0       0       0       0       0       0       0
   646 ;;      Locals:         3       0       0       0       0       0       0       0       0
   647 ;;      Temps:          2       0       0       0       0       0       0       0       0
   648 ;;      Totals:         5       0       0       0       0       0       0       0       0
   649 ;;Total ram usage:        5 bytes
   650 ;; Hardware stack levels used:    1
   651 ;; This function calls:
   652 ;;		Nothing
   653 ;; This function is called by:
   654 ;;		_I2C_LCD_WriteByte
   655 ;; This function uses a non-reentrant model
   656 ;;
   657                           
   658                           	psect	text6
   659  007F3A                     __ptext6:
   660                           	opt stack 0
   661  007F3A                     _rotateByte:
   662                           	opt stack 28
   663                           
   664                           ;incstack = 0
   665                           ;rotateByte@byte stored from wreg
   666  007F3A  6E04               	movwf	rotateByte@byte,c
   667                           
   668                           ;i2c_LCD.c: 32: UInt8_T rotatedByte = 0;
   669  007F3C  0E00               	movlw	0
   670  007F3E  6E03               	movwf	rotateByte@rotatedByte,c
   671                           
   672                           ;i2c_LCD.c: 33: SInt8_T i;
   673                           ;i2c_LCD.c: 34: for(i = 7; i >= 0; i--)
   674  007F40  0E07               	movlw	7
   675  007F42  6E05               	movwf	rotateByte@i,c
   676  007F44                     l707:
   677  007F44  BE05               	btfsc	rotateByte@i,7,c
   678  007F46  D013               	goto	l717
   679                           
   680                           ;i2c_LCD.c: 35: {
   681                           ;i2c_LCD.c: 36: rotatedByte |= (UInt8_T)((byte & 0b10000000) >> i);
   682  007F48  C005  F001         	movff	rotateByte@i,??_rotateByte
   683  007F4C  C004  F002         	movff	rotateByte@byte,??_rotateByte+1
   684  007F50  0E80               	movlw	128
   685  007F52  1602               	andwf	??_rotateByte+1,f,c
   686  007F54  2A01               	incf	??_rotateByte,f,c
   687  007F56  D002               	goto	u34
   688  007F58                     u35:
   689  007F58  90D8               	bcf	status,0,c
   690  007F5A  3202               	rrcf	??_rotateByte+1,f,c
   691  007F5C                     u34:
   692  007F5C  2E01               	decfsz	??_rotateByte,f,c
   693  007F5E  D7FC               	goto	u35
   694  007F60  5002               	movf	??_rotateByte+1,w,c
   695  007F62  1203               	iorwf	rotateByte@rotatedByte,f,c
   696                           
   697                           ;i2c_LCD.c: 37: byte = (UInt8_T)(byte << 1);
   698  007F64  5004               	movf	rotateByte@byte,w,c
   699  007F66  2404               	addwf	rotateByte@byte,w,c
   700  007F68  6E04               	movwf	rotateByte@byte,c
   701  007F6A  0605               	decf	rotateByte@i,f,c
   702  007F6C  D7EB               	goto	l707
   703  007F6E                     l717:
   704                           
   705                           ;i2c_LCD.c: 38: }
   706                           ;i2c_LCD.c: 40: return rotatedByte;
   707  007F6E  5003               	movf	rotateByte@rotatedByte,w,c
   708  007F70  0012               	return	
   709  007F72                     __end_of_rotateByte:
   710                           	opt stack 0
   711                           tblptru	equ	0xFF8
   712                           status	equ	0xFD8
   713                           
   714 ;; *************** function _I2C_Master_Write *****************
   715 ;; Defined at:
   716 ;;		line 103 in file "i2c.c"
   717 ;; Parameters:    Size  Location     Type
   718 ;;  data            1    wreg     unsigned char 
   719 ;; Auto vars:     Size  Location     Type
   720 ;;  data            1    0[COMRAM] unsigned char 
   721 ;; Return value:  Size  Location     Type
   722 ;;                  1    wreg      unsigned char 
   723 ;; Registers used:
   724 ;;		wreg
   725 ;; Tracked objects:
   726 ;;		On entry : 0/0
   727 ;;		On exit  : 0/0
   728 ;;		Unchanged: 0/0
   729 ;; Data sizes:     COMRAM   BANK0   BANK1   BANK2   BANK3   BANK4   BANK5   BANK6   BANK7
   730 ;;      Params:         0       0       0       0       0       0       0       0       0
   731 ;;      Locals:         1       0       0       0       0       0       0       0       0
   732 ;;      Temps:          0       0       0       0       0       0       0       0       0
   733 ;;      Totals:         1       0       0       0       0       0       0       0       0
   734 ;;Total ram usage:        1 bytes
   735 ;; Hardware stack levels used:    1
   736 ;; This function calls:
   737 ;;		Nothing
   738 ;; This function is called by:
   739 ;;		_I2C_LCD_WriteByte
   740 ;;		_I2C_LCD_Init
   741 ;; This function uses a non-reentrant model
   742 ;;
   743                           
   744                           	psect	text7
   745  007EC2                     __ptext7:
   746                           	opt stack 0
   747  007EC2                     _I2C_Master_Write:
   748                           	opt stack 29
   749                           
   750                           ;incstack = 0
   751                           ;I2C_Master_Write@data stored from wreg
   752  007EC2  6E01               	movwf	I2C_Master_Write@data,c
   753                           
   754                           ;i2c.c: 105: SSP1BUF = data;
   755  007EC4  C001  FFC9         	movff	I2C_Master_Write@data,4041	;volatile
   756  007EC8                     l48:
   757  007EC8  A4C7               	btfss	4039,2,c	;volatile
   758  007ECA  0012               	return	
   759  007ECC  D7FD               	goto	l48
   760  007ECE                     __end_of_I2C_Master_Write:
   761                           	opt stack 0
   762  0000                     tblptru	equ	0xFF8
   763                           status	equ	0xFD8
   764                           tblptru	equ	0xFF8
   765                           status	equ	0xFD8
   766                           
   767                           	psect	rparam
   768  0000                     tblptru	equ	0xFF8
   769                           status	equ	0xFD8


Data Sizes:
    Strings     0
    Constant    0
    Data        0
    BSS         0
    Persistent  0
    Stack       0

Auto Spaces:
    Space          Size  Autos    Used
    COMRAM           95     11      11
    BANK0           160      0       0
    BANK1           256      0       0
    BANK2           256      0       0
    BANK3           256      0       0
    BANK4           256      0       0
    BANK5           256      0       0
    BANK6           256      0       0
    BANK7           256      0       0

Pointer List with Targets:

    None.

Critical Paths under _main in COMRAM

    _I2C_LCD_Init->_I2C_LCD_WriteByte
    _I2C_LCD_WriteByte->_rotateByte

Critical Paths under _main in BANK0

    None.

Critical Paths under _main in BANK1

    None.

Critical Paths under _main in BANK2

    None.

Critical Paths under _main in BANK3

    None.

Critical Paths under _main in BANK4

    None.

Critical Paths under _main in BANK5

    None.

Critical Paths under _main in BANK6

    None.

Critical Paths under _main in BANK7

    None.

Call Graph Tables:

 ---------------------------------------------------------------------------------
 (Depth) Function   	        Calls       Base Space   Used Autos Params    Refs
 ---------------------------------------------------------------------------------
 (0) _main                                                 1     1      0    1040
                                             10 COMRAM     1     1      0
                       _I2C_LCD_Init
                    _I2C_Master_Init
                   _I2C_Master_Start
                    _I2C_Master_Stop
 ---------------------------------------------------------------------------------
 (1) _I2C_Master_Stop                                      0     0      0       0
 ---------------------------------------------------------------------------------
 (1) _I2C_Master_Start                                     0     0      0       0
 ---------------------------------------------------------------------------------
 (1) _I2C_Master_Init                                      0     0      0       0
 ---------------------------------------------------------------------------------
 (1) _I2C_LCD_Init                                         0     0      0    1039
                  _I2C_LCD_WriteByte
                   _I2C_Master_Write
 ---------------------------------------------------------------------------------
 (2) _I2C_LCD_WriteByte                                    5     4      1    1024
                                              5 COMRAM     5     4      1
                   _I2C_Master_Write
                         _rotateByte
 ---------------------------------------------------------------------------------
 (3) _rotateByte                                           5     5      0      90
                                              0 COMRAM     5     5      0
 ---------------------------------------------------------------------------------
 (2) _I2C_Master_Write                                     1     1      0      15
                                              0 COMRAM     1     1      0
 ---------------------------------------------------------------------------------
 Estimated maximum stack depth 3
 ---------------------------------------------------------------------------------

 Call Graph Graphs:

 _main (ROOT)
   _I2C_LCD_Init
     _I2C_LCD_WriteByte
       _I2C_Master_Write
       _rotateByte
     _I2C_Master_Write
   _I2C_Master_Init
   _I2C_Master_Start
   _I2C_Master_Stop

 Address spaces:
Name               Size   Autos  Total    Cost      Usage
BITCOMRAM           5F      0       0       0        0.0%
EEDATA             100      0       0       0        0.0%
NULL                 0      0       0       0        0.0%
CODE                 0      0       0       0        0.0%
COMRAM              5F      B       B       1       11.6%
STACK                0      0       0       2        0.0%
DATA                 0      0       0       3        0.0%
BITBANK0            A0      0       0       4        0.0%
BANK0               A0      0       0       5        0.0%
ABS                  0      0       0       6        0.0%
BITBANK1           100      0       0       7        0.0%
BANK1              100      0       0       8        0.0%
BITBANK2           100      0       0       9        0.0%
BANK2              100      0       0      10        0.0%
BITBANK3           100      0       0      11        0.0%
BANK3              100      0       0      12        0.0%
BITBANK4           100      0       0      13        0.0%
BANK4              100      0       0      14        0.0%
BITBANK5           100      0       0      15        0.0%
BANK5              100      0       0      16        0.0%
BITBANK6           100      0       0      17        0.0%
BANK6              100      0       0      18        0.0%
BITBANK7           100      0       0      19        0.0%
BANK7              100      0       0      20        0.0%
BIGRAM             7FF      0       0      21        0.0%
BITSFR_1             0      0       0     200        0.0%
SFR_1                0      0       0     200        0.0%
BITSFR               0      0       0     200        0.0%
SFR                  0      0       0     200        0.0%


Microchip Technology PIC18 Macro Assembler V1.42 build -159332390 
Symbol Table                                                                                   Sun Apr 08 17:24:34 2018

                            l42 7EAA                              l54 7EB2                              l48 7EC8  
                            u34 7F5C                              u35 7F58                             l707 7F44  
                           l803 7F8C                             l717 7F6E                             l805 7F9A  
                           l845 7F00                             l797 7F82                             l799 7F86  
                  _I2C_LCD_Init 7F0A                            _main 7EEC                            start 1000  
                  ___param_bank 000000                ?_I2C_Master_Init 0001                ?_I2C_Master_Stop 0001  
                         ?_main 0001                           status 000FD8                 __initialization 7EB8  
                  __end_of_main 7F0A     I2C_LCD_WriteByte@byteToSend 0008                          ??_main 000B  
                 __activetblptr 000002               ?_I2C_Master_Start 0001               ?_I2C_Master_Write 0001  
            ??_I2C_Master_Start 0001              ??_I2C_Master_Write 0001               _I2C_LCD_WriteByte 7F72  
            ?_I2C_LCD_WriteByte 0006                          tblptru 000FF8           I2C_LCD_WriteByte@data 0007  
           ??_I2C_LCD_WriteByte 0007                      __accesstop 0060         __end_of__initialization 7EB8  
                 ___rparam_used 000001                  __pcstackCOMRAM 0001       __end_of_I2C_LCD_WriteByte 8000  
I2C_LCD_WriteByte@newByteToSend 0009                         _SSP1ADD 000FC8                         _SSP1BUF 000FC9  
                       __Hparam 0000                         __Lparam 0000      __size_of_I2C_LCD_WriteByte 008E  
                       __pcinit 7EB8                         __ramtop 0800                         __ptext0 7EEC  
                       __ptext1 7EB0                         __ptext2 7EA8                         __ptext3 7ECE  
                       __ptext4 7F0A                         __ptext5 7F72                         __ptext6 7F3A  
                       __ptext7 7EC2        __size_of_I2C_Master_Init 001E        __size_of_I2C_Master_Stop 0008  
          end_of_initialization 7EB8                   __Lmediumconst 0000       __size_of_I2C_Master_Start 0008  
     __size_of_I2C_Master_Write 000C    I2C_LCD_WriteByte@rotatedByte 000A                       _TRISBbits 000F93  
                    _rotateByte 7F3A  I2C_LCD_WriteByte@dataOrCommand 0006             start_initialization 7EB8  
                 ?_I2C_LCD_Init 0001                     rotateByte@i 0005               ??_I2C_Master_Init 0001  
             ??_I2C_Master_Stop 0001                  rotateByte@byte 0004                  ??_I2C_LCD_Init 000B  
                   ?_rotateByte 0001                _I2C_Master_Start 7EA8                _I2C_Master_Write 7EC2  
         rotateByte@rotatedByte 0003            I2C_Master_Write@data 0001                        _LATBbits 000F8A  
                      _SSP1CON1 000FC6                        _SSP1CON2 000FC5             __size_of_rotateByte 0038  
                      _SSP1STAT 000FC7                        __Hrparam 0000                        __Lrparam 0000  
          __end_of_I2C_LCD_Init 7F3A                      _ANSELBbits 000F5C                 _I2C_Master_Init 7ECE  
               _I2C_Master_Stop 7EB0                   __size_of_main 001E                        main@data 000B  
      __end_of_I2C_Master_Start 7EB0        __end_of_I2C_Master_Write 7ECE                    ??_rotateByte 0001  
            __end_of_rotateByte 7F72         __end_of_I2C_Master_Init 7EEC         __end_of_I2C_Master_Stop 7EB8  
         __size_of_I2C_LCD_Init 0030  
