

Microchip Technology PIC18 LITE Macro Assembler V1.42 build -159332390 
                                                                                               Sun Jul 30 01:36:43 2017

Microchip Technology Omniscient Code Generator v1.42 (Free mode) build 201704130522
     1                           	processor	18F45K50
     2                           	fnconf	rparam,??,?,0
     3                           	opt	pw 120
     4                           	opt	lm
     5                           	psect	smallconst,global,reloc=2,class=SMALLCONST,delta=1,noexec
     6                           	psect	cinit,global,reloc=2,class=CODE,delta=1
     7                           	psect	bssCOMRAM,global,class=COMRAM,space=1,delta=1,noexec
     8                           	psect	bssBANK0,global,class=BANK0,space=1,delta=1,lowdata,noexec
     9                           	psect	cstackCOMRAM,global,class=COMRAM,space=1,delta=1,noexec
    10                           	psect	text0,global,reloc=2,class=CODE,delta=1
    11                           	psect	text1,global,reloc=2,class=CODE,delta=1
    12                           	psect	text2,global,reloc=2,class=CODE,delta=1,group=1
    13                           	psect	text3,global,reloc=2,class=CODE,delta=1
    14                           	psect	text4,global,reloc=2,class=CODE,delta=1
    15                           	psect	intcode,global,reloc=2,class=CODE,delta=1
    16                           	psect	intsave_regs,global,class=BIGRAM,space=1,delta=1,noexec
    17                           	psect	rparam,global,class=COMRAM,space=1,delta=1,noexec
    18                           	psect	temp,global,ovrld,common,class=COMRAM,space=1,delta=1
    19  0000                     
    20                           ; Version 1.42
    21                           ; Generated 13/04/2017 GMT
    22                           ; 
    23                           ; Copyright © 2017, Microchip Technology Inc. and its subsidiaries ("Microchip")
    24                           ; All rights reserved.
    25                           ; 
    26                           ; This software is developed by Microchip Technology Inc. and its subsidiaries ("Microch
      +                          ip").
    27                           ; 
    28                           ; Redistribution and use in source and binary forms, with or without modification, are
    29                           ; permitted provided that the following conditions are met:
    30                           ; 
    31                           ;     1. Redistributions of source code must retain the above copyright notice, this lis
      +                          t of
    32                           ;        conditions and the following disclaimer.
    33                           ; 
    34                           ;     2. Redistributions in binary form must reproduce the above copyright notice, this 
      +                          list
    35                           ;        of conditions and the following disclaimer in the documentation and/or other
    36                           ;        materials provided with the distribution.
    37                           ; 
    38                           ;     3. Microchip's name may not be used to endorse or promote products derived from th
      +                          is
    39                           ;        software without specific prior written permission.
    40                           ; 
    41                           ; THIS SOFTWARE IS PROVIDED BY MICROCHIP "AS IS" AND ANY EXPRESS OR IMPLIED WARRANTIES,
    42                           ; INCLUDING, BUT NOT LIMITED TO, THE IMPLIED WARRANTIES OF MERCHANTABILITY AND FITNESS F
      +                          OR
    43                           ; PURPOSE ARE DISCLAIMED.  IN NO EVENT SHALL MICROCHIP BE LIABLE FOR ANY DIRECT, INDIREC
      +                          T,
    44                           ; INCIDENTAL, SPECIAL, EXEMPLARY, OR CONSEQUENTIAL DAMAGES (INCLUDING BUT NOT LIMITED TO
    45                           ; PROCUREMENT OF SUBSTITUTE GOODS OR SERVICES; LOSS OF USE, DATA OR PROFITS; OR BUSINESS
    46                           ; INTERRUPTION) HOWSOEVER CAUSED AND ON ANY THEORY OF LIABILITY, WHETHER IN CONTRACT, ST
      +                          RICT
    47                           ; LIABILITY, OR TORT (INCLUDING NEGLIGENCE OR OTHERWISE) ARISING IN ANY WAY OUT OF THE U
      +                          SE OF
    48                           ; THIS SOFTWARE, EVEN IF ADVISED OF THE POSSIBILITY OF SUCH DAMAGE.
    49                           ; 
    50                           ; 
    51                           ; Code-generator required, PIC18F45K50 Definitions
    52                           ; 
    53                           ; SFR Addresses
    54  0000                     _ANSELAbits	set	3931
    55  0000                     _ANSELD	set	3934
    56  0000                     _ANSELC	set	3933
    57  0000                     _ADRESL	set	4035
    58  0000                     _ADRESH	set	4036
    59  0000                     _ADCON0bits	set	4034
    60  0000                     _INTCONbits	set	4082
    61  0000                     _PIR1bits	set	3998
    62  0000                     _RCREG1	set	4014
    63  0000                     _TXREG1	set	4013
    64  0000                     _PIE1bits	set	3997
    65  0000                     _RCSTA1bits	set	4011
    66  0000                     _TXSTA1bits	set	4012
    67  0000                     _SPBRG1	set	4015
    68  0000                     _SPBRGH1	set	4016
    69  0000                     _BAUDCON1bits	set	4024
    70  0000                     _TRISCbits	set	3988
    71  0000                     _ADCON0	set	4034
    72  0000                     _ADCON1	set	4033
    73  0000                     _ADCON2	set	4032
    74  0000                     _TRISAbits	set	3986
    75  0000                     _TRISD	set	3989
    76  0000                     _LATC	set	3979
    77  0000                     _TRISC	set	3988
    78  0000                     _LATD	set	3980
    79  0000                     _LATCbits	set	3979
    80                           
    81                           	psect	smallconst
    82  001086                     __psmallconst:
    83                           	opt stack 0
    84  001086  00                 	db	0
    85  001087  45                 	db	69	;'E'
    86  001088  52                 	db	82	;'R'
    87  001089  52                 	db	82	;'R'
    88  00108A  00                 	db	0
    89  00108B  00                 	db	0	; dummy byte at the end
    90  0000                     
    91                           ; #config settings
    92                           
    93                           	psect	cinit
    94  001218                     __pcinit:
    95                           	opt stack 0
    96  001218                     start_initialization:
    97                           	opt stack 0
    98  001218                     __initialization:
    99                           	opt stack 0
   100                           
   101                           ; Clear objects allocated to BANK0 (70 bytes)
   102  001218  EE00  F060         	lfsr	0,__pbssBANK0
   103  00121C  0E46               	movlw	70
   104  00121E                     clear_0:
   105  00121E  6AEE               	clrf	postinc0,c
   106  001220  06E8               	decf	wreg,f,c
   107  001222  E1FD               	bnz	clear_0
   108                           
   109                           ; Clear objects allocated to COMRAM (1 bytes)
   110  001224  6A25               	clrf	__pbssCOMRAM& (0+255),c
   111  001226                     end_of_initialization:
   112                           	opt stack 0
   113  001226                     __end_of__initialization:
   114                           	opt stack 0
   115  001226  9026               	bcf	int$flags,0,c	;clear compiler interrupt flag (level 1)
   116  001228  9226               	bcf	int$flags,1,c	;clear compiler interrupt flag (level 2)
   117  00122A  0E00               	movlw	low (__Lmediumconst shr (0+16))
   118  00122C  6EF8               	movwf	tblptru,c
   119  00122E  0100               	movlb	0
   120  001230  EFF4  F008         	goto	_main	;jump to C main() function
   121                           tblptru	equ	0xFF8
   122                           postinc0	equ	0xFEE
   123                           wreg	equ	0xFE8
   124                           
   125                           	psect	bssCOMRAM
   126  000025                     __pbssCOMRAM:
   127                           	opt stack 0
   128  000025                     _lcd_pos:
   129                           	opt stack 0
   130  000025                     	ds	1
   131                           tblptru	equ	0xFF8
   132                           postinc0	equ	0xFEE
   133                           wreg	equ	0xFE8
   134                           
   135                           	psect	bssBANK0
   136  000060                     __pbssBANK0:
   137                           	opt stack 0
   138  000060                     _SERIAL_BUFFER:
   139                           	opt stack 0
   140  000060                     	ds	70
   141                           tblptru	equ	0xFF8
   142                           postinc0	equ	0xFEE
   143                           wreg	equ	0xFE8
   144                           
   145                           	psect	cstackCOMRAM
   146  000001                     __pcstackCOMRAM:
   147                           	opt stack 0
   148  000001                     ??_high_isr:
   149  000001                     
   150                           ; 1 bytes @ 0x0
   151  000001                     	ds	14
   152  00000F                     ?___aldiv:
   153                           	opt stack 0
   154  00000F                     send_char@byte_to_send:
   155                           	opt stack 0
   156  00000F                     ___aldiv@dividend:
   157                           	opt stack 0
   158                           
   159                           ; 4 bytes @ 0xE
   160  00000F                     	ds	4
   161  000013                     ___aldiv@divisor:
   162                           	opt stack 0
   163                           
   164                           ; 4 bytes @ 0x12
   165  000013                     	ds	4
   166  000017                     ___aldiv@counter:
   167                           	opt stack 0
   168                           
   169                           ; 1 bytes @ 0x16
   170  000017                     	ds	1
   171  000018                     ___aldiv@sign:
   172                           	opt stack 0
   173                           
   174                           ; 1 bytes @ 0x17
   175  000018                     	ds	1
   176  000019                     ___aldiv@quotient:
   177                           	opt stack 0
   178                           
   179                           ; 4 bytes @ 0x18
   180  000019                     	ds	4
   181  00001D                     serial_config@baud_rate:
   182                           	opt stack 0
   183                           
   184                           ; 2 bytes @ 0x1C
   185  00001D                     	ds	2
   186  00001F                     _serial_config$1288:
   187                           	opt stack 0
   188                           
   189                           ; 4 bytes @ 0x1E
   190  00001F                     	ds	4
   191  000023                     serial_config@temp:
   192                           	opt stack 0
   193                           
   194                           ; 2 bytes @ 0x22
   195  000023                     	ds	2
   196  000025                     tblptru	equ	0xFF8
   197                           postinc0	equ	0xFEE
   198                           wreg	equ	0xFE8
   199                           
   200                           ; 1 bytes @ 0x24
   201 ;;
   202 ;;Main: autosize = 0, tempsize = 0, incstack = 0, save=0
   203 ;;
   204 ;; *************** function _main *****************
   205 ;; Defined at:
   206 ;;		line 30 in file "adc.c"
   207 ;; Parameters:    Size  Location     Type
   208 ;;		None
   209 ;; Auto vars:     Size  Location     Type
   210 ;;		None
   211 ;; Return value:  Size  Location     Type
   212 ;;                  1    wreg      void 
   213 ;; Registers used:
   214 ;;		wreg, status,2, status,0, cstack
   215 ;; Tracked objects:
   216 ;;		On entry : 0/0
   217 ;;		On exit  : 0/0
   218 ;;		Unchanged: 0/0
   219 ;; Data sizes:     COMRAM   BANK0   BANK1   BANK2   BANK3   BANK4   BANK5   BANK6   BANK7
   220 ;;      Params:         0       0       0       0       0       0       0       0       0
   221 ;;      Locals:         0       0       0       0       0       0       0       0       0
   222 ;;      Temps:          0       0       0       0       0       0       0       0       0
   223 ;;      Totals:         0       0       0       0       0       0       0       0       0
   224 ;;Total ram usage:        0 bytes
   225 ;; Hardware stack levels required when called:    3
   226 ;; This function calls:
   227 ;;		_analogInit
   228 ;;		_send_char
   229 ;;		_serial_config
   230 ;; This function is called by:
   231 ;;		Startup code after reset
   232 ;; This function uses a non-reentrant model
   233 ;;
   234                           
   235                           	psect	text0
   236  0011E8                     __ptext0:
   237                           	opt stack 0
   238  0011E8                     _main:
   239                           	opt stack 28
   240                           
   241                           ;adc.c: 32: serial_config(9600);
   242                           
   243                           ;incstack = 0
   244  0011E8  0E25               	movlw	37
   245  0011EA  6E1E               	movwf	serial_config@baud_rate+1,c
   246  0011EC  0E80               	movlw	128
   247  0011EE  6E1D               	movwf	serial_config@baud_rate,c
   248  0011F0  ECAC  F008         	call	_serial_config	;wreg free
   249                           
   250                           ;adc.c: 33: analogInit();
   251  0011F4  EC1A  F009         	call	_analogInit	;wreg free
   252                           
   253                           ;adc.c: 34: INTCONbits.PEIE = 1;
   254  0011F8  8CF2               	bsf	intcon,6,c	;volatile
   255                           
   256                           ;adc.c: 35: INTCONbits.GIE = 1;
   257  0011FA  8EF2               	bsf	intcon,7,c	;volatile
   258  0011FC                     l1131:
   259                           
   260                           ;adc.c: 38: if(INTCONbits.PEIE == 0){
   261  0011FC  BCF2               	btfsc	intcon,6,c	;volatile
   262  0011FE  D7FE               	goto	l1131
   263                           
   264                           ;adc.c: 39: ADCON0bits.GO = 1;
   265  001200  82C2               	bsf	4034,1,c	;volatile
   266  001202                     l158:
   267  001202  B2C2               	btfsc	4034,1,c	;volatile
   268  001204  D7FE               	goto	l158
   269                           
   270                           ;adc.c: 41: send_char(ADRESH);
   271  001206  50C4               	movf	4036,w,c	;volatile
   272  001208  EC24  F009         	call	_send_char
   273                           
   274                           ;adc.c: 42: send_char(ADRESL);
   275  00120C  50C3               	movf	4035,w,c	;volatile
   276  00120E  EC24  F009         	call	_send_char
   277                           
   278                           ;adc.c: 43: PIR1bits.RCIF = 0;
   279  001212  9A9E               	bcf	3998,5,c	;volatile
   280                           
   281                           ;adc.c: 44: INTCONbits.PEIE = 1;
   282  001214  8CF2               	bsf	intcon,6,c	;volatile
   283  001216  D7F2               	goto	l1131
   284  001218                     __end_of_main:
   285                           	opt stack 0
   286                           tblptru	equ	0xFF8
   287                           intcon	equ	0xFF2
   288                           postinc0	equ	0xFEE
   289                           wreg	equ	0xFE8
   290                           
   291 ;; *************** function _serial_config *****************
   292 ;; Defined at:
   293 ;;		line 32 in file "serial.h"
   294 ;; Parameters:    Size  Location     Type
   295 ;;  baud_rate       2   28[COMRAM] unsigned int 
   296 ;; Auto vars:     Size  Location     Type
   297 ;;  temp            2   34[COMRAM] unsigned int 
   298 ;; Return value:  Size  Location     Type
   299 ;;                  1    wreg      void 
   300 ;; Registers used:
   301 ;;		wreg, status,2, status,0, cstack
   302 ;; Tracked objects:
   303 ;;		On entry : 0/0
   304 ;;		On exit  : 0/0
   305 ;;		Unchanged: 0/0
   306 ;; Data sizes:     COMRAM   BANK0   BANK1   BANK2   BANK3   BANK4   BANK5   BANK6   BANK7
   307 ;;      Params:         2       0       0       0       0       0       0       0       0
   308 ;;      Locals:         6       0       0       0       0       0       0       0       0
   309 ;;      Temps:          0       0       0       0       0       0       0       0       0
   310 ;;      Totals:         8       0       0       0       0       0       0       0       0
   311 ;;Total ram usage:        8 bytes
   312 ;; Hardware stack levels used:    1
   313 ;; Hardware stack levels required when called:    2
   314 ;; This function calls:
   315 ;;		___aldiv
   316 ;; This function is called by:
   317 ;;		_main
   318 ;; This function uses a non-reentrant model
   319 ;;
   320                           
   321                           	psect	text1
   322  001158                     __ptext1:
   323                           	opt stack 0
   324  001158                     _serial_config:
   325                           	opt stack 28
   326                           
   327                           ;serial.h: 34: unsigned int temp = 0;
   328                           
   329                           ;incstack = 0
   330  001158  0E00               	movlw	0
   331  00115A  6E24               	movwf	serial_config@temp+1,c
   332  00115C  0E00               	movlw	0
   333  00115E  6E23               	movwf	serial_config@temp,c
   334                           
   335                           ;serial.h: 35: temp = ((16000000 / baud_rate) / 64) - 1;
   336  001160  C01D  F013         	movff	serial_config@baud_rate,___aldiv@divisor
   337  001164  C01E  F014         	movff	serial_config@baud_rate+1,___aldiv@divisor+1
   338  001168  6A15               	clrf	___aldiv@divisor+2,c
   339  00116A  6A16               	clrf	___aldiv@divisor+3,c
   340  00116C  0E00               	movlw	0
   341  00116E  6E0F               	movwf	___aldiv@dividend,c
   342  001170  0E24               	movlw	36
   343  001172  6E10               	movwf	___aldiv@dividend+1,c
   344  001174  0EF4               	movlw	244
   345  001176  6E11               	movwf	___aldiv@dividend+2,c
   346  001178  0E00               	movlw	0
   347  00117A  6E12               	movwf	___aldiv@dividend+3,c
   348  00117C  EC46  F008         	call	___aldiv	;wreg free
   349  001180  C00F  F01F         	movff	?___aldiv,_serial_config$1288
   350  001184  C010  F020         	movff	?___aldiv+1,_serial_config$1288+1
   351  001188  C011  F021         	movff	?___aldiv+2,_serial_config$1288+2
   352  00118C  C012  F022         	movff	?___aldiv+3,_serial_config$1288+3
   353                           
   354                           ;serial.h: 35: temp = ((16000000 / baud_rate) / 64) - 1;
   355  001190  C01F  F00F         	movff	_serial_config$1288,___aldiv@dividend
   356  001194  C020  F010         	movff	_serial_config$1288+1,___aldiv@dividend+1
   357  001198  C021  F011         	movff	_serial_config$1288+2,___aldiv@dividend+2
   358  00119C  C022  F012         	movff	_serial_config$1288+3,___aldiv@dividend+3
   359  0011A0  0E40               	movlw	64
   360  0011A2  6E13               	movwf	___aldiv@divisor,c
   361  0011A4  0E00               	movlw	0
   362  0011A6  6E14               	movwf	___aldiv@divisor+1,c
   363  0011A8  0E00               	movlw	0
   364  0011AA  6E15               	movwf	___aldiv@divisor+2,c
   365  0011AC  0E00               	movlw	0
   366  0011AE  6E16               	movwf	___aldiv@divisor+3,c
   367  0011B0  EC46  F008         	call	___aldiv	;wreg free
   368  0011B4  0EFF               	movlw	255
   369  0011B6  240F               	addwf	?___aldiv,w,c
   370  0011B8  6E23               	movwf	serial_config@temp,c
   371  0011BA  0EFF               	movlw	255
   372  0011BC  2010               	addwfc	?___aldiv+1,w,c
   373  0011BE  6E24               	movwf	serial_config@temp+1,c
   374                           
   375                           ;serial.h: 38: ANSELC = 0;
   376  0011C0  0E00               	movlw	0
   377  0011C2  010F               	movlb	15	; () banked
   378  0011C4  6F5D               	movwf	93,b	;volatile
   379                           
   380                           ; BSR set to: 15
   381                           ;serial.h: 41: TRISCbits.TRISC6 = 0;
   382  0011C6  9C94               	bcf	3988,6,c	;volatile
   383                           
   384                           ; BSR set to: 15
   385                           ;serial.h: 42: TRISCbits.TRISC7 = 1;
   386  0011C8  8E94               	bsf	3988,7,c	;volatile
   387                           
   388                           ; BSR set to: 15
   389                           ;serial.h: 45: BAUDCON1bits.TXCKP = 0;
   390  0011CA  98B8               	bcf	4024,4,c	;volatile
   391                           
   392                           ; BSR set to: 15
   393                           ;serial.h: 46: BAUDCON1bits.RXDTP = 0;
   394  0011CC  9AB8               	bcf	4024,5,c	;volatile
   395                           
   396                           ; BSR set to: 15
   397                           ;serial.h: 47: BAUDCON1bits.BRG16 = 0;
   398  0011CE  96B8               	bcf	4024,3,c	;volatile
   399                           
   400                           ;serial.h: 50: SPBRGH1 = temp / 256;
   401  0011D0  5024               	movf	serial_config@temp+1,w,c
   402  0011D2  6EB0               	movwf	4016,c	;volatile
   403                           
   404                           ; BSR set to: 15
   405                           ;serial.h: 51: SPBRG1 = temp;
   406  0011D4  C023  FFAF         	movff	serial_config@temp,4015	;volatile
   407                           
   408                           ; BSR set to: 15
   409                           ;serial.h: 54: TXSTA1bits.BRGH = 0;
   410  0011D8  94AC               	bcf	4012,2,c	;volatile
   411                           
   412                           ; BSR set to: 15
   413                           ;serial.h: 55: TXSTA1bits.SYNC = 0;
   414  0011DA  98AC               	bcf	4012,4,c	;volatile
   415                           
   416                           ; BSR set to: 15
   417                           ;serial.h: 56: TXSTA1bits.TXEN = 1;
   418  0011DC  8AAC               	bsf	4012,5,c	;volatile
   419                           
   420                           ; BSR set to: 15
   421                           ;serial.h: 59: RCSTA1bits.CREN = 1;
   422  0011DE  88AB               	bsf	4011,4,c	;volatile
   423                           
   424                           ; BSR set to: 15
   425                           ;serial.h: 60: RCSTA1bits.SPEN = 1;
   426  0011E0  8EAB               	bsf	4011,7,c	;volatile
   427                           
   428                           ; BSR set to: 15
   429                           ;serial.h: 63: PIE1bits.RCIE = 1;
   430  0011E2  8A9D               	bsf	3997,5,c	;volatile
   431                           
   432                           ; BSR set to: 15
   433                           ;serial.h: 64: PIE1bits.TXIE = 0;
   434  0011E4  989D               	bcf	3997,4,c	;volatile
   435                           
   436                           ; BSR set to: 15
   437  0011E6  0012               	return		;funcret
   438  0011E8                     __end_of_serial_config:
   439                           	opt stack 0
   440                           tblptru	equ	0xFF8
   441                           intcon	equ	0xFF2
   442                           postinc0	equ	0xFEE
   443                           wreg	equ	0xFE8
   444                           
   445 ;; *************** function ___aldiv *****************
   446 ;; Defined at:
   447 ;;		line 8 in file "C:\Program Files (x86)\Microchip\xc8\v1.42\sources\common\aldiv.c"
   448 ;; Parameters:    Size  Location     Type
   449 ;;  dividend        4   14[COMRAM] long 
   450 ;;  divisor         4   18[COMRAM] long 
   451 ;; Auto vars:     Size  Location     Type
   452 ;;  quotient        4   24[COMRAM] long 
   453 ;;  sign            1   23[COMRAM] unsigned char 
   454 ;;  counter         1   22[COMRAM] unsigned char 
   455 ;; Return value:  Size  Location     Type
   456 ;;                  4   14[COMRAM] long 
   457 ;; Registers used:
   458 ;;		wreg, status,2, status,0
   459 ;; Tracked objects:
   460 ;;		On entry : 0/0
   461 ;;		On exit  : 0/0
   462 ;;		Unchanged: 0/0
   463 ;; Data sizes:     COMRAM   BANK0   BANK1   BANK2   BANK3   BANK4   BANK5   BANK6   BANK7
   464 ;;      Params:         8       0       0       0       0       0       0       0       0
   465 ;;      Locals:         6       0       0       0       0       0       0       0       0
   466 ;;      Temps:          0       0       0       0       0       0       0       0       0
   467 ;;      Totals:        14       0       0       0       0       0       0       0       0
   468 ;;Total ram usage:       14 bytes
   469 ;; Hardware stack levels used:    1
   470 ;; Hardware stack levels required when called:    1
   471 ;; This function calls:
   472 ;;		Nothing
   473 ;; This function is called by:
   474 ;;		_serial_config
   475 ;; This function uses a non-reentrant model
   476 ;;
   477                           
   478                           	psect	text2
   479  00108C                     __ptext2:
   480                           	opt stack 0
   481  00108C                     ___aldiv:
   482                           	opt stack 28
   483                           
   484                           ; BSR set to: 15
   485                           ;incstack = 0
   486  00108C  0E00               	movlw	0
   487  00108E  6E18               	movwf	___aldiv@sign,c
   488  001090  AE16               	btfss	___aldiv@divisor+3,7,c
   489  001092  D00A               	goto	l1055
   490  001094  1E16               	comf	___aldiv@divisor+3,f,c
   491  001096  1E15               	comf	___aldiv@divisor+2,f,c
   492  001098  1E14               	comf	___aldiv@divisor+1,f,c
   493  00109A  6C13               	negf	___aldiv@divisor,c
   494  00109C  0E00               	movlw	0
   495  00109E  2214               	addwfc	___aldiv@divisor+1,f,c
   496  0010A0  2215               	addwfc	___aldiv@divisor+2,f,c
   497  0010A2  2216               	addwfc	___aldiv@divisor+3,f,c
   498  0010A4  0E01               	movlw	1
   499  0010A6  6E18               	movwf	___aldiv@sign,c
   500  0010A8                     l1055:
   501  0010A8  AE12               	btfss	___aldiv@dividend+3,7,c
   502  0010AA  D00A               	goto	l1061
   503  0010AC  1E12               	comf	___aldiv@dividend+3,f,c
   504  0010AE  1E11               	comf	___aldiv@dividend+2,f,c
   505  0010B0  1E10               	comf	___aldiv@dividend+1,f,c
   506  0010B2  6C0F               	negf	___aldiv@dividend,c
   507  0010B4  0E00               	movlw	0
   508  0010B6  2210               	addwfc	___aldiv@dividend+1,f,c
   509  0010B8  2211               	addwfc	___aldiv@dividend+2,f,c
   510  0010BA  2212               	addwfc	___aldiv@dividend+3,f,c
   511  0010BC  0E01               	movlw	1
   512  0010BE  1A18               	xorwf	___aldiv@sign,f,c
   513  0010C0                     l1061:
   514  0010C0  0E00               	movlw	0
   515  0010C2  6E19               	movwf	___aldiv@quotient,c
   516  0010C4  0E00               	movlw	0
   517  0010C6  6E1A               	movwf	___aldiv@quotient+1,c
   518  0010C8  0E00               	movlw	0
   519  0010CA  6E1B               	movwf	___aldiv@quotient+2,c
   520  0010CC  0E00               	movlw	0
   521  0010CE  6E1C               	movwf	___aldiv@quotient+3,c
   522  0010D0  5013               	movf	___aldiv@divisor,w,c
   523  0010D2  1014               	iorwf	___aldiv@divisor+1,w,c
   524  0010D4  1015               	iorwf	___aldiv@divisor+2,w,c
   525  0010D6  1016               	iorwf	___aldiv@divisor+3,w,c
   526  0010D8  B4D8               	btfsc	status,2,c
   527  0010DA  D02A               	goto	l1083
   528  0010DC  0E01               	movlw	1
   529  0010DE  6E17               	movwf	___aldiv@counter,c
   530  0010E0  D006               	goto	l1069
   531  0010E2                     l1067:
   532  0010E2  90D8               	bcf	status,0,c
   533  0010E4  3613               	rlcf	___aldiv@divisor,f,c
   534  0010E6  3614               	rlcf	___aldiv@divisor+1,f,c
   535  0010E8  3615               	rlcf	___aldiv@divisor+2,f,c
   536  0010EA  3616               	rlcf	___aldiv@divisor+3,f,c
   537  0010EC  2A17               	incf	___aldiv@counter,f,c
   538  0010EE                     l1069:
   539  0010EE  AE16               	btfss	___aldiv@divisor+3,7,c
   540  0010F0  D7F8               	goto	l1067
   541  0010F2                     l1071:
   542  0010F2  90D8               	bcf	status,0,c
   543  0010F4  3619               	rlcf	___aldiv@quotient,f,c
   544  0010F6  361A               	rlcf	___aldiv@quotient+1,f,c
   545  0010F8  361B               	rlcf	___aldiv@quotient+2,f,c
   546  0010FA  361C               	rlcf	___aldiv@quotient+3,f,c
   547  0010FC  5013               	movf	___aldiv@divisor,w,c
   548  0010FE  5C0F               	subwf	___aldiv@dividend,w,c
   549  001100  5014               	movf	___aldiv@divisor+1,w,c
   550  001102  5810               	subwfb	___aldiv@dividend+1,w,c
   551  001104  5015               	movf	___aldiv@divisor+2,w,c
   552  001106  5811               	subwfb	___aldiv@dividend+2,w,c
   553  001108  5016               	movf	___aldiv@divisor+3,w,c
   554  00110A  5812               	subwfb	___aldiv@dividend+3,w,c
   555  00110C  A0D8               	btfss	status,0,c
   556  00110E  D009               	goto	l1079
   557  001110  5013               	movf	___aldiv@divisor,w,c
   558  001112  5E0F               	subwf	___aldiv@dividend,f,c
   559  001114  5014               	movf	___aldiv@divisor+1,w,c
   560  001116  5A10               	subwfb	___aldiv@dividend+1,f,c
   561  001118  5015               	movf	___aldiv@divisor+2,w,c
   562  00111A  5A11               	subwfb	___aldiv@dividend+2,f,c
   563  00111C  5016               	movf	___aldiv@divisor+3,w,c
   564  00111E  5A12               	subwfb	___aldiv@dividend+3,f,c
   565  001120  8019               	bsf	___aldiv@quotient,0,c
   566  001122                     l1079:
   567  001122  90D8               	bcf	status,0,c
   568  001124  3216               	rrcf	___aldiv@divisor+3,f,c
   569  001126  3215               	rrcf	___aldiv@divisor+2,f,c
   570  001128  3214               	rrcf	___aldiv@divisor+1,f,c
   571  00112A  3213               	rrcf	___aldiv@divisor,f,c
   572  00112C  2E17               	decfsz	___aldiv@counter,f,c
   573  00112E  D7E1               	goto	l1071
   574  001130                     l1083:
   575  001130  5018               	movf	___aldiv@sign,w,c
   576  001132  B4D8               	btfsc	status,2,c
   577  001134  D008               	goto	l1087
   578  001136  1E1C               	comf	___aldiv@quotient+3,f,c
   579  001138  1E1B               	comf	___aldiv@quotient+2,f,c
   580  00113A  1E1A               	comf	___aldiv@quotient+1,f,c
   581  00113C  6C19               	negf	___aldiv@quotient,c
   582  00113E  0E00               	movlw	0
   583  001140  221A               	addwfc	___aldiv@quotient+1,f,c
   584  001142  221B               	addwfc	___aldiv@quotient+2,f,c
   585  001144  221C               	addwfc	___aldiv@quotient+3,f,c
   586  001146                     l1087:
   587  001146  C019  F00F         	movff	___aldiv@quotient,?___aldiv
   588  00114A  C01A  F010         	movff	___aldiv@quotient+1,?___aldiv+1
   589  00114E  C01B  F011         	movff	___aldiv@quotient+2,?___aldiv+2
   590  001152  C01C  F012         	movff	___aldiv@quotient+3,?___aldiv+3
   591  001156  0012               	return	
   592  001158                     __end_of___aldiv:
   593                           	opt stack 0
   594                           tblptru	equ	0xFF8
   595                           intcon	equ	0xFF2
   596                           postinc0	equ	0xFEE
   597                           wreg	equ	0xFE8
   598                           status	equ	0xFD8
   599                           
   600 ;; *************** function _send_char *****************
   601 ;; Defined at:
   602 ;;		line 182 in file "serial.h"
   603 ;; Parameters:    Size  Location     Type
   604 ;;  byte_to_send    1    wreg     unsigned char 
   605 ;; Auto vars:     Size  Location     Type
   606 ;;  byte_to_send    1   14[COMRAM] unsigned char 
   607 ;; Return value:  Size  Location     Type
   608 ;;                  1    wreg      unsigned char 
   609 ;; Registers used:
   610 ;;		wreg
   611 ;; Tracked objects:
   612 ;;		On entry : 0/0
   613 ;;		On exit  : 0/0
   614 ;;		Unchanged: 0/0
   615 ;; Data sizes:     COMRAM   BANK0   BANK1   BANK2   BANK3   BANK4   BANK5   BANK6   BANK7
   616 ;;      Params:         0       0       0       0       0       0       0       0       0
   617 ;;      Locals:         1       0       0       0       0       0       0       0       0
   618 ;;      Temps:          0       0       0       0       0       0       0       0       0
   619 ;;      Totals:         1       0       0       0       0       0       0       0       0
   620 ;;Total ram usage:        1 bytes
   621 ;; Hardware stack levels used:    1
   622 ;; Hardware stack levels required when called:    1
   623 ;; This function calls:
   624 ;;		Nothing
   625 ;; This function is called by:
   626 ;;		_main
   627 ;; This function uses a non-reentrant model
   628 ;;
   629                           
   630                           	psect	text3
   631  001248                     __ptext3:
   632                           	opt stack 0
   633  001248                     _send_char:
   634                           	opt stack 29
   635                           
   636                           ;incstack = 0
   637                           ;send_char@byte_to_send stored from wreg
   638  001248  6E0F               	movwf	send_char@byte_to_send,c
   639                           
   640                           ;serial.h: 183: TXREG1 = byte_to_send;
   641  00124A  C00F  FFAD         	movff	send_char@byte_to_send,4013	;volatile
   642  00124E                     l142:
   643  00124E  A2AC               	btfss	4012,1,c	;volatile
   644  001250  D7FE               	goto	l142
   645                           
   646                           ;serial.h: 185: PIR1bits.RCIF = 0;
   647  001252  9A9E               	bcf	3998,5,c	;volatile
   648  001254  0012               	return		;funcret
   649  001256                     __end_of_send_char:
   650                           	opt stack 0
   651                           tblptru	equ	0xFF8
   652                           intcon	equ	0xFF2
   653                           postinc0	equ	0xFEE
   654                           wreg	equ	0xFE8
   655                           status	equ	0xFD8
   656                           
   657 ;; *************** function _analogInit *****************
   658 ;; Defined at:
   659 ;;		line 76 in file "adc.h"
   660 ;; Parameters:    Size  Location     Type
   661 ;;		None
   662 ;; Auto vars:     Size  Location     Type
   663 ;;		None
   664 ;; Return value:  Size  Location     Type
   665 ;;                  1    wreg      void 
   666 ;; Registers used:
   667 ;;		wreg, status,2
   668 ;; Tracked objects:
   669 ;;		On entry : 0/0
   670 ;;		On exit  : 0/0
   671 ;;		Unchanged: 0/0
   672 ;; Data sizes:     COMRAM   BANK0   BANK1   BANK2   BANK3   BANK4   BANK5   BANK6   BANK7
   673 ;;      Params:         0       0       0       0       0       0       0       0       0
   674 ;;      Locals:         0       0       0       0       0       0       0       0       0
   675 ;;      Temps:          0       0       0       0       0       0       0       0       0
   676 ;;      Totals:         0       0       0       0       0       0       0       0       0
   677 ;;Total ram usage:        0 bytes
   678 ;; Hardware stack levels used:    1
   679 ;; Hardware stack levels required when called:    1
   680 ;; This function calls:
   681 ;;		Nothing
   682 ;; This function is called by:
   683 ;;		_main
   684 ;; This function uses a non-reentrant model
   685 ;;
   686                           
   687                           	psect	text4
   688  001234                     __ptext4:
   689                           	opt stack 0
   690  001234                     _analogInit:
   691                           	opt stack 29
   692                           
   693                           ;adc.h: 77: ANSELAbits.ANSA0 = 1;
   694                           
   695                           ;incstack = 0
   696  001234  010F               	movlb	15	; () banked
   697  001236  815B               	bsf	91,0,b	;volatile
   698                           
   699                           ;adc.h: 78: TRISAbits.TRISA0 = 1;
   700  001238  8092               	bsf	3986,0,c	;volatile
   701                           
   702                           ; BSR set to: 15
   703                           ;adc.h: 107: ADCON2 = 0b10110101;
   704  00123A  0EB5               	movlw	181
   705  00123C  6EC0               	movwf	4032,c	;volatile
   706                           
   707                           ;adc.h: 128: ADCON1 = 0b10000000;
   708  00123E  0E80               	movlw	128
   709  001240  6EC1               	movwf	4033,c	;volatile
   710                           
   711                           ;adc.h: 175: ADCON0 = 0b00000001;
   712  001242  0E01               	movlw	1
   713  001244  6EC2               	movwf	4034,c	;volatile
   714                           
   715                           ; BSR set to: 15
   716  001246  0012               	return		;funcret
   717  001248                     __end_of_analogInit:
   718                           	opt stack 0
   719                           tblptru	equ	0xFF8
   720                           intcon	equ	0xFF2
   721                           postinc0	equ	0xFEE
   722                           wreg	equ	0xFE8
   723                           status	equ	0xFD8
   724                           
   725 ;; *************** function _high_isr *****************
   726 ;; Defined at:
   727 ;;		line 23 in file "adc.c"
   728 ;; Parameters:    Size  Location     Type
   729 ;;		None
   730 ;; Auto vars:     Size  Location     Type
   731 ;;		None
   732 ;; Return value:  Size  Location     Type
   733 ;;                  1    wreg      void 
   734 ;; Registers used:
   735 ;;		None
   736 ;; Tracked objects:
   737 ;;		On entry : 0/0
   738 ;;		On exit  : 0/0
   739 ;;		Unchanged: 0/0
   740 ;; Data sizes:     COMRAM   BANK0   BANK1   BANK2   BANK3   BANK4   BANK5   BANK6   BANK7
   741 ;;      Params:         0       0       0       0       0       0       0       0       0
   742 ;;      Locals:         0       0       0       0       0       0       0       0       0
   743 ;;      Temps:         14       0       0       0       0       0       0       0       0
   744 ;;      Totals:        14       0       0       0       0       0       0       0       0
   745 ;;Total ram usage:       14 bytes
   746 ;; Hardware stack levels used:    1
   747 ;; This function calls:
   748 ;;		Nothing
   749 ;; This function is called by:
   750 ;;		Interrupt level 2
   751 ;; This function uses a non-reentrant model
   752 ;;
   753                           
   754                           	psect	intcode
   755  001008                     __pintcode:
   756                           	opt stack 0
   757  001008                     _high_isr:
   758                           	opt stack 28
   759                           
   760                           ; BSR set to: 15
   761                           ;incstack = 0
   762  001008  8226               	bsf	btemp,1,c	;set compiler interrupt flag (level 2)
   763  00100A  CFFA F001          	movff	pclath,??_high_isr
   764  00100E  CFFB F002          	movff	pclatu,??_high_isr+1
   765  001012  CFE9 F003          	movff	fsr0l,??_high_isr+2
   766  001016  CFEA F004          	movff	fsr0h,??_high_isr+3
   767  00101A  CFE1 F005          	movff	fsr1l,??_high_isr+4
   768  00101E  CFE2 F006          	movff	fsr1h,??_high_isr+5
   769  001022  CFD9 F007          	movff	fsr2l,??_high_isr+6
   770  001026  CFDA F008          	movff	fsr2h,??_high_isr+7
   771  00102A  CFF3 F009          	movff	prodl,??_high_isr+8
   772  00102E  CFF4 F00A          	movff	prodh,??_high_isr+9
   773  001032  CFF6 F00B          	movff	tblptrl,??_high_isr+10
   774  001036  CFF7 F00C          	movff	tblptrh,??_high_isr+11
   775  00103A  CFF8 F00D          	movff	tblptru,??_high_isr+12
   776  00103E  CFF5 F00E          	movff	tablat,??_high_isr+13
   777                           
   778                           ;adc.c: 25: if (PIR1bits.RCIF){
   779  001042  BA9E               	btfsc	3998,5,c	;volatile
   780                           
   781                           ;adc.c: 26: INTCONbits.PEIE = 0;
   782  001044  9CF2               	bcf	intcon,6,c	;volatile
   783  001046  C00E  FFF5         	movff	??_high_isr+13,tablat
   784  00104A  C00D  FFF8         	movff	??_high_isr+12,tblptru
   785  00104E  C00C  FFF7         	movff	??_high_isr+11,tblptrh
   786  001052  C00B  FFF6         	movff	??_high_isr+10,tblptrl
   787  001056  C00A  FFF4         	movff	??_high_isr+9,prodh
   788  00105A  C009  FFF3         	movff	??_high_isr+8,prodl
   789  00105E  C008  FFDA         	movff	??_high_isr+7,fsr2h
   790  001062  C007  FFD9         	movff	??_high_isr+6,fsr2l
   791  001066  C006  FFE2         	movff	??_high_isr+5,fsr1h
   792  00106A  C005  FFE1         	movff	??_high_isr+4,fsr1l
   793  00106E  C004  FFEA         	movff	??_high_isr+3,fsr0h
   794  001072  C003  FFE9         	movff	??_high_isr+2,fsr0l
   795  001076  C002  FFFB         	movff	??_high_isr+1,pclatu
   796  00107A  C001  FFFA         	movff	??_high_isr,pclath
   797  00107E  9226               	bcf	btemp,1,c	;clear compiler interrupt flag (level 2)
   798  001080  0011               	retfie		f
   799  001082                     __end_of_high_isr:
   800                           	opt stack 0
   801                           pclatu	equ	0xFFB
   802                           pclath	equ	0xFFA
   803                           tblptru	equ	0xFF8
   804                           tblptrh	equ	0xFF7
   805                           tblptrl	equ	0xFF6
   806                           tablat	equ	0xFF5
   807                           prodh	equ	0xFF4
   808                           prodl	equ	0xFF3
   809                           intcon	equ	0xFF2
   810                           postinc0	equ	0xFEE
   811                           fsr0h	equ	0xFEA
   812                           fsr0l	equ	0xFE9
   813                           wreg	equ	0xFE8
   814                           fsr1h	equ	0xFE2
   815                           fsr1l	equ	0xFE1
   816                           fsr2h	equ	0xFDA
   817                           fsr2l	equ	0xFD9
   818                           status	equ	0xFD8
   819                           pclatu	equ	0xFFB
   820                           pclath	equ	0xFFA
   821                           tblptru	equ	0xFF8
   822                           tblptrh	equ	0xFF7
   823                           tblptrl	equ	0xFF6
   824                           tablat	equ	0xFF5
   825                           prodh	equ	0xFF4
   826                           prodl	equ	0xFF3
   827                           intcon	equ	0xFF2
   828                           postinc0	equ	0xFEE
   829                           fsr0h	equ	0xFEA
   830                           fsr0l	equ	0xFE9
   831                           wreg	equ	0xFE8
   832                           fsr1h	equ	0xFE2
   833                           fsr1l	equ	0xFE1
   834                           fsr2h	equ	0xFDA
   835                           fsr2l	equ	0xFD9
   836                           status	equ	0xFD8
   837                           
   838                           	psect	rparam
   839  0000                     pclatu	equ	0xFFB
   840                           pclath	equ	0xFFA
   841                           tblptru	equ	0xFF8
   842                           tblptrh	equ	0xFF7
   843                           tblptrl	equ	0xFF6
   844                           tablat	equ	0xFF5
   845                           prodh	equ	0xFF4
   846                           prodl	equ	0xFF3
   847                           intcon	equ	0xFF2
   848                           postinc0	equ	0xFEE
   849                           fsr0h	equ	0xFEA
   850                           fsr0l	equ	0xFE9
   851                           wreg	equ	0xFE8
   852                           fsr1h	equ	0xFE2
   853                           fsr1l	equ	0xFE1
   854                           fsr2h	equ	0xFDA
   855                           fsr2l	equ	0xFD9
   856                           status	equ	0xFD8
   857                           
   858                           	psect	temp
   859  000026                     btemp:
   860                           	opt stack 0
   861  000026                     	ds	1
   862  0000                     int$flags	set	btemp
   863                           pclatu	equ	0xFFB
   864                           pclath	equ	0xFFA
   865                           tblptru	equ	0xFF8
   866                           tblptrh	equ	0xFF7
   867                           tblptrl	equ	0xFF6
   868                           tablat	equ	0xFF5
   869                           prodh	equ	0xFF4
   870                           prodl	equ	0xFF3
   871                           intcon	equ	0xFF2
   872                           postinc0	equ	0xFEE
   873                           fsr0h	equ	0xFEA
   874                           fsr0l	equ	0xFE9
   875                           wreg	equ	0xFE8
   876                           fsr1h	equ	0xFE2
   877                           fsr1l	equ	0xFE1
   878                           fsr2h	equ	0xFDA
   879                           fsr2l	equ	0xFD9
   880                           status	equ	0xFD8


Data Sizes:
    Strings     4
    Constant    0
    Data        0
    BSS         71
    Persistent  0
    Stack       0

Auto Spaces:
    Space          Size  Autos    Used
    COMRAM           94     36      37
    BANK0           160      0      70
    BANK1           256      0       0
    BANK2           256      0       0
    BANK3           256      0       0
    BANK4           256      0       0
    BANK5           256      0       0
    BANK6           256      0       0
    BANK7           256      0       0

Pointer List with Targets:

    None.

Critical Paths under _main in COMRAM

    _main->_serial_config
    _serial_config->___aldiv

Critical Paths under _high_isr in COMRAM

    None.

Critical Paths under _main in BANK0

    None.

Critical Paths under _high_isr in BANK0

    None.

Critical Paths under _main in BANK1

    None.

Critical Paths under _high_isr in BANK1

    None.

Critical Paths under _main in BANK2

    None.

Critical Paths under _high_isr in BANK2

    None.

Critical Paths under _main in BANK3

    None.

Critical Paths under _high_isr in BANK3

    None.

Critical Paths under _main in BANK4

    None.

Critical Paths under _high_isr in BANK4

    None.

Critical Paths under _main in BANK5

    None.

Critical Paths under _high_isr in BANK5

    None.

Critical Paths under _main in BANK6

    None.

Critical Paths under _high_isr in BANK6

    None.

Critical Paths under _main in BANK7

    None.

Critical Paths under _high_isr in BANK7

    None.

Call Graph Tables:

 ---------------------------------------------------------------------------------
 (Depth) Function   	        Calls       Base Space   Used Autos Params    Refs
 ---------------------------------------------------------------------------------
 (0) _main                                                 0     0      0     786
                         _analogInit
                          _send_char
                      _serial_config
 ---------------------------------------------------------------------------------
 (1) _serial_config                                        8     6      2     771
                                             28 COMRAM     8     6      2
                            ___aldiv
 ---------------------------------------------------------------------------------
 (2) ___aldiv                                             14     6      8     604
                                             14 COMRAM    14     6      8
 ---------------------------------------------------------------------------------
 (1) _send_char                                            1     1      0      15
                                             14 COMRAM     1     1      0
 ---------------------------------------------------------------------------------
 (1) _analogInit                                           0     0      0       0
 ---------------------------------------------------------------------------------
 Estimated maximum stack depth 2
 ---------------------------------------------------------------------------------
 (Depth) Function   	        Calls       Base Space   Used Autos Params    Refs
 ---------------------------------------------------------------------------------
 (3) _high_isr                                            14    14      0       0
                                              0 COMRAM    14    14      0
 ---------------------------------------------------------------------------------
 Estimated maximum stack depth 3
 ---------------------------------------------------------------------------------

 Call Graph Graphs:

 _main (ROOT)
   _analogInit
   _send_char
   _serial_config
     ___aldiv

 _high_isr (ROOT)

 Address spaces:
Name               Size   Autos  Total    Cost      Usage
BIGRAM             7FF      0       0      21        0.0%
EEDATA             100      0       0       0        0.0%
BITBANK7           100      0       0      19        0.0%
BANK7              100      0       0      20        0.0%
BITBANK6           100      0       0      17        0.0%
BANK6              100      0       0      18        0.0%
BITBANK5           100      0       0      15        0.0%
BANK5              100      0       0      16        0.0%
BITBANK4           100      0       0      13        0.0%
BANK4              100      0       0      14        0.0%
BITBANK3           100      0       0      11        0.0%
BANK3              100      0       0      12        0.0%
BITBANK2           100      0       0       9        0.0%
BANK2              100      0       0      10        0.0%
BITBANK1           100      0       0       7        0.0%
BANK1              100      0       0       8        0.0%
BITBANK0            A0      0       0       4        0.0%
BANK0               A0      0      46       5       43.8%
BITCOMRAM           5E      0       0       0        0.0%
COMRAM              5E     24      25       1       39.4%
BITSFR_1             0      0       0     200        0.0%
SFR_1                0      0       0     200        0.0%
BITSFR               0      0       0     200        0.0%
SFR                  0      0       0     200        0.0%
STACK                0      0       0       2        0.0%
NULL                 0      0       0       0        0.0%
ABS                  0      0      6B       6        0.0%
DATA                 0      0      6B       3        0.0%
CODE                 0      0       0       0        0.0%


Microchip Technology PIC18 Macro Assembler V1.42 build -159332390 
Symbol Table                                                                                   Sun Jul 30 01:36:43 2017

                    l142 124E                      l158 1202                      wreg 000FE8  
             _TXSTA1bits 000FAC                     l1131 11FC                     l1061 10C0  
                   l1071 10F2                     l1055 10A8                     l1067 10E2  
                   l1083 1130                     l1069 10EE                     l1087 1146  
                   l1079 1122                     STR_1 1087                     _LATC 000F8B  
                   _LATD 000F8C                     _main 11E8                     fsr0h 000FEA  
                   fsr1h 000FE2                     fsr2h 000FDA                     fsr0l 000FE9  
                   fsr1l 000FE1                     fsr2l 000FD9                     btemp 0026  
                   prodh 000FF4                     prodl 000FF3                     start 1082  
           ___param_bank 000000             _BAUDCON1bits 000FB8          __end_of___aldiv 1158  
                  ?_main 0001                    _TRISC 000F94                    _TRISD 000F95  
                  pclath 000FFA                    tablat 000FF5                    status 000FD8  
        __initialization 1218             __end_of_main 1218                   ??_main 0025  
          __activetblptr 000002                   _ADCON0 000FC2                   _ADCON1 000FC1  
                 _ADCON2 000FC0                   _ADRESH 000FC4                   _ADRESL 000FC3  
                 _ANSELC 000F5D                   _ANSELD 000F5E                   _RCREG1 000FAE  
                 _SPBRG1 000FAF                   _TXREG1 000FAD         __end_of_high_isr 1082  
              ??___aldiv 0017                   clear_0 121E             __mediumconst 0000  
                 tblptrh 000FF7                   tblptrl 000FF6                   tblptru 000FF8  
             __accesstop 0060  __end_of__initialization 1226            ___rparam_used 000001  
  __end_of_serial_config 11E8           __pcstackCOMRAM 0001               __pbssBANK0 0060  
             _analogInit 1234       __size_of_send_char 000E                  _SPBRGH1 000FB0  
              ?_high_isr 0001                  __Hparam 0000                  __Lparam 0000  
                ___aldiv 108C             __psmallconst 1086                  __pcinit 1218  
                __ramtop 0800                  __ptext0 11E8                  __ptext1 1158  
                __ptext2 108C                  __ptext3 1248                  __ptext4 1234  
                _lcd_pos 0025         ___aldiv@dividend 000F            _SERIAL_BUFFER 0060  
             ??_high_isr 0001     end_of_initialization 1226        __end_of_send_char 1256  
          __Lmediumconst 0000              ?_analogInit 0001         ___aldiv@quotient 0019  
                postinc0 000FEE                _TRISAbits 000F92                _TRISCbits 000F94  
 serial_config@baud_rate 001D      __size_of_analogInit 0014      start_initialization 1218  
     _serial_config$1288 001F              __pbssCOMRAM 0025   __size_of_serial_config 0090  
      __size_of_high_isr 007A                __pintcode 1008                 ?___aldiv 000F  
            __smallconst 1086          ___aldiv@divisor 0013          ___aldiv@counter 0017  
               _LATCbits 000F8B             ??_analogInit 000F                 _PIE1bits 000F9D  
              _send_char 1248                 _PIR1bits 000F9E            _serial_config 1158  
             _ADCON0bits 000FC2       __end_of_analogInit 1248               ?_send_char 0001  
               __Hrparam 0000                 __Lrparam 0000           ?_serial_config 001D  
       __size_of___aldiv 00CC               _ANSELAbits 000F5B                 _high_isr 1008  
          __size_of_main 0030                 int$flags 0026    send_char@byte_to_send 000F  
             _INTCONbits 000FF2                 intlevel2 0000               _RCSTA1bits 000FAB  
            ??_send_char 000F          ??_serial_config 001F        serial_config@temp 0023  
           ___aldiv@sign 0018  
