

Microchip Technology PIC18 LITE Macro Assembler V1.42 build -159332390 
                                                                                               Mon Apr 02 19:00:00 2018

Microchip Technology Omniscient Code Generator v1.42 (Free mode) build 201704130522
     1                           	processor	18F45K50
     2                           	fnconf	rparam,??,?,0
     3                           	opt	pw 120
     4                           	opt	lm
     5                           	psect	smallconst,global,reloc=2,class=SMALLCONST,delta=1,noexec
     6                           	psect	cinit,global,reloc=2,class=CODE,delta=1
     7                           	psect	cstackCOMRAM,global,class=COMRAM,space=1,delta=1,noexec
     8                           	psect	text0,global,reloc=2,class=CODE,delta=1
     9                           	psect	text1,global,reloc=2,class=CODE,delta=1
    10                           	psect	text2,global,reloc=2,class=CODE,delta=1,group=1
    11                           	psect	text3,global,reloc=2,class=CODE,delta=1
    12                           	psect	text4,global,reloc=2,class=CODE,delta=1
    13                           	psect	text5,global,reloc=2,class=CODE,delta=1
    14                           	psect	intsave_regs,global,class=BIGRAM,space=1,delta=1,noexec
    15                           	psect	rparam,global,class=COMRAM,space=1,delta=1,noexec
    16  0000                     
    17                           ; Version 1.42
    18                           ; Generated 13/04/2017 GMT
    19                           ; 
    20                           ; Copyright © 2017, Microchip Technology Inc. and its subsidiaries ("Microchip")
    21                           ; All rights reserved.
    22                           ; 
    23                           ; This software is developed by Microchip Technology Inc. and its subsidiaries ("Microch
      +                          ip").
    24                           ; 
    25                           ; Redistribution and use in source and binary forms, with or without modification, are
    26                           ; permitted provided that the following conditions are met:
    27                           ; 
    28                           ;     1. Redistributions of source code must retain the above copyright notice, this lis
      +                          t of
    29                           ;        conditions and the following disclaimer.
    30                           ; 
    31                           ;     2. Redistributions in binary form must reproduce the above copyright notice, this 
      +                          list
    32                           ;        of conditions and the following disclaimer in the documentation and/or other
    33                           ;        materials provided with the distribution.
    34                           ; 
    35                           ;     3. Microchip's name may not be used to endorse or promote products derived from th
      +                          is
    36                           ;        software without specific prior written permission.
    37                           ; 
    38                           ; THIS SOFTWARE IS PROVIDED BY MICROCHIP "AS IS" AND ANY EXPRESS OR IMPLIED WARRANTIES,
    39                           ; INCLUDING, BUT NOT LIMITED TO, THE IMPLIED WARRANTIES OF MERCHANTABILITY AND FITNESS F
      +                          OR
    40                           ; PURPOSE ARE DISCLAIMED.  IN NO EVENT SHALL MICROCHIP BE LIABLE FOR ANY DIRECT, INDIREC
      +                          T,
    41                           ; INCIDENTAL, SPECIAL, EXEMPLARY, OR CONSEQUENTIAL DAMAGES (INCLUDING BUT NOT LIMITED TO
    42                           ; PROCUREMENT OF SUBSTITUTE GOODS OR SERVICES; LOSS OF USE, DATA OR PROFITS; OR BUSINESS
    43                           ; INTERRUPTION) HOWSOEVER CAUSED AND ON ANY THEORY OF LIABILITY, WHETHER IN CONTRACT, ST
      +                          RICT
    44                           ; LIABILITY, OR TORT (INCLUDING NEGLIGENCE OR OTHERWISE) ARISING IN ANY WAY OUT OF THE U
      +                          SE OF
    45                           ; THIS SOFTWARE, EVEN IF ADVISED OF THE POSSIBILITY OF SUCH DAMAGE.
    46                           ; 
    47                           ; 
    48                           ; Code-generator required, PIC18F45K50 Definitions
    49                           ; 
    50                           ; SFR Addresses
    51  0000                     _ANSELD	set	3934
    52  0000                     _ANSELA	set	3931
    53  0000                     _TRISD	set	3989
    54  0000                     _LATA	set	3977
    55  0000                     _TRISA	set	3986
    56  0000                     _LATD	set	3980
    57  0000                     _LATAbits	set	3977
    58  0000                     _R_W	set	32314
    59                           
    60                           	psect	smallconst
    61  001004                     __psmallconst:
    62                           	opt stack 0
    63  001004  00                 	db	0
    64  001005                     STR_1:
    65  001005  48                 	db	72	;'H'
    66  001006  65                 	db	101	;'e'
    67  001007  6C                 	db	108	;'l'
    68  001008  6C                 	db	108	;'l'
    69  001009  6F                 	db	111	;'o'
    70  00100A  20                 	db	32
    71  00100B  77                 	db	119	;'w'
    72  00100C  6F                 	db	111	;'o'
    73  00100D  72                 	db	114	;'r'
    74  00100E  6C                 	db	108	;'l'
    75  00100F  64                 	db	100	;'d'
    76  001010  00                 	db	0
    77  001011  00                 	db	0	; dummy byte at the end
    78  0000                     
    79                           ; #config settings
    80                           
    81                           	psect	cinit
    82  007DFC                     __pcinit:
    83                           	opt stack 0
    84  007DFC                     start_initialization:
    85                           	opt stack 0
    86  007DFC                     __initialization:
    87                           	opt stack 0
    88  007DFC                     end_of_initialization:
    89                           	opt stack 0
    90  007DFC                     __end_of__initialization:
    91                           	opt stack 0
    92  007DFC  0E00               	movlw	low (__Lmediumconst shr (0+16))
    93  007DFE  6EF8               	movwf	tblptru,c
    94  007E00  0100               	movlb	0
    95  007E02  EF03  F03F         	goto	_main	;jump to C main() function
    96                           tblptru	equ	0xFF8
    97                           
    98                           	psect	cstackCOMRAM
    99  000001                     __pcstackCOMRAM:
   100                           	opt stack 0
   101  000001                     ?_strlen:
   102                           	opt stack 0
   103  000001                     LCD_WriteByte@CommandData:
   104                           	opt stack 0
   105  000001                     strlen@s:
   106                           	opt stack 0
   107                           
   108                           ; 2 bytes @ 0x0
   109  000001                     	ds	1
   110  000002                     ??_LCD_WriteByte:
   111                           
   112                           ; 1 bytes @ 0x1
   113  000002                     	ds	1
   114  000003                     ??_strlen:
   115  000003                     LCD_WriteByte@InputValue:
   116                           	opt stack 0
   117                           
   118                           ; 1 bytes @ 0x2
   119  000003                     	ds	1
   120  000004                     ??_LCD_Init:
   121  000004                     LCD_SetCursor@col:
   122                           	opt stack 0
   123                           
   124                           ; 1 bytes @ 0x3
   125  000004                     	ds	1
   126  000005                     LCD_SetCursor@row:
   127                           	opt stack 0
   128  000005                     strlen@cp:
   129                           	opt stack 0
   130                           
   131                           ; 2 bytes @ 0x4
   132  000005                     	ds	2
   133  000007                     LCD_WriteMsg@msg:
   134                           	opt stack 0
   135                           
   136                           ; 2 bytes @ 0x6
   137  000007                     	ds	2
   138  000009                     ??_LCD_WriteMsg:
   139                           
   140                           ; 1 bytes @ 0x8
   141  000009                     	ds	2
   142  00000B                     LCD_WriteMsg@lcdRowPos:
   143                           	opt stack 0
   144                           
   145                           ; 1 bytes @ 0xA
   146  00000B                     	ds	1
   147  00000C                     LCD_WriteMsg@lcdColPos:
   148                           	opt stack 0
   149                           
   150                           ; 1 bytes @ 0xB
   151  00000C                     	ds	1
   152  00000D                     LCD_WriteMsg@status:
   153                           	opt stack 0
   154                           
   155                           ; 1 bytes @ 0xC
   156  00000D                     	ds	1
   157  00000E                     LCD_WriteMsg@msgSize:
   158                           	opt stack 0
   159                           
   160                           ; 1 bytes @ 0xD
   161  00000E                     	ds	1
   162  00000F                     LCD_WriteMsg@charsLeft:
   163                           	opt stack 0
   164                           
   165                           ; 1 bytes @ 0xE
   166  00000F                     	ds	1
   167  000010                     LCD_WriteMsg@j:
   168                           	opt stack 0
   169                           
   170                           ; 1 bytes @ 0xF
   171  000010                     	ds	1
   172  000011                     LCD_WriteMsg@i:
   173                           	opt stack 0
   174                           
   175                           ; 1 bytes @ 0x10
   176  000011                     	ds	1
   177  000012                     tblptru	equ	0xFF8
   178                           
   179                           ; 1 bytes @ 0x11
   180 ;;
   181 ;;Main: autosize = 0, tempsize = 0, incstack = 0, save=0
   182 ;;
   183 ;; *************** function _main *****************
   184 ;; Defined at:
   185 ;;		line 11 in file "main.c"
   186 ;; Parameters:    Size  Location     Type
   187 ;;		None
   188 ;; Auto vars:     Size  Location     Type
   189 ;;		None
   190 ;; Return value:  Size  Location     Type
   191 ;;                  1    wreg      void 
   192 ;; Registers used:
   193 ;;		wreg, status,2, status,0, tblptrl, tblptrh, tblptru, prodl, prodh, cstack
   194 ;; Tracked objects:
   195 ;;		On entry : 0/0
   196 ;;		On exit  : 0/0
   197 ;;		Unchanged: 0/0
   198 ;; Data sizes:     COMRAM   BANK0   BANK1   BANK2   BANK3   BANK4   BANK5   BANK6   BANK7
   199 ;;      Params:         0       0       0       0       0       0       0       0       0
   200 ;;      Locals:         0       0       0       0       0       0       0       0       0
   201 ;;      Temps:          0       0       0       0       0       0       0       0       0
   202 ;;      Totals:         0       0       0       0       0       0       0       0       0
   203 ;;Total ram usage:        0 bytes
   204 ;; Hardware stack levels required when called:    3
   205 ;; This function calls:
   206 ;;		_LCD_Init
   207 ;;		_LCD_WriteMsg
   208 ;; This function is called by:
   209 ;;		Startup code after reset
   210 ;; This function uses a non-reentrant model
   211 ;;
   212                           
   213                           	psect	text0
   214  007E06                     __ptext0:
   215                           	opt stack 0
   216  007E06                     _main:
   217                           	opt stack 28
   218                           
   219                           ;main.c: 12: LCD_Init();
   220                           
   221                           ;incstack = 0
   222  007E06  EC7C  F03F         	call	_LCD_Init	;wreg free
   223                           
   224                           ;main.c: 13: (void)LCD_WriteMsg("Hello world");
   225  007E0A  0E05               	movlw	low STR_1
   226  007E0C  6E07               	movwf	LCD_WriteMsg@msg,c
   227  007E0E  0E10               	movlw	high STR_1
   228  007E10  6E08               	movwf	LCD_WriteMsg@msg+1,c
   229  007E12  ECAD  F03F         	call	_LCD_WriteMsg	;wreg free
   230  007E16                     l9:
   231                           
   232                           ;main.c: 16: {
   233  007E16  D7FF               	goto	l9
   234  007E18                     __end_of_main:
   235                           	opt stack 0
   236                           tblptru	equ	0xFF8
   237                           
   238 ;; *************** function _LCD_WriteMsg *****************
   239 ;; Defined at:
   240 ;;		line 108 in file "LCD.c"
   241 ;; Parameters:    Size  Location     Type
   242 ;;  msg             2    6[COMRAM] PTR unsigned char 
   243 ;;		 -> STR_1(12), 
   244 ;; Auto vars:     Size  Location     Type
   245 ;;  i               1   16[COMRAM] unsigned char 
   246 ;;  j               1   15[COMRAM] unsigned char 
   247 ;;  charsLeft       1   14[COMRAM] unsigned char 
   248 ;;  msgSize         1   13[COMRAM] unsigned char 
   249 ;;  status          1   12[COMRAM] unsigned char 
   250 ;;  lcdColPos       1   11[COMRAM] unsigned char 
   251 ;;  lcdRowPos       1   10[COMRAM] unsigned char 
   252 ;; Return value:  Size  Location     Type
   253 ;;                  1    wreg      unsigned char 
   254 ;; Registers used:
   255 ;;		wreg, status,2, status,0, tblptrl, tblptrh, tblptru, prodl, prodh, cstack
   256 ;; Tracked objects:
   257 ;;		On entry : 0/0
   258 ;;		On exit  : 0/0
   259 ;;		Unchanged: 0/0
   260 ;; Data sizes:     COMRAM   BANK0   BANK1   BANK2   BANK3   BANK4   BANK5   BANK6   BANK7
   261 ;;      Params:         2       0       0       0       0       0       0       0       0
   262 ;;      Locals:         7       0       0       0       0       0       0       0       0
   263 ;;      Temps:          2       0       0       0       0       0       0       0       0
   264 ;;      Totals:        11       0       0       0       0       0       0       0       0
   265 ;;Total ram usage:       11 bytes
   266 ;; Hardware stack levels used:    1
   267 ;; Hardware stack levels required when called:    2
   268 ;; This function calls:
   269 ;;		_LCD_SetCursor
   270 ;;		_LCD_WriteByte
   271 ;;		_strlen
   272 ;; This function is called by:
   273 ;;		_main
   274 ;; This function uses a non-reentrant model
   275 ;;
   276                           
   277                           	psect	text1
   278  007F5A                     __ptext1:
   279                           	opt stack 0
   280  007F5A                     _LCD_WriteMsg:
   281                           	opt stack 28
   282                           
   283                           ;LCD.c: 110: UInt8_T i, j;
   284                           ;LCD.c: 111: UInt8_T msgSize;
   285                           ;LCD.c: 112: UInt8_T lcdRowPos;
   286                           ;LCD.c: 113: UInt8_T lcdColPos;
   287                           ;LCD.c: 114: UInt8_T charsLeft;
   288                           ;LCD.c: 115: UInt8_T status = 1;
   289                           
   290                           ;incstack = 0
   291  007F5A  0E01               	movlw	1
   292  007F5C  6E0D               	movwf	LCD_WriteMsg@status,c
   293                           
   294                           ;LCD.c: 117: msgSize = (UInt8_T)strlen(msg);
   295  007F5E  C007  F001         	movff	LCD_WriteMsg@msg,strlen@s
   296  007F62  C008  F002         	movff	LCD_WriteMsg@msg+1,strlen@s+1
   297  007F66  EC0C  F03F         	call	_strlen	;wreg free
   298  007F6A  5001               	movf	?_strlen,w,c
   299  007F6C  6E0E               	movwf	LCD_WriteMsg@msgSize,c
   300                           
   301                           ;LCD.c: 120: LCD_WriteByte(0x02, LCD_COMMAND_WRITE);
   302  007F6E  0E00               	movlw	0
   303  007F70  6E01               	movwf	LCD_WriteByte@CommandData,c
   304  007F72  0E02               	movlw	2
   305  007F74  EC52  F03F         	call	_LCD_WriteByte
   306                           
   307                           ;LCD.c: 121: LCD_WriteByte(0x01, LCD_COMMAND_WRITE);
   308  007F78  0E00               	movlw	0
   309  007F7A  6E01               	movwf	LCD_WriteByte@CommandData,c
   310  007F7C  0E01               	movlw	1
   311  007F7E  EC52  F03F         	call	_LCD_WriteByte
   312                           
   313                           ;LCD.c: 123: lcdRowPos = 0;
   314  007F82  0E00               	movlw	0
   315  007F84  6E0B               	movwf	LCD_WriteMsg@lcdRowPos,c
   316                           
   317                           ;LCD.c: 124: lcdColPos = 0;
   318  007F86  0E00               	movlw	0
   319  007F88  6E0C               	movwf	LCD_WriteMsg@lcdColPos,c
   320                           
   321                           ;LCD.c: 125: charsLeft = 0;
   322  007F8A  0E00               	movlw	0
   323  007F8C  6E0F               	movwf	LCD_WriteMsg@charsLeft,c
   324                           
   325                           ;LCD.c: 126: for(i = 0; i <= 1; i++)
   326  007F8E  0E00               	movlw	0
   327  007F90  6E11               	movwf	LCD_WriteMsg@i,c
   328  007F92                     l909:
   329  007F92  0E01               	movlw	1
   330  007F94  6411               	cpfsgt	LCD_WriteMsg@i,c
   331  007F96  D001               	goto	l913
   332  007F98  0012               	return	
   333  007F9A                     l913:
   334                           
   335                           ;LCD.c: 127: {
   336                           ;LCD.c: 128: if(LCD_SetCursor(i, 0))
   337  007F9A  0E00               	movlw	0
   338  007F9C  6E04               	movwf	LCD_SetCursor@col,c
   339  007F9E  5011               	movf	LCD_WriteMsg@i,w,c
   340  007FA0  EC2B  F03F         	call	_LCD_SetCursor
   341  007FA4  0900               	iorlw	0
   342  007FA6  B4D8               	btfsc	status,2,c
   343  007FA8  D027               	goto	l927
   344                           
   345                           ;LCD.c: 129: {
   346                           ;LCD.c: 130: for(j = 0; (charsLeft < msgSize) && (j < 16); j++)
   347  007FAA  0E00               	movlw	0
   348  007FAC  6E10               	movwf	LCD_WriteMsg@j,c
   349  007FAE  D01C               	goto	l923
   350  007FB0                     l917:
   351                           
   352                           ;LCD.c: 131: {
   353                           ;LCD.c: 132: LCD_WriteByte(*(msg + 16 * i + j), LCD_DATA_WRITE);
   354  007FB0  0E01               	movlw	1
   355  007FB2  6E01               	movwf	LCD_WriteByte@CommandData,c
   356  007FB4  5011               	movf	LCD_WriteMsg@i,w,c
   357  007FB6  0D10               	mullw	16
   358  007FB8  C007  F009         	movff	LCD_WriteMsg@msg,??_LCD_WriteMsg
   359  007FBC  C008  F00A         	movff	LCD_WriteMsg@msg+1,??_LCD_WriteMsg+1
   360  007FC0  50F3               	movf	prodl,w,c
   361  007FC2  2609               	addwf	??_LCD_WriteMsg,f,c
   362  007FC4  50F4               	movf	prodh,w,c
   363  007FC6  220A               	addwfc	??_LCD_WriteMsg+1,f,c
   364  007FC8  5010               	movf	LCD_WriteMsg@j,w,c
   365  007FCA  0D01               	mullw	1
   366  007FCC  50F3               	movf	prodl,w,c
   367  007FCE  2609               	addwf	??_LCD_WriteMsg,f,c
   368  007FD0  50F4               	movf	prodh,w,c
   369  007FD2  220A               	addwfc	??_LCD_WriteMsg+1,f,c
   370  007FD4  C009  FFF6         	movff	??_LCD_WriteMsg,tblptrl
   371  007FD8  C00A  FFF7         	movff	??_LCD_WriteMsg+1,tblptrh
   372  007FDC                     	if	0	;tblptru may be non-zero
   373  007FDC                     	endif
   374  007FDC                     	if	0	;tblptru may be non-zero
   375  007FDC                     	endif
   376  007FDC  0008               	tblrd		*
   377  007FDE  50F5               	movf	tablat,w,c
   378  007FE0  EC52  F03F         	call	_LCD_WriteByte
   379                           
   380                           ;LCD.c: 133: charsLeft++;
   381  007FE4  2A0F               	incf	LCD_WriteMsg@charsLeft,f,c
   382  007FE6  2A10               	incf	LCD_WriteMsg@j,f,c
   383  007FE8                     l923:
   384  007FE8  500E               	movf	LCD_WriteMsg@msgSize,w,c
   385  007FEA  5C0F               	subwf	LCD_WriteMsg@charsLeft,w,c
   386  007FEC  B0D8               	btfsc	status,0,c
   387  007FEE  D006               	goto	l929
   388  007FF0  0E0F               	movlw	15
   389  007FF2  6410               	cpfsgt	LCD_WriteMsg@j,c
   390  007FF4  D7DD               	goto	l917
   391  007FF6  D002               	goto	l929
   392  007FF8                     l927:
   393                           
   394                           ;LCD.c: 138: else
   395                           ;LCD.c: 139: {
   396                           ;LCD.c: 140: status = 0;
   397  007FF8  0E00               	movlw	0
   398  007FFA  6E0D               	movwf	LCD_WriteMsg@status,c
   399  007FFC                     l929:
   400  007FFC  2A11               	incf	LCD_WriteMsg@i,f,c
   401  007FFE  D7C9               	goto	l909
   402  008000                     __end_of_LCD_WriteMsg:
   403                           	opt stack 0
   404                           tblptru	equ	0xFF8
   405                           tblptrh	equ	0xFF7
   406                           tblptrl	equ	0xFF6
   407                           tablat	equ	0xFF5
   408                           prodh	equ	0xFF4
   409                           prodl	equ	0xFF3
   410                           status	equ	0xFD8
   411                           
   412 ;; *************** function _strlen *****************
   413 ;; Defined at:
   414 ;;		line 4 in file "C:\Program Files (x86)\Microchip\xc8\v1.42\sources\common\strlen.c"
   415 ;; Parameters:    Size  Location     Type
   416 ;;  s               2    0[COMRAM] PTR const unsigned char 
   417 ;;		 -> STR_1(12), 
   418 ;; Auto vars:     Size  Location     Type
   419 ;;  cp              2    4[COMRAM] PTR const unsigned char 
   420 ;;		 -> STR_1(12), 
   421 ;; Return value:  Size  Location     Type
   422 ;;                  2    0[COMRAM] unsigned int 
   423 ;; Registers used:
   424 ;;		wreg, status,2, status,0, tblptrl, tblptrh, tblptru
   425 ;; Tracked objects:
   426 ;;		On entry : 0/0
   427 ;;		On exit  : 0/0
   428 ;;		Unchanged: 0/0
   429 ;; Data sizes:     COMRAM   BANK0   BANK1   BANK2   BANK3   BANK4   BANK5   BANK6   BANK7
   430 ;;      Params:         2       0       0       0       0       0       0       0       0
   431 ;;      Locals:         2       0       0       0       0       0       0       0       0
   432 ;;      Temps:          2       0       0       0       0       0       0       0       0
   433 ;;      Totals:         6       0       0       0       0       0       0       0       0
   434 ;;Total ram usage:        6 bytes
   435 ;; Hardware stack levels used:    1
   436 ;; This function calls:
   437 ;;		Nothing
   438 ;; This function is called by:
   439 ;;		_LCD_WriteMsg
   440 ;; This function uses a non-reentrant model
   441 ;;
   442                           
   443                           	psect	text2
   444  007E18                     __ptext2:
   445                           	opt stack 0
   446  007E18                     _strlen:
   447                           	opt stack 29
   448                           
   449                           ;incstack = 0
   450  007E18  C001  F005         	movff	strlen@s,strlen@cp
   451  007E1C  C002  F006         	movff	strlen@s+1,strlen@cp+1
   452  007E20  D002               	goto	l865
   453  007E22                     l863:
   454  007E22  4A05               	infsnz	strlen@cp,f,c
   455  007E24  2A06               	incf	strlen@cp+1,f,c
   456  007E26                     l865:
   457  007E26  C005  FFF6         	movff	strlen@cp,tblptrl
   458  007E2A  C006  FFF7         	movff	strlen@cp+1,tblptrh
   459  007E2E                     	if	0	;tblptru may be non-zero
   460  007E2E                     	endif
   461  007E2E                     	if	0	;tblptru may be non-zero
   462  007E2E                     	endif
   463  007E2E  0008               	tblrd		*
   464  007E30  50F5               	movf	tablat,w,c
   465  007E32  0900               	iorlw	0
   466  007E34  A4D8               	btfss	status,2,c
   467  007E36  D7F5               	goto	l863
   468  007E38  C001  F003         	movff	strlen@s,??_strlen
   469  007E3C  C002  F004         	movff	strlen@s+1,??_strlen+1
   470  007E40  1E03               	comf	??_strlen,f,c
   471  007E42  1E04               	comf	??_strlen+1,f,c
   472  007E44  4A03               	infsnz	??_strlen,f,c
   473  007E46  2A04               	incf	??_strlen+1,f,c
   474  007E48  5005               	movf	strlen@cp,w,c
   475  007E4A  2403               	addwf	??_strlen,w,c
   476  007E4C  6E01               	movwf	?_strlen,c
   477  007E4E  5006               	movf	strlen@cp+1,w,c
   478  007E50  2004               	addwfc	??_strlen+1,w,c
   479  007E52  6E02               	movwf	?_strlen+1,c
   480  007E54  0012               	return	
   481  007E56                     __end_of_strlen:
   482                           	opt stack 0
   483                           tblptru	equ	0xFF8
   484                           tblptrh	equ	0xFF7
   485                           tblptrl	equ	0xFF6
   486                           tablat	equ	0xFF5
   487                           prodh	equ	0xFF4
   488                           prodl	equ	0xFF3
   489                           status	equ	0xFD8
   490                           
   491 ;; *************** function _LCD_SetCursor *****************
   492 ;; Defined at:
   493 ;;		line 22 in file "LCD.c"
   494 ;; Parameters:    Size  Location     Type
   495 ;;  row             1    wreg     unsigned char 
   496 ;;  col             1    3[COMRAM] unsigned char 
   497 ;; Auto vars:     Size  Location     Type
   498 ;;  row             1    4[COMRAM] unsigned char 
   499 ;; Return value:  Size  Location     Type
   500 ;;                  1    wreg      unsigned char 
   501 ;; Registers used:
   502 ;;		wreg, status,2, status,0, cstack
   503 ;; Tracked objects:
   504 ;;		On entry : 0/0
   505 ;;		On exit  : 0/0
   506 ;;		Unchanged: 0/0
   507 ;; Data sizes:     COMRAM   BANK0   BANK1   BANK2   BANK3   BANK4   BANK5   BANK6   BANK7
   508 ;;      Params:         1       0       0       0       0       0       0       0       0
   509 ;;      Locals:         1       0       0       0       0       0       0       0       0
   510 ;;      Temps:          0       0       0       0       0       0       0       0       0
   511 ;;      Totals:         2       0       0       0       0       0       0       0       0
   512 ;;Total ram usage:        2 bytes
   513 ;; Hardware stack levels used:    1
   514 ;; Hardware stack levels required when called:    1
   515 ;; This function calls:
   516 ;;		_LCD_WriteByte
   517 ;; This function is called by:
   518 ;;		_LCD_WriteMsg
   519 ;; This function uses a non-reentrant model
   520 ;;
   521                           
   522                           	psect	text3
   523  007E56                     __ptext3:
   524                           	opt stack 0
   525  007E56                     _LCD_SetCursor:
   526                           	opt stack 28
   527                           
   528                           ;incstack = 0
   529                           ;LCD_SetCursor@row stored from wreg
   530  007E56  6E05               	movwf	LCD_SetCursor@row,c
   531                           
   532                           ;LCD.c: 24: if ((col > 16) || (row > 1))
   533  007E58  0E11               	movlw	17
   534  007E5A  6004               	cpfslt	LCD_SetCursor@col,c
   535  007E5C  D003               	goto	l841
   536  007E5E  0E01               	movlw	1
   537  007E60  6405               	cpfsgt	LCD_SetCursor@row,c
   538  007E62  D016               	goto	l855
   539  007E64                     l841:
   540                           
   541                           ;LCD.c: 25: {
   542                           ;LCD.c: 26: return (0);
   543  007E64  0E00               	movlw	0
   544                           
   545                           ;LCD.c: 27: }
   546  007E66  0012               	return	
   547  007E68                     l847:
   548                           
   549                           ;LCD.c: 34: LCD_WriteByte((UInt8_T)(0x80 + col), LCD_COMMAND_WRITE);
   550  007E68  0E00               	movlw	0
   551  007E6A  6E01               	movwf	LCD_WriteByte@CommandData,c
   552  007E6C  5004               	movf	LCD_SetCursor@col,w,c
   553  007E6E  0F80               	addlw	128
   554  007E70  EC52  F03F         	call	_LCD_WriteByte
   555                           
   556                           ;LCD.c: 35: break;
   557  007E74  D015               	goto	l857
   558  007E76                     l849:
   559                           
   560                           ;LCD.c: 37: LCD_WriteByte((UInt8_T)(0x80 + 0x40 + col), LCD_COMMAND_WRITE);
   561  007E76  0E00               	movlw	0
   562  007E78  6E01               	movwf	LCD_WriteByte@CommandData,c
   563  007E7A  5004               	movf	LCD_SetCursor@col,w,c
   564  007E7C  0FC0               	addlw	192
   565  007E7E  EC52  F03F         	call	_LCD_WriteByte
   566                           
   567                           ;LCD.c: 38: break;
   568  007E82  D00E               	goto	l857
   569  007E84                     l851:
   570                           
   571                           ;LCD.c: 40: LCD_WriteByte(0x02, LCD_COMMAND_WRITE);
   572  007E84  0E00               	movlw	0
   573  007E86  6E01               	movwf	LCD_WriteByte@CommandData,c
   574  007E88  0E02               	movlw	2
   575  007E8A  EC52  F03F         	call	_LCD_WriteByte
   576                           
   577                           ;LCD.c: 42: }
   578                           
   579                           ;LCD.c: 41: break;
   580  007E8E  D008               	goto	l857
   581  007E90                     l855:
   582  007E90  5005               	movf	LCD_SetCursor@row,w,c
   583                           
   584                           ; Switch size 1, requested type "space"
   585                           ; Number of cases is 2, Range of values is 0 to 1
   586                           ; switch strategies available:
   587                           ; Name         Instructions Cycles
   588                           ; simple_byte            7     4 (average)
   589                           ;	Chosen strategy is simple_byte
   590  007E92  0A00               	xorlw	0	; case 0
   591  007E94  B4D8               	btfsc	status,2,c
   592  007E96  D7E8               	goto	l847
   593  007E98  0A01               	xorlw	1	; case 1
   594  007E9A  B4D8               	btfsc	status,2,c
   595  007E9C  D7EC               	goto	l849
   596  007E9E  D7F2               	goto	l851
   597  007EA0                     l857:
   598                           
   599                           ;LCD.c: 44: return (1);
   600  007EA0  0E01               	movlw	1
   601  007EA2  0012               	return	
   602  007EA4                     __end_of_LCD_SetCursor:
   603                           	opt stack 0
   604                           tblptru	equ	0xFF8
   605                           tblptrh	equ	0xFF7
   606                           tblptrl	equ	0xFF6
   607                           tablat	equ	0xFF5
   608                           prodh	equ	0xFF4
   609                           prodl	equ	0xFF3
   610                           status	equ	0xFD8
   611                           
   612 ;; *************** function _LCD_Init *****************
   613 ;; Defined at:
   614 ;;		line 160 in file "LCD.c"
   615 ;; Parameters:    Size  Location     Type
   616 ;;		None
   617 ;; Auto vars:     Size  Location     Type
   618 ;;		None
   619 ;; Return value:  Size  Location     Type
   620 ;;                  1    wreg      unsigned char 
   621 ;; Registers used:
   622 ;;		wreg, status,2, status,0, cstack
   623 ;; Tracked objects:
   624 ;;		On entry : 0/0
   625 ;;		On exit  : 0/0
   626 ;;		Unchanged: 0/0
   627 ;; Data sizes:     COMRAM   BANK0   BANK1   BANK2   BANK3   BANK4   BANK5   BANK6   BANK7
   628 ;;      Params:         0       0       0       0       0       0       0       0       0
   629 ;;      Locals:         0       0       0       0       0       0       0       0       0
   630 ;;      Temps:          1       0       0       0       0       0       0       0       0
   631 ;;      Totals:         1       0       0       0       0       0       0       0       0
   632 ;;Total ram usage:        1 bytes
   633 ;; Hardware stack levels used:    1
   634 ;; Hardware stack levels required when called:    1
   635 ;; This function calls:
   636 ;;		_LCD_WriteByte
   637 ;; This function is called by:
   638 ;;		_main
   639 ;; This function uses a non-reentrant model
   640 ;;
   641                           
   642                           	psect	text4
   643  007EF8                     __ptext4:
   644                           	opt stack 0
   645  007EF8                     _LCD_Init:
   646                           	opt stack 29
   647                           
   648                           ;LCD.c: 162: ANSELA = 0;
   649                           
   650                           ;incstack = 0
   651  007EF8  0E00               	movlw	0
   652  007EFA  010F               	movlb	15	; () banked
   653  007EFC  6F5B               	movwf	91,b	;volatile
   654                           
   655                           ;LCD.c: 163: ANSELD = 0;
   656  007EFE  0E00               	movlw	0
   657  007F00  010F               	movlb	15	; () banked
   658  007F02  6F5E               	movwf	94,b	;volatile
   659                           
   660                           ;LCD.c: 165: TRISA = 0;
   661  007F04  0E00               	movlw	0
   662  007F06  6E92               	movwf	3986,c	;volatile
   663                           
   664                           ;LCD.c: 166: LATA = 0;
   665  007F08  0E00               	movlw	0
   666  007F0A  6E89               	movwf	3977,c	;volatile
   667                           
   668                           ;LCD.c: 168: TRISD = 0;
   669  007F0C  0E00               	movlw	0
   670  007F0E  6E95               	movwf	3989,c	;volatile
   671                           
   672                           ;LCD.c: 169: LATD = 0;
   673  007F10  0E00               	movlw	0
   674  007F12  6E8C               	movwf	3980,c	;volatile
   675                           
   676                           ; BSR set to: 15
   677                           ;LCD.c: 174: LATAbits.LATA0 = 0;
   678  007F14  9089               	bcf	3977,0,c	;volatile
   679                           
   680                           ; BSR set to: 15
   681                           ;LCD.c: 175: LATAbits.LATA1 = 0;
   682  007F16  9289               	bcf	3977,1,c	;volatile
   683                           
   684                           ;LCD.c: 176: LATD = 0x20;
   685  007F18  0E20               	movlw	32
   686  007F1A  6E8C               	movwf	3980,c	;volatile
   687                           
   688                           ; BSR set to: 15
   689                           ;LCD.c: 177: LATAbits.LATA2 = 1;
   690  007F1C  8489               	bsf	3977,2,c	;volatile
   691                           
   692                           ; BSR set to: 15
   693                           ;LCD.c: 178: _delay((unsigned long)((5)*(16000000/4000.0)));
   694  007F1E  0E1A               	movlw	26
   695  007F20  6E04               	movwf	??_LCD_Init& (0+255),c
   696  007F22  0EF8               	movlw	248
   697  007F24                     u177:
   698  007F24  2EE8               	decfsz	wreg,f,c
   699  007F26  D7FE               	bra	u177
   700  007F28  2E04               	decfsz	??_LCD_Init& (0+255),f,c
   701  007F2A  D7FC               	bra	u177
   702  007F2C  D000               	nop2	
   703                           
   704                           ;LCD.c: 179: LATAbits.LATA2 = 0;
   705  007F2E  9489               	bcf	3977,2,c	;volatile
   706                           
   707                           ;LCD.c: 181: LCD_WriteByte(0x28, LCD_COMMAND_WRITE);
   708  007F30  0E00               	movlw	0
   709  007F32  6E01               	movwf	LCD_WriteByte@CommandData,c
   710  007F34  0E28               	movlw	40
   711  007F36  EC52  F03F         	call	_LCD_WriteByte
   712                           
   713                           ;LCD.c: 184: LCD_WriteByte(0x0F, LCD_COMMAND_WRITE);
   714  007F3A  0E00               	movlw	0
   715  007F3C  6E01               	movwf	LCD_WriteByte@CommandData,c
   716  007F3E  0E0F               	movlw	15
   717  007F40  EC52  F03F         	call	_LCD_WriteByte
   718                           
   719                           ;LCD.c: 185: LCD_WriteByte(0x02, LCD_COMMAND_WRITE);
   720  007F44  0E00               	movlw	0
   721  007F46  6E01               	movwf	LCD_WriteByte@CommandData,c
   722  007F48  0E02               	movlw	2
   723  007F4A  EC52  F03F         	call	_LCD_WriteByte
   724                           
   725                           ;LCD.c: 186: LCD_WriteByte(0x01, LCD_COMMAND_WRITE);
   726  007F4E  0E00               	movlw	0
   727  007F50  6E01               	movwf	LCD_WriteByte@CommandData,c
   728  007F52  0E01               	movlw	1
   729  007F54  EC52  F03F         	call	_LCD_WriteByte
   730  007F58  0012               	return	
   731  007F5A                     __end_of_LCD_Init:
   732                           	opt stack 0
   733                           tblptru	equ	0xFF8
   734                           tblptrh	equ	0xFF7
   735                           tblptrl	equ	0xFF6
   736                           tablat	equ	0xFF5
   737                           prodh	equ	0xFF4
   738                           prodl	equ	0xFF3
   739                           wreg	equ	0xFE8
   740                           status	equ	0xFD8
   741                           
   742 ;; *************** function _LCD_WriteByte *****************
   743 ;; Defined at:
   744 ;;		line 61 in file "LCD.c"
   745 ;; Parameters:    Size  Location     Type
   746 ;;  InputValue      1    wreg     unsigned char 
   747 ;;  CommandData     1    0[COMRAM] enum E5880
   748 ;; Auto vars:     Size  Location     Type
   749 ;;  InputValue      1    2[COMRAM] unsigned char 
   750 ;; Return value:  Size  Location     Type
   751 ;;                  1    wreg      void 
   752 ;; Registers used:
   753 ;;		wreg, status,2, status,0
   754 ;; Tracked objects:
   755 ;;		On entry : 0/0
   756 ;;		On exit  : 0/0
   757 ;;		Unchanged: 0/0
   758 ;; Data sizes:     COMRAM   BANK0   BANK1   BANK2   BANK3   BANK4   BANK5   BANK6   BANK7
   759 ;;      Params:         1       0       0       0       0       0       0       0       0
   760 ;;      Locals:         1       0       0       0       0       0       0       0       0
   761 ;;      Temps:          1       0       0       0       0       0       0       0       0
   762 ;;      Totals:         3       0       0       0       0       0       0       0       0
   763 ;;Total ram usage:        3 bytes
   764 ;; Hardware stack levels used:    1
   765 ;; This function calls:
   766 ;;		Nothing
   767 ;; This function is called by:
   768 ;;		_LCD_SetCursor
   769 ;;		_LCD_WriteMsg
   770 ;;		_LCD_Init
   771 ;; This function uses a non-reentrant model
   772 ;;
   773                           
   774                           	psect	text5
   775  007EA4                     __ptext5:
   776                           	opt stack 0
   777  007EA4                     _LCD_WriteByte:
   778                           	opt stack 29
   779                           
   780                           ;incstack = 0
   781                           ;LCD_WriteByte@InputValue stored from wreg
   782  007EA4  6E03               	movwf	LCD_WriteByte@InputValue,c
   783                           
   784                           ;LCD.c: 63: switch (CommandData)
   785  007EA6  D004               	goto	l821
   786  007EA8                     l50:
   787                           
   788                           ;LCD.c: 66: LATAbits.LATA0 = 0;
   789  007EA8  9089               	bcf	3977,0,c	;volatile
   790                           
   791                           ;LCD.c: 67: break;
   792  007EAA  D009               	goto	l51
   793  007EAC                     l52:
   794                           
   795                           ;LCD.c: 70: LATAbits.LATA0 = 1;
   796  007EAC  8089               	bsf	3977,0,c	;volatile
   797                           
   798                           ;LCD.c: 75: }
   799                           
   800                           ;LCD.c: 74: break;
   801                           
   802                           ;LCD.c: 73: default:
   803                           
   804                           ;LCD.c: 71: break;
   805  007EAE  D007               	goto	l51
   806  007EB0                     l821:
   807  007EB0  5001               	movf	LCD_WriteByte@CommandData,w,c
   808                           
   809                           ; Switch size 1, requested type "space"
   810                           ; Number of cases is 2, Range of values is 0 to 1
   811                           ; switch strategies available:
   812                           ; Name         Instructions Cycles
   813                           ; simple_byte            7     4 (average)
   814                           ;	Chosen strategy is simple_byte
   815  007EB2  0A00               	xorlw	0	; case 0
   816  007EB4  B4D8               	btfsc	status,2,c
   817  007EB6  D7F8               	goto	l50
   818  007EB8  0A01               	xorlw	1	; case 1
   819  007EBA  B4D8               	btfsc	status,2,c
   820  007EBC  D7F7               	goto	l52
   821  007EBE                     l51:
   822                           
   823                           ;LCD.c: 77: R_W = 0;
   824  007EBE  94C7               	bcf	4039,2,c	;volatile
   825                           
   826                           ;LCD.c: 85: LATD = (UInt8_T)(InputValue & 0xF0);
   827  007EC0  5003               	movf	LCD_WriteByte@InputValue,w,c
   828  007EC2  0BF0               	andlw	240
   829  007EC4  6E8C               	movwf	3980,c	;volatile
   830                           
   831                           ;LCD.c: 86: LATAbits.LATA2 = 1;
   832  007EC6  8489               	bsf	3977,2,c	;volatile
   833                           
   834                           ;LCD.c: 87: _delay((unsigned long)((5)*(16000000/4000.0)));
   835  007EC8  0E1A               	movlw	26
   836  007ECA  6E02               	movwf	??_LCD_WriteByte& (0+255),c
   837  007ECC  0EF8               	movlw	248
   838  007ECE                     u187:
   839  007ECE  2EE8               	decfsz	wreg,f,c
   840  007ED0  D7FE               	bra	u187
   841  007ED2  2E02               	decfsz	??_LCD_WriteByte& (0+255),f,c
   842  007ED4  D7FC               	bra	u187
   843  007ED6  D000               	nop2	
   844                           
   845                           ;LCD.c: 88: LATAbits.LATA2 = 0;
   846  007ED8  9489               	bcf	3977,2,c	;volatile
   847                           
   848                           ;LCD.c: 90: LATD = (UInt8_T)((InputValue << 4) & 0xF0);
   849  007EDA  3803               	swapf	LCD_WriteByte@InputValue,w,c
   850  007EDC  0BF0               	andlw	240
   851  007EDE  0BF0               	andlw	240
   852  007EE0  6E8C               	movwf	3980,c	;volatile
   853                           
   854                           ;LCD.c: 91: LATAbits.LATA2 = 1;
   855  007EE2  8489               	bsf	3977,2,c	;volatile
   856                           
   857                           ;LCD.c: 92: _delay((unsigned long)((5)*(16000000/4000.0)));
   858  007EE4  0E1A               	movlw	26
   859  007EE6  6E02               	movwf	??_LCD_WriteByte& (0+255),c
   860  007EE8  0EF8               	movlw	248
   861  007EEA                     u197:
   862  007EEA  2EE8               	decfsz	wreg,f,c
   863  007EEC  D7FE               	bra	u197
   864  007EEE  2E02               	decfsz	??_LCD_WriteByte& (0+255),f,c
   865  007EF0  D7FC               	bra	u197
   866  007EF2  D000               	nop2	
   867                           
   868                           ;LCD.c: 93: LATAbits.LATA2 = 0;
   869  007EF4  9489               	bcf	3977,2,c	;volatile
   870  007EF6  0012               	return		;funcret
   871  007EF8                     __end_of_LCD_WriteByte:
   872                           	opt stack 0
   873                           tblptru	equ	0xFF8
   874                           tblptrh	equ	0xFF7
   875                           tblptrl	equ	0xFF6
   876                           tablat	equ	0xFF5
   877                           prodh	equ	0xFF4
   878                           prodl	equ	0xFF3
   879                           wreg	equ	0xFE8
   880                           status	equ	0xFD8
   881                           tblptru	equ	0xFF8
   882                           tblptrh	equ	0xFF7
   883                           tblptrl	equ	0xFF6
   884                           tablat	equ	0xFF5
   885                           prodh	equ	0xFF4
   886                           prodl	equ	0xFF3
   887                           wreg	equ	0xFE8
   888                           status	equ	0xFD8
   889                           
   890                           	psect	rparam
   891  0000                     tblptru	equ	0xFF8
   892                           tblptrh	equ	0xFF7
   893                           tblptrl	equ	0xFF6
   894                           tablat	equ	0xFF5
   895                           prodh	equ	0xFF4
   896                           prodl	equ	0xFF3
   897                           wreg	equ	0xFE8
   898                           status	equ	0xFD8


Data Sizes:
    Strings     12
    Constant    0
    Data        0
    BSS         0
    Persistent  0
    Stack       0

Auto Spaces:
    Space          Size  Autos    Used
    COMRAM           95     17      17
    BANK0           160      0       0
    BANK1           256      0       0
    BANK2           256      0       0
    BANK3           256      0       0
    BANK4           256      0       0
    BANK5           256      0       0
    BANK6           256      0       0
    BANK7           256      0       0

Pointer List with Targets:

    strlen@s	PTR const unsigned char  size(2) Largest target is 12
		 -> STR_1(CODE[12]), 

    strlen@cp	PTR const unsigned char  size(2) Largest target is 12
		 -> STR_1(CODE[12]), 

    LCD_WriteMsg@msg	PTR unsigned char  size(2) Largest target is 12
		 -> STR_1(CODE[12]), 


Critical Paths under _main in COMRAM

    _main->_LCD_WriteMsg
    _LCD_WriteMsg->_strlen
    _LCD_SetCursor->_LCD_WriteByte
    _LCD_Init->_LCD_WriteByte

Critical Paths under _main in BANK0

    None.

Critical Paths under _main in BANK1

    None.

Critical Paths under _main in BANK2

    None.

Critical Paths under _main in BANK3

    None.

Critical Paths under _main in BANK4

    None.

Critical Paths under _main in BANK5

    None.

Critical Paths under _main in BANK6

    None.

Critical Paths under _main in BANK7

    None.

Call Graph Tables:

 ---------------------------------------------------------------------------------
 (Depth) Function   	        Calls       Base Space   Used Autos Params    Refs
 ---------------------------------------------------------------------------------
 (0) _main                                                 0     0      0    3143
                           _LCD_Init
                       _LCD_WriteMsg
 ---------------------------------------------------------------------------------
 (1) _LCD_WriteMsg                                        11     9      2    2317
                                              6 COMRAM    11     9      2
                      _LCD_SetCursor
                      _LCD_WriteByte
                             _strlen
 ---------------------------------------------------------------------------------
 (2) _strlen                                               6     4      2     166
                                              0 COMRAM     6     4      2
 ---------------------------------------------------------------------------------
 (2) _LCD_SetCursor                                        2     1      1    1012
                                              3 COMRAM     2     1      1
                      _LCD_WriteByte
 ---------------------------------------------------------------------------------
 (1) _LCD_Init                                             1     1      0     826
                                              3 COMRAM     1     1      0
                      _LCD_WriteByte
 ---------------------------------------------------------------------------------
 (2) _LCD_WriteByte                                        3     2      1     826
                                              0 COMRAM     3     2      1
 ---------------------------------------------------------------------------------
 Estimated maximum stack depth 2
 ---------------------------------------------------------------------------------

 Call Graph Graphs:

 _main (ROOT)
   _LCD_Init
     _LCD_WriteByte
   _LCD_WriteMsg
     _LCD_SetCursor
       _LCD_WriteByte
     _LCD_WriteByte
     _strlen

 Address spaces:
Name               Size   Autos  Total    Cost      Usage
BITCOMRAM           5F      0       0       0        0.0%
EEDATA             100      0       0       0        0.0%
NULL                 0      0       0       0        0.0%
CODE                 0      0       0       0        0.0%
COMRAM              5F     11      11       1       17.9%
STACK                0      0       0       2        0.0%
DATA                 0      0       0       3        0.0%
BITBANK0            A0      0       0       4        0.0%
BANK0               A0      0       0       5        0.0%
ABS                  0      0       0       6        0.0%
BITBANK1           100      0       0       7        0.0%
BANK1              100      0       0       8        0.0%
BITBANK2           100      0       0       9        0.0%
BANK2              100      0       0      10        0.0%
BITBANK3           100      0       0      11        0.0%
BANK3              100      0       0      12        0.0%
BITBANK4           100      0       0      13        0.0%
BANK4              100      0       0      14        0.0%
BITBANK5           100      0       0      15        0.0%
BANK5              100      0       0      16        0.0%
BITBANK6           100      0       0      17        0.0%
BANK6              100      0       0      18        0.0%
BITBANK7           100      0       0      19        0.0%
BANK7              100      0       0      20        0.0%
BIGRAM             7FF      0       0      21        0.0%
BITSFR_1             0      0       0     200        0.0%
SFR_1                0      0       0     200        0.0%
BITSFR               0      0       0     200        0.0%
SFR                  0      0       0     200        0.0%


Microchip Technology PIC18 Macro Assembler V1.42 build -159332390 
Symbol Table                                                                                   Mon Apr 02 19:00:00 2018

                       l9 7E16                        l50 7EA8                        l51 7EBE  
                      l52 7EAC             _LCD_SetCursor 7E56                       l821 7EB0  
                     l841 7E64                       l913 7F9A                       l851 7E84  
                     l923 7FE8                       l917 7FB0                       l909 7F92  
                     l847 7E68                       l855 7E90                       l863 7E22  
                     l927 7FF8                       l849 7E76                       l857 7EA0  
                     l865 7E26                       l929 7FFC                       u177 7F24  
                     u187 7ECE                       u197 7EEA                       _R_W 007E3A  
                     wreg 000FE8                      STR_1 1005                      _LATA 000F89  
                    _LATD 000F8C                      _main 7E06                      prodh 000FF4  
                    prodl 000FF3                      start 1000             ?_LCD_WriteMsg 0007  
           _LCD_WriteByte 7EA4              ___param_bank 000000          __end_of_LCD_Init 7F5A  
          ?_LCD_SetCursor 0004                     ?_main 0001                     _TRISA 000F92  
                   _TRISD 000F95                     tablat 000FF5                     status 000FD8  
          ??_LCD_WriteMsg 0009            ?_LCD_WriteByte 0001           __initialization 7DFC  
            __end_of_main 7E18                    ??_main 0012             __activetblptr 000002  
                  _ANSELA 000F5B                    _ANSELD 000F5E  LCD_WriteByte@CommandData 0001  
         ??_LCD_SetCursor 0005                    _strlen 7E18              __mediumconst 0000  
                  tblptrh 000FF7                    tblptrl 000FF6                    tblptru 000FF8  
              __accesstop 0060   __end_of__initialization 7DFC                 ?_LCD_Init 0001  
         ??_LCD_WriteByte 0002             ___rparam_used 000001            __pcstackCOMRAM 0001  
    __end_of_LCD_WriteMsg 8000                ??_LCD_Init 0004                   ?_strlen 0001  
   LCD_WriteMsg@charsLeft 000F     LCD_WriteMsg@lcdColPos 000C     LCD_WriteMsg@lcdRowPos 000B  
                 __Hparam 0000                   __Lparam 0000             LCD_WriteMsg@i 0011  
           LCD_WriteMsg@j 0010              __psmallconst 1004                   __pcinit 7DFC  
                 __ramtop 0800                   __ptext0 7E06                   __ptext1 7F5A  
                 __ptext2 7E18                   __ptext3 7E56                   __ptext4 7EF8  
                 __ptext5 7EA4           __size_of_strlen 003E      end_of_initialization 7DFC  
        LCD_SetCursor@col 0004          LCD_SetCursor@row 0005             __Lmediumconst 0000  
                 strlen@s 0001     __size_of_LCD_WriteMsg 00A6         __size_of_LCD_Init 0062  
            _LCD_WriteMsg 7F5A     __end_of_LCD_SetCursor 7EA4            __end_of_strlen 7E56  
     start_initialization 7DFC     __end_of_LCD_WriteByte 7EF8           LCD_WriteMsg@msg 0007  
                ??_strlen 0003   LCD_WriteByte@InputValue 0003               __smallconst 1004  
                _LCD_Init 7EF8                  _LATAbits 000F89                  __Hrparam 0000  
                __Lrparam 0000             __size_of_main 0012       LCD_WriteMsg@msgSize 000E  
  __size_of_LCD_SetCursor 004E        LCD_WriteMsg@status 000D                  strlen@cp 0005  
  __size_of_LCD_WriteByte 0054  
